@!@!@STARTMSG 2262:0 @!@!@
TLC2 Version 2.16 of 31 December 2020 (rev: cdddf55)
@!@!@ENDMSG 2262 @!@!@
@!@!@STARTMSG 2187:0 @!@!@
Running breadth-first search Model-Checking with fp 110 and seed 5302505389681046350 with 4 workers on 8 cores with 1774MB heap and 3986MB offheap memory [pid: 236490] (Linux 5.19.0-38-generic amd64, AdoptOpenJDK 14.0.1 x86_64, OffHeapDiskFPSet, DiskStateQueue).
@!@!@ENDMSG 2187 @!@!@
@!@!@STARTMSG 2220:0 @!@!@
Starting SANY...
@!@!@ENDMSG 2220 @!@!@
Parsing file /home/kelvin/University/pcd/assignment-01/src/main/tla/cliVerification.toolbox/Model_2/MC.tla
Parsing file /home/kelvin/University/pcd/assignment-01/src/main/tla/cliVerification.toolbox/Model_2/cliVerification.tla
Parsing file /opt/toolbox/plugins/org.lamport.tlatools_1.0.0.202012311918/tla2sany/StandardModules/TLC.tla
Parsing file /opt/toolbox/plugins/org.lamport.tlatools_1.0.0.202012311918/tla2sany/StandardModules/Integers.tla
Parsing file /opt/toolbox/plugins/org.lamport.tlatools_1.0.0.202012311918/tla2sany/StandardModules/Sequences.tla
Parsing file /opt/toolbox/plugins/org.lamport.tlatools_1.0.0.202012311918/tla2sany/StandardModules/Naturals.tla
Parsing file /opt/toolbox/plugins/org.lamport.tlatools_1.0.0.202012311918/tla2sany/StandardModules/FiniteSets.tla
Semantic processing of module Naturals
Semantic processing of module Sequences
Semantic processing of module FiniteSets
Semantic processing of module TLC
Semantic processing of module Integers
Semantic processing of module cliVerification
Semantic processing of module MC
@!@!@STARTMSG 2219:0 @!@!@
SANY finished.
@!@!@ENDMSG 2219 @!@!@
@!@!@STARTMSG 2185:0 @!@!@
Starting... (2023-04-11 03:05:17)
@!@!@ENDMSG 2185 @!@!@
@!@!@STARTMSG 2212:0 @!@!@
Implied-temporal checking--satisfiability problem has 3 branches.
@!@!@ENDMSG 2212 @!@!@
@!@!@STARTMSG 2189:0 @!@!@
Computing initial states...
@!@!@ENDMSG 2189 @!@!@
@!@!@STARTMSG 2190:0 @!@!@
Finished computing initial states: 1 distinct state generated at 2023-04-11 03:05:19.
@!@!@ENDMSG 2190 @!@!@
@!@!@STARTMSG 2200:0 @!@!@
Progress(80) at 2023-04-11 03:05:20: 884 states generated, 662 distinct states found, 0 states left on queue.
@!@!@ENDMSG 2200 @!@!@
@!@!@STARTMSG 2192:0 @!@!@
Checking 3 branches of temporal properties for the complete state space with 1986 total distinct states at (2023-04-11 03:05:20)
@!@!@ENDMSG 2192 @!@!@
@!@!@STARTMSG 2116:1 @!@!@
Temporal properties were violated.

@!@!@ENDMSG 2116 @!@!@
@!@!@STARTMSG 2264:1 @!@!@
The following behavior constitutes a counter-example:

@!@!@ENDMSG 2264 @!@!@
@!@!@STARTMSG 2217:4 @!@!@
1: <Initial predicate>
/\ counter = <<0, 0, 0>>
/\ pc = (0 :> "set_latch" @@ 1 :> "Count" @@ 2 :> "Count")
/\ temp = (0 :> 0 @@ 1 :> 0 @@ 2 :> 0)
/\ current_file = <<0, 0>>
/\ termination_latch = 0
/\ batches = <<<<>>, <<>>>>
/\ length = (0 :> -1 @@ 1 :> -1 @@ 2 :> -1)
/\ mutex = 1
/\ batch = <<<<>>, <<>>>>
/\ stack = (0 :> <<>> @@ 1 :> <<>> @@ 2 :> <<>>)

@!@!@ENDMSG 2217 @!@!@
@!@!@STARTMSG 2217:4 @!@!@
2: <set_latch line 175, col 14 to line 182, col 44 of module cliVerification>
/\ counter = <<0, 0, 0>>
/\ pc = (0 :> "batch_1" @@ 1 :> "Count" @@ 2 :> "Count")
/\ temp = (0 :> 0 @@ 1 :> 0 @@ 2 :> 0)
/\ current_file = <<0, 0>>
/\ termination_latch = 2
/\ batches = <<<<>>, <<>>>>
/\ length = (0 :> -1 @@ 1 :> -1 @@ 2 :> -1)
/\ mutex = 1
/\ batch = <<<<>>, <<>>>>
/\ stack = ( 0 :> <<[pc |-> "attending", procedure |-> "distribute"]>> @@
  1 :> <<>> @@
  2 :> <<>> )

@!@!@ENDMSG 2217 @!@!@
@!@!@STARTMSG 2217:4 @!@!@
3: <batch_1 line 120, col 18 to line 124, col 69 of module cliVerification>
/\ counter = <<0, 0, 0>>
/\ pc = (0 :> "batch_2" @@ 1 :> "Count" @@ 2 :> "Count")
/\ temp = (0 :> 0 @@ 1 :> 0 @@ 2 :> 0)
/\ current_file = <<0, 0>>
/\ termination_latch = 2
/\ batches = <<<<2, 4, 5, 10, 3, 14>>, <<>>>>
/\ length = (0 :> -1 @@ 1 :> -1 @@ 2 :> -1)
/\ mutex = 1
/\ batch = <<<<>>, <<>>>>
/\ stack = ( 0 :> <<[pc |-> "attending", procedure |-> "distribute"]>> @@
  1 :> <<>> @@
  2 :> <<>> )

@!@!@ENDMSG 2217 @!@!@
@!@!@STARTMSG 2217:4 @!@!@
4: <batch_2 line 126, col 18 to line 130, col 69 of module cliVerification>
/\ counter = <<0, 0, 0>>
/\ pc = (0 :> "Error" @@ 1 :> "Count" @@ 2 :> "Count")
/\ temp = (0 :> 0 @@ 1 :> 0 @@ 2 :> 0)
/\ current_file = <<0, 0>>
/\ termination_latch = 2
/\ batches = <<<<2, 4, 5, 10, 3, 14>>, <<3, 5, 1, 7, 9, 4>>>>
/\ length = (0 :> -1 @@ 1 :> -1 @@ 2 :> -1)
/\ mutex = 1
/\ batch = <<<<>>, <<>>>>
/\ stack = ( 0 :> <<[pc |-> "attending", procedure |-> "distribute"]>> @@
  1 :> <<>> @@
  2 :> <<>> )

@!@!@ENDMSG 2217 @!@!@
@!@!@STARTMSG 2217:4 @!@!@
5: <Count line 198, col 16 to line 203, col 67 of module cliVerification>
/\ counter = <<0, 0, 0>>
/\ pc = (0 :> "Error" @@ 1 :> "Count" @@ 2 :> "loop")
/\ temp = (0 :> 0 @@ 1 :> 0 @@ 2 :> 0)
/\ current_file = <<0, 0>>
/\ termination_latch = 2
/\ batches = <<<<2, 4, 5, 10, 3, 14>>, <<3, 5, 1, 7, 9, 4>>>>
/\ length = (0 :> -1 @@ 1 :> -1 @@ 2 :> -1)
/\ mutex = 1
/\ batch = <<<<>>, <<3, 5, 1, 7, 9, 4>>>>
/\ stack = ( 0 :> <<[pc |-> "attending", procedure |-> "distribute"]>> @@
  1 :> <<>> @@
  2 :> <<>> )

@!@!@ENDMSG 2217 @!@!@
@!@!@STARTMSG 2217:4 @!@!@
6: <Count line 198, col 16 to line 203, col 67 of module cliVerification>
/\ counter = <<0, 0, 0>>
/\ pc = (0 :> "Error" @@ 1 :> "loop" @@ 2 :> "loop")
/\ temp = (0 :> 0 @@ 1 :> 0 @@ 2 :> 0)
/\ current_file = <<0, 0>>
/\ termination_latch = 2
/\ batches = <<<<2, 4, 5, 10, 3, 14>>, <<3, 5, 1, 7, 9, 4>>>>
/\ length = (0 :> -1 @@ 1 :> -1 @@ 2 :> -1)
/\ mutex = 1
/\ batch = <<<<2, 4, 5, 10, 3, 14>>, <<3, 5, 1, 7, 9, 4>>>>
/\ stack = ( 0 :> <<[pc |-> "attending", procedure |-> "distribute"]>> @@
  1 :> <<>> @@
  2 :> <<>> )

@!@!@ENDMSG 2217 @!@!@
@!@!@STARTMSG 2217:4 @!@!@
7: <loop line 205, col 15 to line 216, col 70 of module cliVerification>
/\ counter = <<0, 0, 0>>
/\ pc = (0 :> "Error" @@ 1 :> "CS" @@ 2 :> "loop")
/\ temp = (0 :> 0 @@ 1 :> 0 @@ 2 :> 0)
/\ current_file = <<2, 0>>
/\ termination_latch = 2
/\ batches = <<<<2, 4, 5, 10, 3, 14>>, <<3, 5, 1, 7, 9, 4>>>>
/\ length = (0 :> -1 @@ 1 :> -1 @@ 2 :> -1)
/\ mutex = 0
/\ batch = <<<<4, 5, 10, 3, 14>>, <<3, 5, 1, 7, 9, 4>>>>
/\ stack = ( 0 :> <<[pc |-> "attending", procedure |-> "distribute"]>> @@
  1 :> <<>> @@
  2 :> <<>> )

@!@!@ENDMSG 2217 @!@!@
@!@!@STARTMSG 2217:4 @!@!@
8: <CS line 218, col 13 to line 228, col 43 of module cliVerification>
/\ counter = <<0, 0, 0>>
/\ pc = (0 :> "Error" @@ 1 :> "Update" @@ 2 :> "loop")
/\ temp = (0 :> 0 @@ 1 :> 0 @@ 2 :> 0)
/\ current_file = <<2, 0>>
/\ termination_latch = 2
/\ batches = <<<<2, 4, 5, 10, 3, 14>>, <<3, 5, 1, 7, 9, 4>>>>
/\ length = (0 :> -1 @@ 1 :> 2 @@ 2 :> -1)
/\ mutex = 0
/\ batch = <<<<4, 5, 10, 3, 14>>, <<3, 5, 1, 7, 9, 4>>>>
/\ stack = ( 0 :> <<[pc |-> "attending", procedure |-> "distribute"]>> @@
  1 :>
      << [ pc |-> "end_cs",
           length |-> -1,
           temp |-> 0,
           procedure |-> "submit_file" ] >> @@
  2 :> <<>> )

@!@!@ENDMSG 2217 @!@!@
@!@!@STARTMSG 2217:4 @!@!@
9: <Update line 134, col 17 to line 144, col 69 of module cliVerification>
/\ counter = <<0, 0, 0>>
/\ pc = (0 :> "Error" @@ 1 :> "update1" @@ 2 :> "loop")
/\ temp = (0 :> 0 @@ 1 :> 0 @@ 2 :> 0)
/\ current_file = <<2, 0>>
/\ termination_latch = 2
/\ batches = <<<<2, 4, 5, 10, 3, 14>>, <<3, 5, 1, 7, 9, 4>>>>
/\ length = (0 :> -1 @@ 1 :> 2 @@ 2 :> -1)
/\ mutex = 0
/\ batch = <<<<4, 5, 10, 3, 14>>, <<3, 5, 1, 7, 9, 4>>>>
/\ stack = ( 0 :> <<[pc |-> "attending", procedure |-> "distribute"]>> @@
  1 :>
      << [ pc |-> "end_cs",
           length |-> -1,
           temp |-> 0,
           procedure |-> "submit_file" ] >> @@
  2 :> <<>> )

@!@!@ENDMSG 2217 @!@!@
@!@!@STARTMSG 2217:4 @!@!@
10: <update1 line 146, col 18 to line 150, col 69 of module cliVerification>
/\ counter = <<1, 0, 0>>
/\ pc = (0 :> "Error" @@ 1 :> "submitted" @@ 2 :> "loop")
/\ temp = (0 :> 0 @@ 1 :> 0 @@ 2 :> 0)
/\ current_file = <<2, 0>>
/\ termination_latch = 2
/\ batches = <<<<2, 4, 5, 10, 3, 14>>, <<3, 5, 1, 7, 9, 4>>>>
/\ length = (0 :> -1 @@ 1 :> 2 @@ 2 :> -1)
/\ mutex = 0
/\ batch = <<<<4, 5, 10, 3, 14>>, <<3, 5, 1, 7, 9, 4>>>>
/\ stack = ( 0 :> <<[pc |-> "attending", procedure |-> "distribute"]>> @@
  1 :>
      << [ pc |-> "end_cs",
           length |-> -1,
           temp |-> 0,
           procedure |-> "submit_file" ] >> @@
  2 :> <<>> )

@!@!@ENDMSG 2217 @!@!@
@!@!@STARTMSG 2217:4 @!@!@
11: <submitted line 164, col 20 to line 170, col 57 of module cliVerification>
/\ counter = <<1, 0, 0>>
/\ pc = (0 :> "Error" @@ 1 :> "end_cs" @@ 2 :> "loop")
/\ temp = (0 :> 0 @@ 1 :> 0 @@ 2 :> 0)
/\ current_file = <<2, 0>>
/\ termination_latch = 2
/\ batches = <<<<2, 4, 5, 10, 3, 14>>, <<3, 5, 1, 7, 9, 4>>>>
/\ length = (0 :> -1 @@ 1 :> -1 @@ 2 :> -1)
/\ mutex = 0
/\ batch = <<<<4, 5, 10, 3, 14>>, <<3, 5, 1, 7, 9, 4>>>>
/\ stack = ( 0 :> <<[pc |-> "attending", procedure |-> "distribute"]>> @@
  1 :> <<>> @@
  2 :> <<>> )

@!@!@ENDMSG 2217 @!@!@
@!@!@STARTMSG 2217:4 @!@!@
12: <end_cs line 230, col 17 to line 234, col 68 of module cliVerification>
/\ counter = <<1, 0, 0>>
/\ pc = (0 :> "Error" @@ 1 :> "loop" @@ 2 :> "loop")
/\ temp = (0 :> 0 @@ 1 :> 0 @@ 2 :> 0)
/\ current_file = <<2, 0>>
/\ termination_latch = 2
/\ batches = <<<<2, 4, 5, 10, 3, 14>>, <<3, 5, 1, 7, 9, 4>>>>
/\ length = (0 :> -1 @@ 1 :> -1 @@ 2 :> -1)
/\ mutex = 1
/\ batch = <<<<4, 5, 10, 3, 14>>, <<3, 5, 1, 7, 9, 4>>>>
/\ stack = ( 0 :> <<[pc |-> "attending", procedure |-> "distribute"]>> @@
  1 :> <<>> @@
  2 :> <<>> )

@!@!@ENDMSG 2217 @!@!@
@!@!@STARTMSG 2217:4 @!@!@
13: <loop line 205, col 15 to line 216, col 70 of module cliVerification>
/\ counter = <<1, 0, 0>>
/\ pc = (0 :> "Error" @@ 1 :> "CS" @@ 2 :> "loop")
/\ temp = (0 :> 0 @@ 1 :> 0 @@ 2 :> 0)
/\ current_file = <<4, 0>>
/\ termination_latch = 2
/\ batches = <<<<2, 4, 5, 10, 3, 14>>, <<3, 5, 1, 7, 9, 4>>>>
/\ length = (0 :> -1 @@ 1 :> -1 @@ 2 :> -1)
/\ mutex = 0
/\ batch = <<<<5, 10, 3, 14>>, <<3, 5, 1, 7, 9, 4>>>>
/\ stack = ( 0 :> <<[pc |-> "attending", procedure |-> "distribute"]>> @@
  1 :> <<>> @@
  2 :> <<>> )

@!@!@ENDMSG 2217 @!@!@
@!@!@STARTMSG 2217:4 @!@!@
14: <CS line 218, col 13 to line 228, col 43 of module cliVerification>
/\ counter = <<1, 0, 0>>
/\ pc = (0 :> "Error" @@ 1 :> "Update" @@ 2 :> "loop")
/\ temp = (0 :> 0 @@ 1 :> 0 @@ 2 :> 0)
/\ current_file = <<4, 0>>
/\ termination_latch = 2
/\ batches = <<<<2, 4, 5, 10, 3, 14>>, <<3, 5, 1, 7, 9, 4>>>>
/\ length = (0 :> -1 @@ 1 :> 4 @@ 2 :> -1)
/\ mutex = 0
/\ batch = <<<<5, 10, 3, 14>>, <<3, 5, 1, 7, 9, 4>>>>
/\ stack = ( 0 :> <<[pc |-> "attending", procedure |-> "distribute"]>> @@
  1 :>
      << [ pc |-> "end_cs",
           length |-> -1,
           temp |-> 0,
           procedure |-> "submit_file" ] >> @@
  2 :> <<>> )

@!@!@ENDMSG 2217 @!@!@
@!@!@STARTMSG 2217:4 @!@!@
15: <Update line 134, col 17 to line 144, col 69 of module cliVerification>
/\ counter = <<1, 0, 0>>
/\ pc = (0 :> "Error" @@ 1 :> "update1" @@ 2 :> "loop")
/\ temp = (0 :> 0 @@ 1 :> 1 @@ 2 :> 0)
/\ current_file = <<4, 0>>
/\ termination_latch = 2
/\ batches = <<<<2, 4, 5, 10, 3, 14>>, <<3, 5, 1, 7, 9, 4>>>>
/\ length = (0 :> -1 @@ 1 :> 4 @@ 2 :> -1)
/\ mutex = 0
/\ batch = <<<<5, 10, 3, 14>>, <<3, 5, 1, 7, 9, 4>>>>
/\ stack = ( 0 :> <<[pc |-> "attending", procedure |-> "distribute"]>> @@
  1 :>
      << [ pc |-> "end_cs",
           length |-> -1,
           temp |-> 0,
           procedure |-> "submit_file" ] >> @@
  2 :> <<>> )

@!@!@ENDMSG 2217 @!@!@
@!@!@STARTMSG 2217:4 @!@!@
16: <update1 line 146, col 18 to line 150, col 69 of module cliVerification>
/\ counter = <<2, 0, 0>>
/\ pc = (0 :> "Error" @@ 1 :> "submitted" @@ 2 :> "loop")
/\ temp = (0 :> 0 @@ 1 :> 1 @@ 2 :> 0)
/\ current_file = <<4, 0>>
/\ termination_latch = 2
/\ batches = <<<<2, 4, 5, 10, 3, 14>>, <<3, 5, 1, 7, 9, 4>>>>
/\ length = (0 :> -1 @@ 1 :> 4 @@ 2 :> -1)
/\ mutex = 0
/\ batch = <<<<5, 10, 3, 14>>, <<3, 5, 1, 7, 9, 4>>>>
/\ stack = ( 0 :> <<[pc |-> "attending", procedure |-> "distribute"]>> @@
  1 :>
      << [ pc |-> "end_cs",
           length |-> -1,
           temp |-> 0,
           procedure |-> "submit_file" ] >> @@
  2 :> <<>> )

@!@!@ENDMSG 2217 @!@!@
@!@!@STARTMSG 2217:4 @!@!@
17: <submitted line 164, col 20 to line 170, col 57 of module cliVerification>
/\ counter = <<2, 0, 0>>
/\ pc = (0 :> "Error" @@ 1 :> "end_cs" @@ 2 :> "loop")
/\ temp = (0 :> 0 @@ 1 :> 0 @@ 2 :> 0)
/\ current_file = <<4, 0>>
/\ termination_latch = 2
/\ batches = <<<<2, 4, 5, 10, 3, 14>>, <<3, 5, 1, 7, 9, 4>>>>
/\ length = (0 :> -1 @@ 1 :> -1 @@ 2 :> -1)
/\ mutex = 0
/\ batch = <<<<5, 10, 3, 14>>, <<3, 5, 1, 7, 9, 4>>>>
/\ stack = ( 0 :> <<[pc |-> "attending", procedure |-> "distribute"]>> @@
  1 :> <<>> @@
  2 :> <<>> )

@!@!@ENDMSG 2217 @!@!@
@!@!@STARTMSG 2217:4 @!@!@
18: <end_cs line 230, col 17 to line 234, col 68 of module cliVerification>
/\ counter = <<2, 0, 0>>
/\ pc = (0 :> "Error" @@ 1 :> "loop" @@ 2 :> "loop")
/\ temp = (0 :> 0 @@ 1 :> 0 @@ 2 :> 0)
/\ current_file = <<4, 0>>
/\ termination_latch = 2
/\ batches = <<<<2, 4, 5, 10, 3, 14>>, <<3, 5, 1, 7, 9, 4>>>>
/\ length = (0 :> -1 @@ 1 :> -1 @@ 2 :> -1)
/\ mutex = 1
/\ batch = <<<<5, 10, 3, 14>>, <<3, 5, 1, 7, 9, 4>>>>
/\ stack = ( 0 :> <<[pc |-> "attending", procedure |-> "distribute"]>> @@
  1 :> <<>> @@
  2 :> <<>> )

@!@!@ENDMSG 2217 @!@!@
@!@!@STARTMSG 2217:4 @!@!@
19: <loop line 205, col 15 to line 216, col 70 of module cliVerification>
/\ counter = <<2, 0, 0>>
/\ pc = (0 :> "Error" @@ 1 :> "loop" @@ 2 :> "CS")
/\ temp = (0 :> 0 @@ 1 :> 0 @@ 2 :> 0)
/\ current_file = <<4, 3>>
/\ termination_latch = 2
/\ batches = <<<<2, 4, 5, 10, 3, 14>>, <<3, 5, 1, 7, 9, 4>>>>
/\ length = (0 :> -1 @@ 1 :> -1 @@ 2 :> -1)
/\ mutex = 0
/\ batch = <<<<5, 10, 3, 14>>, <<5, 1, 7, 9, 4>>>>
/\ stack = ( 0 :> <<[pc |-> "attending", procedure |-> "distribute"]>> @@
  1 :> <<>> @@
  2 :> <<>> )

@!@!@ENDMSG 2217 @!@!@
@!@!@STARTMSG 2217:4 @!@!@
20: <CS line 218, col 13 to line 228, col 43 of module cliVerification>
/\ counter = <<2, 0, 0>>
/\ pc = (0 :> "Error" @@ 1 :> "loop" @@ 2 :> "Update")
/\ temp = (0 :> 0 @@ 1 :> 0 @@ 2 :> 0)
/\ current_file = <<4, 3>>
/\ termination_latch = 2
/\ batches = <<<<2, 4, 5, 10, 3, 14>>, <<3, 5, 1, 7, 9, 4>>>>
/\ length = (0 :> -1 @@ 1 :> -1 @@ 2 :> 3)
/\ mutex = 0
/\ batch = <<<<5, 10, 3, 14>>, <<5, 1, 7, 9, 4>>>>
/\ stack = ( 0 :> <<[pc |-> "attending", procedure |-> "distribute"]>> @@
  1 :> <<>> @@
  2 :>
      << [ pc |-> "end_cs",
           length |-> -1,
           temp |-> 0,
           procedure |-> "submit_file" ] >> )

@!@!@ENDMSG 2217 @!@!@
@!@!@STARTMSG 2217:4 @!@!@
21: <Update line 134, col 17 to line 144, col 69 of module cliVerification>
/\ counter = <<2, 0, 0>>
/\ pc = (0 :> "Error" @@ 1 :> "loop" @@ 2 :> "update1")
/\ temp = (0 :> 0 @@ 1 :> 0 @@ 2 :> 2)
/\ current_file = <<4, 3>>
/\ termination_latch = 2
/\ batches = <<<<2, 4, 5, 10, 3, 14>>, <<3, 5, 1, 7, 9, 4>>>>
/\ length = (0 :> -1 @@ 1 :> -1 @@ 2 :> 3)
/\ mutex = 0
/\ batch = <<<<5, 10, 3, 14>>, <<5, 1, 7, 9, 4>>>>
/\ stack = ( 0 :> <<[pc |-> "attending", procedure |-> "distribute"]>> @@
  1 :> <<>> @@
  2 :>
      << [ pc |-> "end_cs",
           length |-> -1,
           temp |-> 0,
           procedure |-> "submit_file" ] >> )

@!@!@ENDMSG 2217 @!@!@
@!@!@STARTMSG 2217:4 @!@!@
22: <update1 line 146, col 18 to line 150, col 69 of module cliVerification>
/\ counter = <<3, 0, 0>>
/\ pc = (0 :> "Error" @@ 1 :> "loop" @@ 2 :> "submitted")
/\ temp = (0 :> 0 @@ 1 :> 0 @@ 2 :> 2)
/\ current_file = <<4, 3>>
/\ termination_latch = 2
/\ batches = <<<<2, 4, 5, 10, 3, 14>>, <<3, 5, 1, 7, 9, 4>>>>
/\ length = (0 :> -1 @@ 1 :> -1 @@ 2 :> 3)
/\ mutex = 0
/\ batch = <<<<5, 10, 3, 14>>, <<5, 1, 7, 9, 4>>>>
/\ stack = ( 0 :> <<[pc |-> "attending", procedure |-> "distribute"]>> @@
  1 :> <<>> @@
  2 :>
      << [ pc |-> "end_cs",
           length |-> -1,
           temp |-> 0,
           procedure |-> "submit_file" ] >> )

@!@!@ENDMSG 2217 @!@!@
@!@!@STARTMSG 2217:4 @!@!@
23: <submitted line 164, col 20 to line 170, col 57 of module cliVerification>
/\ counter = <<3, 0, 0>>
/\ pc = (0 :> "Error" @@ 1 :> "loop" @@ 2 :> "end_cs")
/\ temp = (0 :> 0 @@ 1 :> 0 @@ 2 :> 0)
/\ current_file = <<4, 3>>
/\ termination_latch = 2
/\ batches = <<<<2, 4, 5, 10, 3, 14>>, <<3, 5, 1, 7, 9, 4>>>>
/\ length = (0 :> -1 @@ 1 :> -1 @@ 2 :> -1)
/\ mutex = 0
/\ batch = <<<<5, 10, 3, 14>>, <<5, 1, 7, 9, 4>>>>
/\ stack = ( 0 :> <<[pc |-> "attending", procedure |-> "distribute"]>> @@
  1 :> <<>> @@
  2 :> <<>> )

@!@!@ENDMSG 2217 @!@!@
@!@!@STARTMSG 2217:4 @!@!@
24: <end_cs line 230, col 17 to line 234, col 68 of module cliVerification>
/\ counter = <<3, 0, 0>>
/\ pc = (0 :> "Error" @@ 1 :> "loop" @@ 2 :> "loop")
/\ temp = (0 :> 0 @@ 1 :> 0 @@ 2 :> 0)
/\ current_file = <<4, 3>>
/\ termination_latch = 2
/\ batches = <<<<2, 4, 5, 10, 3, 14>>, <<3, 5, 1, 7, 9, 4>>>>
/\ length = (0 :> -1 @@ 1 :> -1 @@ 2 :> -1)
/\ mutex = 1
/\ batch = <<<<5, 10, 3, 14>>, <<5, 1, 7, 9, 4>>>>
/\ stack = ( 0 :> <<[pc |-> "attending", procedure |-> "distribute"]>> @@
  1 :> <<>> @@
  2 :> <<>> )

@!@!@ENDMSG 2217 @!@!@
@!@!@STARTMSG 2217:4 @!@!@
25: <loop line 205, col 15 to line 216, col 70 of module cliVerification>
/\ counter = <<3, 0, 0>>
/\ pc = (0 :> "Error" @@ 1 :> "CS" @@ 2 :> "loop")
/\ temp = (0 :> 0 @@ 1 :> 0 @@ 2 :> 0)
/\ current_file = <<5, 3>>
/\ termination_latch = 2
/\ batches = <<<<2, 4, 5, 10, 3, 14>>, <<3, 5, 1, 7, 9, 4>>>>
/\ length = (0 :> -1 @@ 1 :> -1 @@ 2 :> -1)
/\ mutex = 0
/\ batch = <<<<10, 3, 14>>, <<5, 1, 7, 9, 4>>>>
/\ stack = ( 0 :> <<[pc |-> "attending", procedure |-> "distribute"]>> @@
  1 :> <<>> @@
  2 :> <<>> )

@!@!@ENDMSG 2217 @!@!@
@!@!@STARTMSG 2217:4 @!@!@
26: <CS line 218, col 13 to line 228, col 43 of module cliVerification>
/\ counter = <<3, 0, 0>>
/\ pc = (0 :> "Error" @@ 1 :> "Update" @@ 2 :> "loop")
/\ temp = (0 :> 0 @@ 1 :> 0 @@ 2 :> 0)
/\ current_file = <<5, 3>>
/\ termination_latch = 2
/\ batches = <<<<2, 4, 5, 10, 3, 14>>, <<3, 5, 1, 7, 9, 4>>>>
/\ length = (0 :> -1 @@ 1 :> 5 @@ 2 :> -1)
/\ mutex = 0
/\ batch = <<<<10, 3, 14>>, <<5, 1, 7, 9, 4>>>>
/\ stack = ( 0 :> <<[pc |-> "attending", procedure |-> "distribute"]>> @@
  1 :>
      << [ pc |-> "end_cs",
           length |-> -1,
           temp |-> 0,
           procedure |-> "submit_file" ] >> @@
  2 :> <<>> )

@!@!@ENDMSG 2217 @!@!@
@!@!@STARTMSG 2217:4 @!@!@
27: <Update line 134, col 17 to line 144, col 69 of module cliVerification>
/\ counter = <<3, 0, 0>>
/\ pc = (0 :> "Error" @@ 1 :> "update2" @@ 2 :> "loop")
/\ temp = (0 :> 0 @@ 1 :> 0 @@ 2 :> 0)
/\ current_file = <<5, 3>>
/\ termination_latch = 2
/\ batches = <<<<2, 4, 5, 10, 3, 14>>, <<3, 5, 1, 7, 9, 4>>>>
/\ length = (0 :> -1 @@ 1 :> 5 @@ 2 :> -1)
/\ mutex = 0
/\ batch = <<<<10, 3, 14>>, <<5, 1, 7, 9, 4>>>>
/\ stack = ( 0 :> <<[pc |-> "attending", procedure |-> "distribute"]>> @@
  1 :>
      << [ pc |-> "end_cs",
           length |-> -1,
           temp |-> 0,
           procedure |-> "submit_file" ] >> @@
  2 :> <<>> )

@!@!@ENDMSG 2217 @!@!@
@!@!@STARTMSG 2217:4 @!@!@
28: <update2 line 152, col 18 to line 156, col 69 of module cliVerification>
/\ counter = <<3, 1, 0>>
/\ pc = (0 :> "Error" @@ 1 :> "submitted" @@ 2 :> "loop")
/\ temp = (0 :> 0 @@ 1 :> 0 @@ 2 :> 0)
/\ current_file = <<5, 3>>
/\ termination_latch = 2
/\ batches = <<<<2, 4, 5, 10, 3, 14>>, <<3, 5, 1, 7, 9, 4>>>>
/\ length = (0 :> -1 @@ 1 :> 5 @@ 2 :> -1)
/\ mutex = 0
/\ batch = <<<<10, 3, 14>>, <<5, 1, 7, 9, 4>>>>
/\ stack = ( 0 :> <<[pc |-> "attending", procedure |-> "distribute"]>> @@
  1 :>
      << [ pc |-> "end_cs",
           length |-> -1,
           temp |-> 0,
           procedure |-> "submit_file" ] >> @@
  2 :> <<>> )

@!@!@ENDMSG 2217 @!@!@
@!@!@STARTMSG 2217:4 @!@!@
29: <submitted line 164, col 20 to line 170, col 57 of module cliVerification>
/\ counter = <<3, 1, 0>>
/\ pc = (0 :> "Error" @@ 1 :> "end_cs" @@ 2 :> "loop")
/\ temp = (0 :> 0 @@ 1 :> 0 @@ 2 :> 0)
/\ current_file = <<5, 3>>
/\ termination_latch = 2
/\ batches = <<<<2, 4, 5, 10, 3, 14>>, <<3, 5, 1, 7, 9, 4>>>>
/\ length = (0 :> -1 @@ 1 :> -1 @@ 2 :> -1)
/\ mutex = 0
/\ batch = <<<<10, 3, 14>>, <<5, 1, 7, 9, 4>>>>
/\ stack = ( 0 :> <<[pc |-> "attending", procedure |-> "distribute"]>> @@
  1 :> <<>> @@
  2 :> <<>> )

@!@!@ENDMSG 2217 @!@!@
@!@!@STARTMSG 2217:4 @!@!@
30: <end_cs line 230, col 17 to line 234, col 68 of module cliVerification>
/\ counter = <<3, 1, 0>>
/\ pc = (0 :> "Error" @@ 1 :> "loop" @@ 2 :> "loop")
/\ temp = (0 :> 0 @@ 1 :> 0 @@ 2 :> 0)
/\ current_file = <<5, 3>>
/\ termination_latch = 2
/\ batches = <<<<2, 4, 5, 10, 3, 14>>, <<3, 5, 1, 7, 9, 4>>>>
/\ length = (0 :> -1 @@ 1 :> -1 @@ 2 :> -1)
/\ mutex = 1
/\ batch = <<<<10, 3, 14>>, <<5, 1, 7, 9, 4>>>>
/\ stack = ( 0 :> <<[pc |-> "attending", procedure |-> "distribute"]>> @@
  1 :> <<>> @@
  2 :> <<>> )

@!@!@ENDMSG 2217 @!@!@
@!@!@STARTMSG 2217:4 @!@!@
31: <loop line 205, col 15 to line 216, col 70 of module cliVerification>
/\ counter = <<3, 1, 0>>
/\ pc = (0 :> "Error" @@ 1 :> "CS" @@ 2 :> "loop")
/\ temp = (0 :> 0 @@ 1 :> 0 @@ 2 :> 0)
/\ current_file = <<10, 3>>
/\ termination_latch = 2
/\ batches = <<<<2, 4, 5, 10, 3, 14>>, <<3, 5, 1, 7, 9, 4>>>>
/\ length = (0 :> -1 @@ 1 :> -1 @@ 2 :> -1)
/\ mutex = 0
/\ batch = <<<<3, 14>>, <<5, 1, 7, 9, 4>>>>
/\ stack = ( 0 :> <<[pc |-> "attending", procedure |-> "distribute"]>> @@
  1 :> <<>> @@
  2 :> <<>> )

@!@!@ENDMSG 2217 @!@!@
@!@!@STARTMSG 2217:4 @!@!@
32: <CS line 218, col 13 to line 228, col 43 of module cliVerification>
/\ counter = <<3, 1, 0>>
/\ pc = (0 :> "Error" @@ 1 :> "Update" @@ 2 :> "loop")
/\ temp = (0 :> 0 @@ 1 :> 0 @@ 2 :> 0)
/\ current_file = <<10, 3>>
/\ termination_latch = 2
/\ batches = <<<<2, 4, 5, 10, 3, 14>>, <<3, 5, 1, 7, 9, 4>>>>
/\ length = (0 :> -1 @@ 1 :> 10 @@ 2 :> -1)
/\ mutex = 0
/\ batch = <<<<3, 14>>, <<5, 1, 7, 9, 4>>>>
/\ stack = ( 0 :> <<[pc |-> "attending", procedure |-> "distribute"]>> @@
  1 :>
      << [ pc |-> "end_cs",
           length |-> -1,
           temp |-> 0,
           procedure |-> "submit_file" ] >> @@
  2 :> <<>> )

@!@!@ENDMSG 2217 @!@!@
@!@!@STARTMSG 2217:4 @!@!@
33: <Update line 134, col 17 to line 144, col 69 of module cliVerification>
/\ counter = <<3, 1, 0>>
/\ pc = (0 :> "Error" @@ 1 :> "update3" @@ 2 :> "loop")
/\ temp = (0 :> 0 @@ 1 :> 0 @@ 2 :> 0)
/\ current_file = <<10, 3>>
/\ termination_latch = 2
/\ batches = <<<<2, 4, 5, 10, 3, 14>>, <<3, 5, 1, 7, 9, 4>>>>
/\ length = (0 :> -1 @@ 1 :> 10 @@ 2 :> -1)
/\ mutex = 0
/\ batch = <<<<3, 14>>, <<5, 1, 7, 9, 4>>>>
/\ stack = ( 0 :> <<[pc |-> "attending", procedure |-> "distribute"]>> @@
  1 :>
      << [ pc |-> "end_cs",
           length |-> -1,
           temp |-> 0,
           procedure |-> "submit_file" ] >> @@
  2 :> <<>> )

@!@!@ENDMSG 2217 @!@!@
@!@!@STARTMSG 2217:4 @!@!@
34: <update3 line 158, col 18 to line 162, col 69 of module cliVerification>
/\ counter = <<3, 1, 1>>
/\ pc = (0 :> "Error" @@ 1 :> "submitted" @@ 2 :> "loop")
/\ temp = (0 :> 0 @@ 1 :> 0 @@ 2 :> 0)
/\ current_file = <<10, 3>>
/\ termination_latch = 2
/\ batches = <<<<2, 4, 5, 10, 3, 14>>, <<3, 5, 1, 7, 9, 4>>>>
/\ length = (0 :> -1 @@ 1 :> 10 @@ 2 :> -1)
/\ mutex = 0
/\ batch = <<<<3, 14>>, <<5, 1, 7, 9, 4>>>>
/\ stack = ( 0 :> <<[pc |-> "attending", procedure |-> "distribute"]>> @@
  1 :>
      << [ pc |-> "end_cs",
           length |-> -1,
           temp |-> 0,
           procedure |-> "submit_file" ] >> @@
  2 :> <<>> )

@!@!@ENDMSG 2217 @!@!@
@!@!@STARTMSG 2217:4 @!@!@
35: <submitted line 164, col 20 to line 170, col 57 of module cliVerification>
/\ counter = <<3, 1, 1>>
/\ pc = (0 :> "Error" @@ 1 :> "end_cs" @@ 2 :> "loop")
/\ temp = (0 :> 0 @@ 1 :> 0 @@ 2 :> 0)
/\ current_file = <<10, 3>>
/\ termination_latch = 2
/\ batches = <<<<2, 4, 5, 10, 3, 14>>, <<3, 5, 1, 7, 9, 4>>>>
/\ length = (0 :> -1 @@ 1 :> -1 @@ 2 :> -1)
/\ mutex = 0
/\ batch = <<<<3, 14>>, <<5, 1, 7, 9, 4>>>>
/\ stack = ( 0 :> <<[pc |-> "attending", procedure |-> "distribute"]>> @@
  1 :> <<>> @@
  2 :> <<>> )

@!@!@ENDMSG 2217 @!@!@
@!@!@STARTMSG 2217:4 @!@!@
36: <end_cs line 230, col 17 to line 234, col 68 of module cliVerification>
/\ counter = <<3, 1, 1>>
/\ pc = (0 :> "Error" @@ 1 :> "loop" @@ 2 :> "loop")
/\ temp = (0 :> 0 @@ 1 :> 0 @@ 2 :> 0)
/\ current_file = <<10, 3>>
/\ termination_latch = 2
/\ batches = <<<<2, 4, 5, 10, 3, 14>>, <<3, 5, 1, 7, 9, 4>>>>
/\ length = (0 :> -1 @@ 1 :> -1 @@ 2 :> -1)
/\ mutex = 1
/\ batch = <<<<3, 14>>, <<5, 1, 7, 9, 4>>>>
/\ stack = ( 0 :> <<[pc |-> "attending", procedure |-> "distribute"]>> @@
  1 :> <<>> @@
  2 :> <<>> )

@!@!@ENDMSG 2217 @!@!@
@!@!@STARTMSG 2217:4 @!@!@
37: <loop line 205, col 15 to line 216, col 70 of module cliVerification>
/\ counter = <<3, 1, 1>>
/\ pc = (0 :> "Error" @@ 1 :> "CS" @@ 2 :> "loop")
/\ temp = (0 :> 0 @@ 1 :> 0 @@ 2 :> 0)
/\ current_file = <<3, 3>>
/\ termination_latch = 2
/\ batches = <<<<2, 4, 5, 10, 3, 14>>, <<3, 5, 1, 7, 9, 4>>>>
/\ length = (0 :> -1 @@ 1 :> -1 @@ 2 :> -1)
/\ mutex = 0
/\ batch = <<<<14>>, <<5, 1, 7, 9, 4>>>>
/\ stack = ( 0 :> <<[pc |-> "attending", procedure |-> "distribute"]>> @@
  1 :> <<>> @@
  2 :> <<>> )

@!@!@ENDMSG 2217 @!@!@
@!@!@STARTMSG 2217:4 @!@!@
38: <CS line 218, col 13 to line 228, col 43 of module cliVerification>
/\ counter = <<3, 1, 1>>
/\ pc = (0 :> "Error" @@ 1 :> "Update" @@ 2 :> "loop")
/\ temp = (0 :> 0 @@ 1 :> 0 @@ 2 :> 0)
/\ current_file = <<3, 3>>
/\ termination_latch = 2
/\ batches = <<<<2, 4, 5, 10, 3, 14>>, <<3, 5, 1, 7, 9, 4>>>>
/\ length = (0 :> -1 @@ 1 :> 3 @@ 2 :> -1)
/\ mutex = 0
/\ batch = <<<<14>>, <<5, 1, 7, 9, 4>>>>
/\ stack = ( 0 :> <<[pc |-> "attending", procedure |-> "distribute"]>> @@
  1 :>
      << [ pc |-> "end_cs",
           length |-> -1,
           temp |-> 0,
           procedure |-> "submit_file" ] >> @@
  2 :> <<>> )

@!@!@ENDMSG 2217 @!@!@
@!@!@STARTMSG 2217:4 @!@!@
39: <Update line 134, col 17 to line 144, col 69 of module cliVerification>
/\ counter = <<3, 1, 1>>
/\ pc = (0 :> "Error" @@ 1 :> "update1" @@ 2 :> "loop")
/\ temp = (0 :> 0 @@ 1 :> 3 @@ 2 :> 0)
/\ current_file = <<3, 3>>
/\ termination_latch = 2
/\ batches = <<<<2, 4, 5, 10, 3, 14>>, <<3, 5, 1, 7, 9, 4>>>>
/\ length = (0 :> -1 @@ 1 :> 3 @@ 2 :> -1)
/\ mutex = 0
/\ batch = <<<<14>>, <<5, 1, 7, 9, 4>>>>
/\ stack = ( 0 :> <<[pc |-> "attending", procedure |-> "distribute"]>> @@
  1 :>
      << [ pc |-> "end_cs",
           length |-> -1,
           temp |-> 0,
           procedure |-> "submit_file" ] >> @@
  2 :> <<>> )

@!@!@ENDMSG 2217 @!@!@
@!@!@STARTMSG 2217:4 @!@!@
40: <update1 line 146, col 18 to line 150, col 69 of module cliVerification>
/\ counter = <<4, 1, 1>>
/\ pc = (0 :> "Error" @@ 1 :> "submitted" @@ 2 :> "loop")
/\ temp = (0 :> 0 @@ 1 :> 3 @@ 2 :> 0)
/\ current_file = <<3, 3>>
/\ termination_latch = 2
/\ batches = <<<<2, 4, 5, 10, 3, 14>>, <<3, 5, 1, 7, 9, 4>>>>
/\ length = (0 :> -1 @@ 1 :> 3 @@ 2 :> -1)
/\ mutex = 0
/\ batch = <<<<14>>, <<5, 1, 7, 9, 4>>>>
/\ stack = ( 0 :> <<[pc |-> "attending", procedure |-> "distribute"]>> @@
  1 :>
      << [ pc |-> "end_cs",
           length |-> -1,
           temp |-> 0,
           procedure |-> "submit_file" ] >> @@
  2 :> <<>> )

@!@!@ENDMSG 2217 @!@!@
@!@!@STARTMSG 2217:4 @!@!@
41: <submitted line 164, col 20 to line 170, col 57 of module cliVerification>
/\ counter = <<4, 1, 1>>
/\ pc = (0 :> "Error" @@ 1 :> "end_cs" @@ 2 :> "loop")
/\ temp = (0 :> 0 @@ 1 :> 0 @@ 2 :> 0)
/\ current_file = <<3, 3>>
/\ termination_latch = 2
/\ batches = <<<<2, 4, 5, 10, 3, 14>>, <<3, 5, 1, 7, 9, 4>>>>
/\ length = (0 :> -1 @@ 1 :> -1 @@ 2 :> -1)
/\ mutex = 0
/\ batch = <<<<14>>, <<5, 1, 7, 9, 4>>>>
/\ stack = ( 0 :> <<[pc |-> "attending", procedure |-> "distribute"]>> @@
  1 :> <<>> @@
  2 :> <<>> )

@!@!@ENDMSG 2217 @!@!@
@!@!@STARTMSG 2217:4 @!@!@
42: <end_cs line 230, col 17 to line 234, col 68 of module cliVerification>
/\ counter = <<4, 1, 1>>
/\ pc = (0 :> "Error" @@ 1 :> "loop" @@ 2 :> "loop")
/\ temp = (0 :> 0 @@ 1 :> 0 @@ 2 :> 0)
/\ current_file = <<3, 3>>
/\ termination_latch = 2
/\ batches = <<<<2, 4, 5, 10, 3, 14>>, <<3, 5, 1, 7, 9, 4>>>>
/\ length = (0 :> -1 @@ 1 :> -1 @@ 2 :> -1)
/\ mutex = 1
/\ batch = <<<<14>>, <<5, 1, 7, 9, 4>>>>
/\ stack = ( 0 :> <<[pc |-> "attending", procedure |-> "distribute"]>> @@
  1 :> <<>> @@
  2 :> <<>> )

@!@!@ENDMSG 2217 @!@!@
@!@!@STARTMSG 2217:4 @!@!@
43: <loop line 205, col 15 to line 216, col 70 of module cliVerification>
/\ counter = <<4, 1, 1>>
/\ pc = (0 :> "Error" @@ 1 :> "CS" @@ 2 :> "loop")
/\ temp = (0 :> 0 @@ 1 :> 0 @@ 2 :> 0)
/\ current_file = <<14, 3>>
/\ termination_latch = 2
/\ batches = <<<<2, 4, 5, 10, 3, 14>>, <<3, 5, 1, 7, 9, 4>>>>
/\ length = (0 :> -1 @@ 1 :> -1 @@ 2 :> -1)
/\ mutex = 0
/\ batch = <<<<>>, <<5, 1, 7, 9, 4>>>>
/\ stack = ( 0 :> <<[pc |-> "attending", procedure |-> "distribute"]>> @@
  1 :> <<>> @@
  2 :> <<>> )

@!@!@ENDMSG 2217 @!@!@
@!@!@STARTMSG 2217:4 @!@!@
44: <CS line 218, col 13 to line 228, col 43 of module cliVerification>
/\ counter = <<4, 1, 1>>
/\ pc = (0 :> "Error" @@ 1 :> "Update" @@ 2 :> "loop")
/\ temp = (0 :> 0 @@ 1 :> 0 @@ 2 :> 0)
/\ current_file = <<14, 3>>
/\ termination_latch = 2
/\ batches = <<<<2, 4, 5, 10, 3, 14>>, <<3, 5, 1, 7, 9, 4>>>>
/\ length = (0 :> -1 @@ 1 :> 14 @@ 2 :> -1)
/\ mutex = 0
/\ batch = <<<<>>, <<5, 1, 7, 9, 4>>>>
/\ stack = ( 0 :> <<[pc |-> "attending", procedure |-> "distribute"]>> @@
  1 :>
      << [ pc |-> "end_cs",
           length |-> -1,
           temp |-> 0,
           procedure |-> "submit_file" ] >> @@
  2 :> <<>> )

@!@!@ENDMSG 2217 @!@!@
@!@!@STARTMSG 2217:4 @!@!@
45: <Update line 134, col 17 to line 144, col 69 of module cliVerification>
/\ counter = <<4, 1, 1>>
/\ pc = (0 :> "Error" @@ 1 :> "update3" @@ 2 :> "loop")
/\ temp = (0 :> 0 @@ 1 :> 1 @@ 2 :> 0)
/\ current_file = <<14, 3>>
/\ termination_latch = 2
/\ batches = <<<<2, 4, 5, 10, 3, 14>>, <<3, 5, 1, 7, 9, 4>>>>
/\ length = (0 :> -1 @@ 1 :> 14 @@ 2 :> -1)
/\ mutex = 0
/\ batch = <<<<>>, <<5, 1, 7, 9, 4>>>>
/\ stack = ( 0 :> <<[pc |-> "attending", procedure |-> "distribute"]>> @@
  1 :>
      << [ pc |-> "end_cs",
           length |-> -1,
           temp |-> 0,
           procedure |-> "submit_file" ] >> @@
  2 :> <<>> )

@!@!@ENDMSG 2217 @!@!@
@!@!@STARTMSG 2217:4 @!@!@
46: <update3 line 158, col 18 to line 162, col 69 of module cliVerification>
/\ counter = <<4, 1, 2>>
/\ pc = (0 :> "Error" @@ 1 :> "submitted" @@ 2 :> "loop")
/\ temp = (0 :> 0 @@ 1 :> 1 @@ 2 :> 0)
/\ current_file = <<14, 3>>
/\ termination_latch = 2
/\ batches = <<<<2, 4, 5, 10, 3, 14>>, <<3, 5, 1, 7, 9, 4>>>>
/\ length = (0 :> -1 @@ 1 :> 14 @@ 2 :> -1)
/\ mutex = 0
/\ batch = <<<<>>, <<5, 1, 7, 9, 4>>>>
/\ stack = ( 0 :> <<[pc |-> "attending", procedure |-> "distribute"]>> @@
  1 :>
      << [ pc |-> "end_cs",
           length |-> -1,
           temp |-> 0,
           procedure |-> "submit_file" ] >> @@
  2 :> <<>> )

@!@!@ENDMSG 2217 @!@!@
@!@!@STARTMSG 2217:4 @!@!@
47: <submitted line 164, col 20 to line 170, col 57 of module cliVerification>
/\ counter = <<4, 1, 2>>
/\ pc = (0 :> "Error" @@ 1 :> "end_cs" @@ 2 :> "loop")
/\ temp = (0 :> 0 @@ 1 :> 0 @@ 2 :> 0)
/\ current_file = <<14, 3>>
/\ termination_latch = 2
/\ batches = <<<<2, 4, 5, 10, 3, 14>>, <<3, 5, 1, 7, 9, 4>>>>
/\ length = (0 :> -1 @@ 1 :> -1 @@ 2 :> -1)
/\ mutex = 0
/\ batch = <<<<>>, <<5, 1, 7, 9, 4>>>>
/\ stack = ( 0 :> <<[pc |-> "attending", procedure |-> "distribute"]>> @@
  1 :> <<>> @@
  2 :> <<>> )

@!@!@ENDMSG 2217 @!@!@
@!@!@STARTMSG 2217:4 @!@!@
48: <end_cs line 230, col 17 to line 234, col 68 of module cliVerification>
/\ counter = <<4, 1, 2>>
/\ pc = (0 :> "Error" @@ 1 :> "loop" @@ 2 :> "loop")
/\ temp = (0 :> 0 @@ 1 :> 0 @@ 2 :> 0)
/\ current_file = <<14, 3>>
/\ termination_latch = 2
/\ batches = <<<<2, 4, 5, 10, 3, 14>>, <<3, 5, 1, 7, 9, 4>>>>
/\ length = (0 :> -1 @@ 1 :> -1 @@ 2 :> -1)
/\ mutex = 1
/\ batch = <<<<>>, <<5, 1, 7, 9, 4>>>>
/\ stack = ( 0 :> <<[pc |-> "attending", procedure |-> "distribute"]>> @@
  1 :> <<>> @@
  2 :> <<>> )

@!@!@ENDMSG 2217 @!@!@
@!@!@STARTMSG 2217:4 @!@!@
49: <loop line 205, col 15 to line 216, col 70 of module cliVerification>
/\ counter = <<4, 1, 2>>
/\ pc = (0 :> "Error" @@ 1 :> "Done" @@ 2 :> "loop")
/\ temp = (0 :> 0 @@ 1 :> 0 @@ 2 :> 0)
/\ current_file = <<14, 3>>
/\ termination_latch = 1
/\ batches = <<<<2, 4, 5, 10, 3, 14>>, <<3, 5, 1, 7, 9, 4>>>>
/\ length = (0 :> -1 @@ 1 :> -1 @@ 2 :> -1)
/\ mutex = 1
/\ batch = <<<<>>, <<5, 1, 7, 9, 4>>>>
/\ stack = ( 0 :> <<[pc |-> "attending", procedure |-> "distribute"]>> @@
  1 :> <<>> @@
  2 :> <<>> )

@!@!@ENDMSG 2217 @!@!@
@!@!@STARTMSG 2217:4 @!@!@
50: <loop line 205, col 15 to line 216, col 70 of module cliVerification>
/\ counter = <<4, 1, 2>>
/\ pc = (0 :> "Error" @@ 1 :> "Done" @@ 2 :> "CS")
/\ temp = (0 :> 0 @@ 1 :> 0 @@ 2 :> 0)
/\ current_file = <<14, 5>>
/\ termination_latch = 1
/\ batches = <<<<2, 4, 5, 10, 3, 14>>, <<3, 5, 1, 7, 9, 4>>>>
/\ length = (0 :> -1 @@ 1 :> -1 @@ 2 :> -1)
/\ mutex = 0
/\ batch = <<<<>>, <<1, 7, 9, 4>>>>
/\ stack = ( 0 :> <<[pc |-> "attending", procedure |-> "distribute"]>> @@
  1 :> <<>> @@
  2 :> <<>> )

@!@!@ENDMSG 2217 @!@!@
@!@!@STARTMSG 2217:4 @!@!@
51: <CS line 218, col 13 to line 228, col 43 of module cliVerification>
/\ counter = <<4, 1, 2>>
/\ pc = (0 :> "Error" @@ 1 :> "Done" @@ 2 :> "Update")
/\ temp = (0 :> 0 @@ 1 :> 0 @@ 2 :> 0)
/\ current_file = <<14, 5>>
/\ termination_latch = 1
/\ batches = <<<<2, 4, 5, 10, 3, 14>>, <<3, 5, 1, 7, 9, 4>>>>
/\ length = (0 :> -1 @@ 1 :> -1 @@ 2 :> 5)
/\ mutex = 0
/\ batch = <<<<>>, <<1, 7, 9, 4>>>>
/\ stack = ( 0 :> <<[pc |-> "attending", procedure |-> "distribute"]>> @@
  1 :> <<>> @@
  2 :>
      << [ pc |-> "end_cs",
           length |-> -1,
           temp |-> 0,
           procedure |-> "submit_file" ] >> )

@!@!@ENDMSG 2217 @!@!@
@!@!@STARTMSG 2217:4 @!@!@
52: <Update line 134, col 17 to line 144, col 69 of module cliVerification>
/\ counter = <<4, 1, 2>>
/\ pc = (0 :> "Error" @@ 1 :> "Done" @@ 2 :> "update2")
/\ temp = (0 :> 0 @@ 1 :> 0 @@ 2 :> 1)
/\ current_file = <<14, 5>>
/\ termination_latch = 1
/\ batches = <<<<2, 4, 5, 10, 3, 14>>, <<3, 5, 1, 7, 9, 4>>>>
/\ length = (0 :> -1 @@ 1 :> -1 @@ 2 :> 5)
/\ mutex = 0
/\ batch = <<<<>>, <<1, 7, 9, 4>>>>
/\ stack = ( 0 :> <<[pc |-> "attending", procedure |-> "distribute"]>> @@
  1 :> <<>> @@
  2 :>
      << [ pc |-> "end_cs",
           length |-> -1,
           temp |-> 0,
           procedure |-> "submit_file" ] >> )

@!@!@ENDMSG 2217 @!@!@
@!@!@STARTMSG 2217:4 @!@!@
53: <update2 line 152, col 18 to line 156, col 69 of module cliVerification>
/\ counter = <<4, 2, 2>>
/\ pc = (0 :> "Error" @@ 1 :> "Done" @@ 2 :> "submitted")
/\ temp = (0 :> 0 @@ 1 :> 0 @@ 2 :> 1)
/\ current_file = <<14, 5>>
/\ termination_latch = 1
/\ batches = <<<<2, 4, 5, 10, 3, 14>>, <<3, 5, 1, 7, 9, 4>>>>
/\ length = (0 :> -1 @@ 1 :> -1 @@ 2 :> 5)
/\ mutex = 0
/\ batch = <<<<>>, <<1, 7, 9, 4>>>>
/\ stack = ( 0 :> <<[pc |-> "attending", procedure |-> "distribute"]>> @@
  1 :> <<>> @@
  2 :>
      << [ pc |-> "end_cs",
           length |-> -1,
           temp |-> 0,
           procedure |-> "submit_file" ] >> )

@!@!@ENDMSG 2217 @!@!@
@!@!@STARTMSG 2217:4 @!@!@
54: <submitted line 164, col 20 to line 170, col 57 of module cliVerification>
/\ counter = <<4, 2, 2>>
/\ pc = (0 :> "Error" @@ 1 :> "Done" @@ 2 :> "end_cs")
/\ temp = (0 :> 0 @@ 1 :> 0 @@ 2 :> 0)
/\ current_file = <<14, 5>>
/\ termination_latch = 1
/\ batches = <<<<2, 4, 5, 10, 3, 14>>, <<3, 5, 1, 7, 9, 4>>>>
/\ length = (0 :> -1 @@ 1 :> -1 @@ 2 :> -1)
/\ mutex = 0
/\ batch = <<<<>>, <<1, 7, 9, 4>>>>
/\ stack = ( 0 :> <<[pc |-> "attending", procedure |-> "distribute"]>> @@
  1 :> <<>> @@
  2 :> <<>> )

@!@!@ENDMSG 2217 @!@!@
@!@!@STARTMSG 2217:4 @!@!@
55: <end_cs line 230, col 17 to line 234, col 68 of module cliVerification>
/\ counter = <<4, 2, 2>>
/\ pc = (0 :> "Error" @@ 1 :> "Done" @@ 2 :> "loop")
/\ temp = (0 :> 0 @@ 1 :> 0 @@ 2 :> 0)
/\ current_file = <<14, 5>>
/\ termination_latch = 1
/\ batches = <<<<2, 4, 5, 10, 3, 14>>, <<3, 5, 1, 7, 9, 4>>>>
/\ length = (0 :> -1 @@ 1 :> -1 @@ 2 :> -1)
/\ mutex = 1
/\ batch = <<<<>>, <<1, 7, 9, 4>>>>
/\ stack = ( 0 :> <<[pc |-> "attending", procedure |-> "distribute"]>> @@
  1 :> <<>> @@
  2 :> <<>> )

@!@!@ENDMSG 2217 @!@!@
@!@!@STARTMSG 2217:4 @!@!@
56: <loop line 205, col 15 to line 216, col 70 of module cliVerification>
/\ counter = <<4, 2, 2>>
/\ pc = (0 :> "Error" @@ 1 :> "Done" @@ 2 :> "CS")
/\ temp = (0 :> 0 @@ 1 :> 0 @@ 2 :> 0)
/\ current_file = <<14, 1>>
/\ termination_latch = 1
/\ batches = <<<<2, 4, 5, 10, 3, 14>>, <<3, 5, 1, 7, 9, 4>>>>
/\ length = (0 :> -1 @@ 1 :> -1 @@ 2 :> -1)
/\ mutex = 0
/\ batch = <<<<>>, <<7, 9, 4>>>>
/\ stack = ( 0 :> <<[pc |-> "attending", procedure |-> "distribute"]>> @@
  1 :> <<>> @@
  2 :> <<>> )

@!@!@ENDMSG 2217 @!@!@
@!@!@STARTMSG 2217:4 @!@!@
57: <CS line 218, col 13 to line 228, col 43 of module cliVerification>
/\ counter = <<4, 2, 2>>
/\ pc = (0 :> "Error" @@ 1 :> "Done" @@ 2 :> "Update")
/\ temp = (0 :> 0 @@ 1 :> 0 @@ 2 :> 0)
/\ current_file = <<14, 1>>
/\ termination_latch = 1
/\ batches = <<<<2, 4, 5, 10, 3, 14>>, <<3, 5, 1, 7, 9, 4>>>>
/\ length = (0 :> -1 @@ 1 :> -1 @@ 2 :> 1)
/\ mutex = 0
/\ batch = <<<<>>, <<7, 9, 4>>>>
/\ stack = ( 0 :> <<[pc |-> "attending", procedure |-> "distribute"]>> @@
  1 :> <<>> @@
  2 :>
      << [ pc |-> "end_cs",
           length |-> -1,
           temp |-> 0,
           procedure |-> "submit_file" ] >> )

@!@!@ENDMSG 2217 @!@!@
@!@!@STARTMSG 2217:4 @!@!@
58: <Update line 134, col 17 to line 144, col 69 of module cliVerification>
/\ counter = <<4, 2, 2>>
/\ pc = (0 :> "Error" @@ 1 :> "Done" @@ 2 :> "update1")
/\ temp = (0 :> 0 @@ 1 :> 0 @@ 2 :> 4)
/\ current_file = <<14, 1>>
/\ termination_latch = 1
/\ batches = <<<<2, 4, 5, 10, 3, 14>>, <<3, 5, 1, 7, 9, 4>>>>
/\ length = (0 :> -1 @@ 1 :> -1 @@ 2 :> 1)
/\ mutex = 0
/\ batch = <<<<>>, <<7, 9, 4>>>>
/\ stack = ( 0 :> <<[pc |-> "attending", procedure |-> "distribute"]>> @@
  1 :> <<>> @@
  2 :>
      << [ pc |-> "end_cs",
           length |-> -1,
           temp |-> 0,
           procedure |-> "submit_file" ] >> )

@!@!@ENDMSG 2217 @!@!@
@!@!@STARTMSG 2217:4 @!@!@
59: <update1 line 146, col 18 to line 150, col 69 of module cliVerification>
/\ counter = <<5, 2, 2>>
/\ pc = (0 :> "Error" @@ 1 :> "Done" @@ 2 :> "submitted")
/\ temp = (0 :> 0 @@ 1 :> 0 @@ 2 :> 4)
/\ current_file = <<14, 1>>
/\ termination_latch = 1
/\ batches = <<<<2, 4, 5, 10, 3, 14>>, <<3, 5, 1, 7, 9, 4>>>>
/\ length = (0 :> -1 @@ 1 :> -1 @@ 2 :> 1)
/\ mutex = 0
/\ batch = <<<<>>, <<7, 9, 4>>>>
/\ stack = ( 0 :> <<[pc |-> "attending", procedure |-> "distribute"]>> @@
  1 :> <<>> @@
  2 :>
      << [ pc |-> "end_cs",
           length |-> -1,
           temp |-> 0,
           procedure |-> "submit_file" ] >> )

@!@!@ENDMSG 2217 @!@!@
@!@!@STARTMSG 2217:4 @!@!@
60: <submitted line 164, col 20 to line 170, col 57 of module cliVerification>
/\ counter = <<5, 2, 2>>
/\ pc = (0 :> "Error" @@ 1 :> "Done" @@ 2 :> "end_cs")
/\ temp = (0 :> 0 @@ 1 :> 0 @@ 2 :> 0)
/\ current_file = <<14, 1>>
/\ termination_latch = 1
/\ batches = <<<<2, 4, 5, 10, 3, 14>>, <<3, 5, 1, 7, 9, 4>>>>
/\ length = (0 :> -1 @@ 1 :> -1 @@ 2 :> -1)
/\ mutex = 0
/\ batch = <<<<>>, <<7, 9, 4>>>>
/\ stack = ( 0 :> <<[pc |-> "attending", procedure |-> "distribute"]>> @@
  1 :> <<>> @@
  2 :> <<>> )

@!@!@ENDMSG 2217 @!@!@
@!@!@STARTMSG 2217:4 @!@!@
61: <end_cs line 230, col 17 to line 234, col 68 of module cliVerification>
/\ counter = <<5, 2, 2>>
/\ pc = (0 :> "Error" @@ 1 :> "Done" @@ 2 :> "loop")
/\ temp = (0 :> 0 @@ 1 :> 0 @@ 2 :> 0)
/\ current_file = <<14, 1>>
/\ termination_latch = 1
/\ batches = <<<<2, 4, 5, 10, 3, 14>>, <<3, 5, 1, 7, 9, 4>>>>
/\ length = (0 :> -1 @@ 1 :> -1 @@ 2 :> -1)
/\ mutex = 1
/\ batch = <<<<>>, <<7, 9, 4>>>>
/\ stack = ( 0 :> <<[pc |-> "attending", procedure |-> "distribute"]>> @@
  1 :> <<>> @@
  2 :> <<>> )

@!@!@ENDMSG 2217 @!@!@
@!@!@STARTMSG 2217:4 @!@!@
62: <loop line 205, col 15 to line 216, col 70 of module cliVerification>
/\ counter = <<5, 2, 2>>
/\ pc = (0 :> "Error" @@ 1 :> "Done" @@ 2 :> "CS")
/\ temp = (0 :> 0 @@ 1 :> 0 @@ 2 :> 0)
/\ current_file = <<14, 7>>
/\ termination_latch = 1
/\ batches = <<<<2, 4, 5, 10, 3, 14>>, <<3, 5, 1, 7, 9, 4>>>>
/\ length = (0 :> -1 @@ 1 :> -1 @@ 2 :> -1)
/\ mutex = 0
/\ batch = <<<<>>, <<9, 4>>>>
/\ stack = ( 0 :> <<[pc |-> "attending", procedure |-> "distribute"]>> @@
  1 :> <<>> @@
  2 :> <<>> )

@!@!@ENDMSG 2217 @!@!@
@!@!@STARTMSG 2217:4 @!@!@
63: <CS line 218, col 13 to line 228, col 43 of module cliVerification>
/\ counter = <<5, 2, 2>>
/\ pc = (0 :> "Error" @@ 1 :> "Done" @@ 2 :> "Update")
/\ temp = (0 :> 0 @@ 1 :> 0 @@ 2 :> 0)
/\ current_file = <<14, 7>>
/\ termination_latch = 1
/\ batches = <<<<2, 4, 5, 10, 3, 14>>, <<3, 5, 1, 7, 9, 4>>>>
/\ length = (0 :> -1 @@ 1 :> -1 @@ 2 :> 7)
/\ mutex = 0
/\ batch = <<<<>>, <<9, 4>>>>
/\ stack = ( 0 :> <<[pc |-> "attending", procedure |-> "distribute"]>> @@
  1 :> <<>> @@
  2 :>
      << [ pc |-> "end_cs",
           length |-> -1,
           temp |-> 0,
           procedure |-> "submit_file" ] >> )

@!@!@ENDMSG 2217 @!@!@
@!@!@STARTMSG 2217:4 @!@!@
64: <Update line 134, col 17 to line 144, col 69 of module cliVerification>
/\ counter = <<5, 2, 2>>
/\ pc = (0 :> "Error" @@ 1 :> "Done" @@ 2 :> "update2")
/\ temp = (0 :> 0 @@ 1 :> 0 @@ 2 :> 2)
/\ current_file = <<14, 7>>
/\ termination_latch = 1
/\ batches = <<<<2, 4, 5, 10, 3, 14>>, <<3, 5, 1, 7, 9, 4>>>>
/\ length = (0 :> -1 @@ 1 :> -1 @@ 2 :> 7)
/\ mutex = 0
/\ batch = <<<<>>, <<9, 4>>>>
/\ stack = ( 0 :> <<[pc |-> "attending", procedure |-> "distribute"]>> @@
  1 :> <<>> @@
  2 :>
      << [ pc |-> "end_cs",
           length |-> -1,
           temp |-> 0,
           procedure |-> "submit_file" ] >> )

@!@!@ENDMSG 2217 @!@!@
@!@!@STARTMSG 2217:4 @!@!@
65: <update2 line 152, col 18 to line 156, col 69 of module cliVerification>
/\ counter = <<5, 3, 2>>
/\ pc = (0 :> "Error" @@ 1 :> "Done" @@ 2 :> "submitted")
/\ temp = (0 :> 0 @@ 1 :> 0 @@ 2 :> 2)
/\ current_file = <<14, 7>>
/\ termination_latch = 1
/\ batches = <<<<2, 4, 5, 10, 3, 14>>, <<3, 5, 1, 7, 9, 4>>>>
/\ length = (0 :> -1 @@ 1 :> -1 @@ 2 :> 7)
/\ mutex = 0
/\ batch = <<<<>>, <<9, 4>>>>
/\ stack = ( 0 :> <<[pc |-> "attending", procedure |-> "distribute"]>> @@
  1 :> <<>> @@
  2 :>
      << [ pc |-> "end_cs",
           length |-> -1,
           temp |-> 0,
           procedure |-> "submit_file" ] >> )

@!@!@ENDMSG 2217 @!@!@
@!@!@STARTMSG 2217:4 @!@!@
66: <submitted line 164, col 20 to line 170, col 57 of module cliVerification>
/\ counter = <<5, 3, 2>>
/\ pc = (0 :> "Error" @@ 1 :> "Done" @@ 2 :> "end_cs")
/\ temp = (0 :> 0 @@ 1 :> 0 @@ 2 :> 0)
/\ current_file = <<14, 7>>
/\ termination_latch = 1
/\ batches = <<<<2, 4, 5, 10, 3, 14>>, <<3, 5, 1, 7, 9, 4>>>>
/\ length = (0 :> -1 @@ 1 :> -1 @@ 2 :> -1)
/\ mutex = 0
/\ batch = <<<<>>, <<9, 4>>>>
/\ stack = ( 0 :> <<[pc |-> "attending", procedure |-> "distribute"]>> @@
  1 :> <<>> @@
  2 :> <<>> )

@!@!@ENDMSG 2217 @!@!@
@!@!@STARTMSG 2217:4 @!@!@
67: <end_cs line 230, col 17 to line 234, col 68 of module cliVerification>
/\ counter = <<5, 3, 2>>
/\ pc = (0 :> "Error" @@ 1 :> "Done" @@ 2 :> "loop")
/\ temp = (0 :> 0 @@ 1 :> 0 @@ 2 :> 0)
/\ current_file = <<14, 7>>
/\ termination_latch = 1
/\ batches = <<<<2, 4, 5, 10, 3, 14>>, <<3, 5, 1, 7, 9, 4>>>>
/\ length = (0 :> -1 @@ 1 :> -1 @@ 2 :> -1)
/\ mutex = 1
/\ batch = <<<<>>, <<9, 4>>>>
/\ stack = ( 0 :> <<[pc |-> "attending", procedure |-> "distribute"]>> @@
  1 :> <<>> @@
  2 :> <<>> )

@!@!@ENDMSG 2217 @!@!@
@!@!@STARTMSG 2217:4 @!@!@
68: <loop line 205, col 15 to line 216, col 70 of module cliVerification>
/\ counter = <<5, 3, 2>>
/\ pc = (0 :> "Error" @@ 1 :> "Done" @@ 2 :> "CS")
/\ temp = (0 :> 0 @@ 1 :> 0 @@ 2 :> 0)
/\ current_file = <<14, 9>>
/\ termination_latch = 1
/\ batches = <<<<2, 4, 5, 10, 3, 14>>, <<3, 5, 1, 7, 9, 4>>>>
/\ length = (0 :> -1 @@ 1 :> -1 @@ 2 :> -1)
/\ mutex = 0
/\ batch = <<<<>>, <<4>>>>
/\ stack = ( 0 :> <<[pc |-> "attending", procedure |-> "distribute"]>> @@
  1 :> <<>> @@
  2 :> <<>> )

@!@!@ENDMSG 2217 @!@!@
@!@!@STARTMSG 2217:4 @!@!@
69: <CS line 218, col 13 to line 228, col 43 of module cliVerification>
/\ counter = <<5, 3, 2>>
/\ pc = (0 :> "Error" @@ 1 :> "Done" @@ 2 :> "Update")
/\ temp = (0 :> 0 @@ 1 :> 0 @@ 2 :> 0)
/\ current_file = <<14, 9>>
/\ termination_latch = 1
/\ batches = <<<<2, 4, 5, 10, 3, 14>>, <<3, 5, 1, 7, 9, 4>>>>
/\ length = (0 :> -1 @@ 1 :> -1 @@ 2 :> 9)
/\ mutex = 0
/\ batch = <<<<>>, <<4>>>>
/\ stack = ( 0 :> <<[pc |-> "attending", procedure |-> "distribute"]>> @@
  1 :> <<>> @@
  2 :>
      << [ pc |-> "end_cs",
           length |-> -1,
           temp |-> 0,
           procedure |-> "submit_file" ] >> )

@!@!@ENDMSG 2217 @!@!@
@!@!@STARTMSG 2217:4 @!@!@
70: <Update line 134, col 17 to line 144, col 69 of module cliVerification>
/\ counter = <<5, 3, 2>>
/\ pc = (0 :> "Error" @@ 1 :> "Done" @@ 2 :> "update2")
/\ temp = (0 :> 0 @@ 1 :> 0 @@ 2 :> 3)
/\ current_file = <<14, 9>>
/\ termination_latch = 1
/\ batches = <<<<2, 4, 5, 10, 3, 14>>, <<3, 5, 1, 7, 9, 4>>>>
/\ length = (0 :> -1 @@ 1 :> -1 @@ 2 :> 9)
/\ mutex = 0
/\ batch = <<<<>>, <<4>>>>
/\ stack = ( 0 :> <<[pc |-> "attending", procedure |-> "distribute"]>> @@
  1 :> <<>> @@
  2 :>
      << [ pc |-> "end_cs",
           length |-> -1,
           temp |-> 0,
           procedure |-> "submit_file" ] >> )

@!@!@ENDMSG 2217 @!@!@
@!@!@STARTMSG 2217:4 @!@!@
71: <update2 line 152, col 18 to line 156, col 69 of module cliVerification>
/\ counter = <<5, 4, 2>>
/\ pc = (0 :> "Error" @@ 1 :> "Done" @@ 2 :> "submitted")
/\ temp = (0 :> 0 @@ 1 :> 0 @@ 2 :> 3)
/\ current_file = <<14, 9>>
/\ termination_latch = 1
/\ batches = <<<<2, 4, 5, 10, 3, 14>>, <<3, 5, 1, 7, 9, 4>>>>
/\ length = (0 :> -1 @@ 1 :> -1 @@ 2 :> 9)
/\ mutex = 0
/\ batch = <<<<>>, <<4>>>>
/\ stack = ( 0 :> <<[pc |-> "attending", procedure |-> "distribute"]>> @@
  1 :> <<>> @@
  2 :>
      << [ pc |-> "end_cs",
           length |-> -1,
           temp |-> 0,
           procedure |-> "submit_file" ] >> )

@!@!@ENDMSG 2217 @!@!@
@!@!@STARTMSG 2217:4 @!@!@
72: <submitted line 164, col 20 to line 170, col 57 of module cliVerification>
/\ counter = <<5, 4, 2>>
/\ pc = (0 :> "Error" @@ 1 :> "Done" @@ 2 :> "end_cs")
/\ temp = (0 :> 0 @@ 1 :> 0 @@ 2 :> 0)
/\ current_file = <<14, 9>>
/\ termination_latch = 1
/\ batches = <<<<2, 4, 5, 10, 3, 14>>, <<3, 5, 1, 7, 9, 4>>>>
/\ length = (0 :> -1 @@ 1 :> -1 @@ 2 :> -1)
/\ mutex = 0
/\ batch = <<<<>>, <<4>>>>
/\ stack = ( 0 :> <<[pc |-> "attending", procedure |-> "distribute"]>> @@
  1 :> <<>> @@
  2 :> <<>> )

@!@!@ENDMSG 2217 @!@!@
@!@!@STARTMSG 2217:4 @!@!@
73: <end_cs line 230, col 17 to line 234, col 68 of module cliVerification>
/\ counter = <<5, 4, 2>>
/\ pc = (0 :> "Error" @@ 1 :> "Done" @@ 2 :> "loop")
/\ temp = (0 :> 0 @@ 1 :> 0 @@ 2 :> 0)
/\ current_file = <<14, 9>>
/\ termination_latch = 1
/\ batches = <<<<2, 4, 5, 10, 3, 14>>, <<3, 5, 1, 7, 9, 4>>>>
/\ length = (0 :> -1 @@ 1 :> -1 @@ 2 :> -1)
/\ mutex = 1
/\ batch = <<<<>>, <<4>>>>
/\ stack = ( 0 :> <<[pc |-> "attending", procedure |-> "distribute"]>> @@
  1 :> <<>> @@
  2 :> <<>> )

@!@!@ENDMSG 2217 @!@!@
@!@!@STARTMSG 2217:4 @!@!@
74: <loop line 205, col 15 to line 216, col 70 of module cliVerification>
/\ counter = <<5, 4, 2>>
/\ pc = (0 :> "Error" @@ 1 :> "Done" @@ 2 :> "CS")
/\ temp = (0 :> 0 @@ 1 :> 0 @@ 2 :> 0)
/\ current_file = <<14, 4>>
/\ termination_latch = 1
/\ batches = <<<<2, 4, 5, 10, 3, 14>>, <<3, 5, 1, 7, 9, 4>>>>
/\ length = (0 :> -1 @@ 1 :> -1 @@ 2 :> -1)
/\ mutex = 0
/\ batch = <<<<>>, <<>>>>
/\ stack = ( 0 :> <<[pc |-> "attending", procedure |-> "distribute"]>> @@
  1 :> <<>> @@
  2 :> <<>> )

@!@!@ENDMSG 2217 @!@!@
@!@!@STARTMSG 2217:4 @!@!@
75: <CS line 218, col 13 to line 228, col 43 of module cliVerification>
/\ counter = <<5, 4, 2>>
/\ pc = (0 :> "Error" @@ 1 :> "Done" @@ 2 :> "Update")
/\ temp = (0 :> 0 @@ 1 :> 0 @@ 2 :> 0)
/\ current_file = <<14, 4>>
/\ termination_latch = 1
/\ batches = <<<<2, 4, 5, 10, 3, 14>>, <<3, 5, 1, 7, 9, 4>>>>
/\ length = (0 :> -1 @@ 1 :> -1 @@ 2 :> 4)
/\ mutex = 0
/\ batch = <<<<>>, <<>>>>
/\ stack = ( 0 :> <<[pc |-> "attending", procedure |-> "distribute"]>> @@
  1 :> <<>> @@
  2 :>
      << [ pc |-> "end_cs",
           length |-> -1,
           temp |-> 0,
           procedure |-> "submit_file" ] >> )

@!@!@ENDMSG 2217 @!@!@
@!@!@STARTMSG 2217:4 @!@!@
76: <Update line 134, col 17 to line 144, col 69 of module cliVerification>
/\ counter = <<5, 4, 2>>
/\ pc = (0 :> "Error" @@ 1 :> "Done" @@ 2 :> "update1")
/\ temp = (0 :> 0 @@ 1 :> 0 @@ 2 :> 5)
/\ current_file = <<14, 4>>
/\ termination_latch = 1
/\ batches = <<<<2, 4, 5, 10, 3, 14>>, <<3, 5, 1, 7, 9, 4>>>>
/\ length = (0 :> -1 @@ 1 :> -1 @@ 2 :> 4)
/\ mutex = 0
/\ batch = <<<<>>, <<>>>>
/\ stack = ( 0 :> <<[pc |-> "attending", procedure |-> "distribute"]>> @@
  1 :> <<>> @@
  2 :>
      << [ pc |-> "end_cs",
           length |-> -1,
           temp |-> 0,
           procedure |-> "submit_file" ] >> )

@!@!@ENDMSG 2217 @!@!@
@!@!@STARTMSG 2217:4 @!@!@
77: <update1 line 146, col 18 to line 150, col 69 of module cliVerification>
/\ counter = <<6, 4, 2>>
/\ pc = (0 :> "Error" @@ 1 :> "Done" @@ 2 :> "submitted")
/\ temp = (0 :> 0 @@ 1 :> 0 @@ 2 :> 5)
/\ current_file = <<14, 4>>
/\ termination_latch = 1
/\ batches = <<<<2, 4, 5, 10, 3, 14>>, <<3, 5, 1, 7, 9, 4>>>>
/\ length = (0 :> -1 @@ 1 :> -1 @@ 2 :> 4)
/\ mutex = 0
/\ batch = <<<<>>, <<>>>>
/\ stack = ( 0 :> <<[pc |-> "attending", procedure |-> "distribute"]>> @@
  1 :> <<>> @@
  2 :>
      << [ pc |-> "end_cs",
           length |-> -1,
           temp |-> 0,
           procedure |-> "submit_file" ] >> )

@!@!@ENDMSG 2217 @!@!@
@!@!@STARTMSG 2217:4 @!@!@
78: <submitted line 164, col 20 to line 170, col 57 of module cliVerification>
/\ counter = <<6, 4, 2>>
/\ pc = (0 :> "Error" @@ 1 :> "Done" @@ 2 :> "end_cs")
/\ temp = (0 :> 0 @@ 1 :> 0 @@ 2 :> 0)
/\ current_file = <<14, 4>>
/\ termination_latch = 1
/\ batches = <<<<2, 4, 5, 10, 3, 14>>, <<3, 5, 1, 7, 9, 4>>>>
/\ length = (0 :> -1 @@ 1 :> -1 @@ 2 :> -1)
/\ mutex = 0
/\ batch = <<<<>>, <<>>>>
/\ stack = ( 0 :> <<[pc |-> "attending", procedure |-> "distribute"]>> @@
  1 :> <<>> @@
  2 :> <<>> )

@!@!@ENDMSG 2217 @!@!@
@!@!@STARTMSG 2217:4 @!@!@
79: <end_cs line 230, col 17 to line 234, col 68 of module cliVerification>
/\ counter = <<6, 4, 2>>
/\ pc = (0 :> "Error" @@ 1 :> "Done" @@ 2 :> "loop")
/\ temp = (0 :> 0 @@ 1 :> 0 @@ 2 :> 0)
/\ current_file = <<14, 4>>
/\ termination_latch = 1
/\ batches = <<<<2, 4, 5, 10, 3, 14>>, <<3, 5, 1, 7, 9, 4>>>>
/\ length = (0 :> -1 @@ 1 :> -1 @@ 2 :> -1)
/\ mutex = 1
/\ batch = <<<<>>, <<>>>>
/\ stack = ( 0 :> <<[pc |-> "attending", procedure |-> "distribute"]>> @@
  1 :> <<>> @@
  2 :> <<>> )

@!@!@ENDMSG 2217 @!@!@
@!@!@STARTMSG 2217:4 @!@!@
80: <loop line 205, col 15 to line 216, col 70 of module cliVerification>
/\ counter = <<6, 4, 2>>
/\ pc = (0 :> "Error" @@ 1 :> "Done" @@ 2 :> "Done")
/\ temp = (0 :> 0 @@ 1 :> 0 @@ 2 :> 0)
/\ current_file = <<14, 4>>
/\ termination_latch = 0
/\ batches = <<<<2, 4, 5, 10, 3, 14>>, <<3, 5, 1, 7, 9, 4>>>>
/\ length = (0 :> -1 @@ 1 :> -1 @@ 2 :> -1)
/\ mutex = 1
/\ batch = <<<<>>, <<>>>>
/\ stack = ( 0 :> <<[pc |-> "attending", procedure |-> "distribute"]>> @@
  1 :> <<>> @@
  2 :> <<>> )

@!@!@ENDMSG 2217 @!@!@
@!@!@STARTMSG 2218:4 @!@!@
81: Stuttering
@!@!@ENDMSG 2218 @!@!@
@!@!@STARTMSG 2267:0 @!@!@
Finished checking temporal properties in 00s at 2023-04-11 03:05:20
@!@!@ENDMSG 2267 @!@!@
@!@!@STARTMSG 2201:0 @!@!@
The coverage statistics at 2023-04-11 03:05:20
@!@!@ENDMSG 2201 @!@!@
@!@!@STARTMSG 2773:0 @!@!@
<Init line 105, col 1 to line 105, col 4 of module cliVerification>: 2:2
@!@!@ENDMSG 2773 @!@!@
@!@!@STARTMSG 2221:0 @!@!@
  line 106, col 9 to line 118, col 72 of module cliVerification: 2
@!@!@ENDMSG 2221 @!@!@
@!@!@STARTMSG 2772:0 @!@!@
<batch_1 line 120, col 1 to line 120, col 13 of module cliVerification>: 1:3
@!@!@ENDMSG 2772 @!@!@
@!@!@STARTMSG 2221:0 @!@!@
  line 120, col 21 to line 120, col 40 of module cliVerification: 2225
@!@!@ENDMSG 2221 @!@!@
@!@!@STARTMSG 2221:0 @!@!@
  |line 120, col 21 to line 120, col 28 of module cliVerification: 2222
@!@!@ENDMSG 2221 @!@!@
@!@!@STARTMSG 2221:0 @!@!@
  line 121, col 21 to line 121, col 77 of module cliVerification: 3
@!@!@ENDMSG 2221 @!@!@
@!@!@STARTMSG 2221:0 @!@!@
  line 122, col 21 to line 122, col 57 of module cliVerification: 3
@!@!@ENDMSG 2221 @!@!@
@!@!@STARTMSG 2221:0 @!@!@
  line 123, col 21 to line 124, col 69 of module cliVerification: 3
@!@!@ENDMSG 2221 @!@!@
@!@!@STARTMSG 2772:0 @!@!@
<batch_2 line 126, col 1 to line 126, col 13 of module cliVerification>: 1:41
@!@!@ENDMSG 2772 @!@!@
@!@!@STARTMSG 2221:0 @!@!@
  line 126, col 21 to line 126, col 40 of module cliVerification: 2262
@!@!@ENDMSG 2221 @!@!@
@!@!@STARTMSG 2221:0 @!@!@
  |line 126, col 21 to line 126, col 28 of module cliVerification: 2221
@!@!@ENDMSG 2221 @!@!@
@!@!@STARTMSG 2221:0 @!@!@
  line 127, col 21 to line 127, col 75 of module cliVerification: 41
@!@!@ENDMSG 2221 @!@!@
@!@!@STARTMSG 2221:0 @!@!@
  line 128, col 21 to line 128, col 55 of module cliVerification: 41
@!@!@ENDMSG 2221 @!@!@
@!@!@STARTMSG 2221:0 @!@!@
  line 129, col 21 to line 130, col 69 of module cliVerification: 41
@!@!@ENDMSG 2221 @!@!@
@!@!@STARTMSG 2772:0 @!@!@
<Update line 134, col 1 to line 134, col 12 of module cliVerification>: 102:126
@!@!@ENDMSG 2772 @!@!@
@!@!@STARTMSG 2221:0 @!@!@
  line 134, col 20 to line 134, col 38 of module cliVerification: 2346
@!@!@ENDMSG 2221 @!@!@
@!@!@STARTMSG 2221:0 @!@!@
  |line 134, col 20 to line 134, col 27 of module cliVerification: 2220
@!@!@ENDMSG 2221 @!@!@
@!@!@STARTMSG 2221:0 @!@!@
  line 135, col 23 to line 135, col 38 of module cliVerification: 126
@!@!@ENDMSG 2221 @!@!@
@!@!@STARTMSG 2221:0 @!@!@
  line 136, col 28 to line 137, col 67 of module cliVerification: 63
@!@!@ENDMSG 2221 @!@!@
@!@!@STARTMSG 2221:0 @!@!@
  line 138, col 34 to line 138, col 50 of module cliVerification: 63
@!@!@ENDMSG 2221 @!@!@
@!@!@STARTMSG 2221:0 @!@!@
  line 139, col 39 to line 140, col 78 of module cliVerification: 41
@!@!@ENDMSG 2221 @!@!@
@!@!@STARTMSG 2221:0 @!@!@
  line 141, col 39 to line 142, col 78 of module cliVerification: 22
@!@!@ENDMSG 2221 @!@!@
@!@!@STARTMSG 2221:0 @!@!@
  line 143, col 20 to line 144, col 69 of module cliVerification: 126
@!@!@ENDMSG 2221 @!@!@
@!@!@STARTMSG 2772:0 @!@!@
<update1 line 146, col 1 to line 146, col 13 of module cliVerification>: 51:68
@!@!@ENDMSG 2772 @!@!@
@!@!@STARTMSG 2221:0 @!@!@
  line 146, col 21 to line 146, col 40 of module cliVerification: 2276
@!@!@ENDMSG 2221 @!@!@
@!@!@STARTMSG 2221:0 @!@!@
  |line 146, col 21 to line 146, col 28 of module cliVerification: 2208
@!@!@ENDMSG 2221 @!@!@
@!@!@STARTMSG 2221:0 @!@!@
  line 147, col 21 to line 147, col 69 of module cliVerification: 68
@!@!@ENDMSG 2221 @!@!@
@!@!@STARTMSG 2221:0 @!@!@
  line 148, col 21 to line 148, col 59 of module cliVerification: 68
@!@!@ENDMSG 2221 @!@!@
@!@!@STARTMSG 2221:0 @!@!@
  line 149, col 21 to line 150, col 69 of module cliVerification: 68
@!@!@ENDMSG 2221 @!@!@
@!@!@STARTMSG 2772:0 @!@!@
<update2 line 152, col 1 to line 152, col 13 of module cliVerification>: 35:41
@!@!@ENDMSG 2772 @!@!@
@!@!@STARTMSG 2221:0 @!@!@
  line 152, col 21 to line 152, col 40 of module cliVerification: 2243
@!@!@ENDMSG 2221 @!@!@
@!@!@STARTMSG 2221:0 @!@!@
  |line 152, col 21 to line 152, col 28 of module cliVerification: 2202
@!@!@ENDMSG 2221 @!@!@
@!@!@STARTMSG 2221:0 @!@!@
  line 153, col 21 to line 153, col 69 of module cliVerification: 41
@!@!@ENDMSG 2221 @!@!@
@!@!@STARTMSG 2221:0 @!@!@
  line 154, col 21 to line 154, col 59 of module cliVerification: 41
@!@!@ENDMSG 2221 @!@!@
@!@!@STARTMSG 2221:0 @!@!@
  line 155, col 21 to line 156, col 69 of module cliVerification: 41
@!@!@ENDMSG 2221 @!@!@
@!@!@STARTMSG 2772:0 @!@!@
<update3 line 158, col 1 to line 158, col 13 of module cliVerification>: 16:22
@!@!@ENDMSG 2772 @!@!@
@!@!@STARTMSG 2221:0 @!@!@
  line 158, col 21 to line 158, col 40 of module cliVerification: 2220
@!@!@ENDMSG 2221 @!@!@
@!@!@STARTMSG 2221:0 @!@!@
  |line 158, col 21 to line 158, col 28 of module cliVerification: 2198
@!@!@ENDMSG 2221 @!@!@
@!@!@STARTMSG 2221:0 @!@!@
  line 159, col 21 to line 159, col 69 of module cliVerification: 22
@!@!@ENDMSG 2221 @!@!@
@!@!@STARTMSG 2221:0 @!@!@
  line 160, col 21 to line 160, col 59 of module cliVerification: 22
@!@!@ENDMSG 2221 @!@!@
@!@!@STARTMSG 2221:0 @!@!@
  line 161, col 21 to line 162, col 69 of module cliVerification: 22
@!@!@ENDMSG 2221 @!@!@
@!@!@STARTMSG 2772:0 @!@!@
<submitted line 164, col 1 to line 164, col 15 of module cliVerification>: 103:126
@!@!@ENDMSG 2772 @!@!@
@!@!@STARTMSG 2221:0 @!@!@
  line 164, col 23 to line 164, col 44 of module cliVerification: 2322
@!@!@ENDMSG 2221 @!@!@
@!@!@STARTMSG 2221:0 @!@!@
  |line 164, col 23 to line 164, col 30 of module cliVerification: 2196
@!@!@ENDMSG 2221 @!@!@
@!@!@STARTMSG 2221:0 @!@!@
  line 165, col 23 to line 165, col 70 of module cliVerification: 126
@!@!@ENDMSG 2221 @!@!@
@!@!@STARTMSG 2221:0 @!@!@
  line 166, col 23 to line 166, col 76 of module cliVerification: 126
@!@!@ENDMSG 2221 @!@!@
@!@!@STARTMSG 2221:0 @!@!@
  line 167, col 23 to line 167, col 82 of module cliVerification: 126
@!@!@ENDMSG 2221 @!@!@
@!@!@STARTMSG 2221:0 @!@!@
  line 168, col 23 to line 168, col 73 of module cliVerification: 126
@!@!@ENDMSG 2221 @!@!@
@!@!@STARTMSG 2221:0 @!@!@
  line 169, col 23 to line 170, col 57 of module cliVerification: 126
@!@!@ENDMSG 2221 @!@!@
@!@!@STARTMSG 2772:0 @!@!@
<set_latch line 175, col 1 to line 175, col 9 of module cliVerification>: 1:2
@!@!@ENDMSG 2772 @!@!@
@!@!@STARTMSG 2221:0 @!@!@
  line 175, col 17 to line 175, col 35 of module cliVerification: 751
@!@!@ENDMSG 2221 @!@!@
@!@!@STARTMSG 2221:0 @!@!@
  |line 175, col 17 to line 175, col 21 of module cliVerification: 749
@!@!@ENDMSG 2221 @!@!@
@!@!@STARTMSG 2221:0 @!@!@
  line 176, col 17 to line 176, col 38 of module cliVerification: 2
@!@!@ENDMSG 2221 @!@!@
@!@!@STARTMSG 2221:0 @!@!@
  line 177, col 17 to line 179, col 59 of module cliVerification: 2
@!@!@ENDMSG 2221 @!@!@
@!@!@STARTMSG 2221:0 @!@!@
  line 180, col 17 to line 180, col 50 of module cliVerification: 2
@!@!@ENDMSG 2221 @!@!@
@!@!@STARTMSG 2221:0 @!@!@
  line 181, col 17 to line 182, col 44 of module cliVerification: 2
@!@!@ENDMSG 2221 @!@!@
@!@!@STARTMSG 2772:0 @!@!@
<attending line 184, col 1 to line 184, col 9 of module cliVerification>: 0:0
@!@!@ENDMSG 2772 @!@!@
@!@!@STARTMSG 2221:0 @!@!@
  line 184, col 17 to line 184, col 35 of module cliVerification: 748
@!@!@ENDMSG 2221 @!@!@
@!@!@STARTMSG 2221:0 @!@!@
  line 186, col 17 to line 186, col 51 of module cliVerification: 0
@!@!@ENDMSG 2221 @!@!@
@!@!@STARTMSG 2221:0 @!@!@
  line 187, col 17 to line 188, col 65 of module cliVerification: 0
@!@!@ENDMSG 2221 @!@!@
@!@!@STARTMSG 2772:0 @!@!@
<finished line 190, col 1 to line 190, col 8 of module cliVerification>: 0:0
@!@!@ENDMSG 2772 @!@!@
@!@!@STARTMSG 2221:0 @!@!@
  line 190, col 16 to line 190, col 33 of module cliVerification: 748
@!@!@ENDMSG 2221 @!@!@
@!@!@STARTMSG 2221:0 @!@!@
  line 192, col 16 to line 192, col 46 of module cliVerification: 0
@!@!@ENDMSG 2221 @!@!@
@!@!@STARTMSG 2221:0 @!@!@
  line 193, col 16 to line 194, col 64 of module cliVerification: 0
@!@!@ENDMSG 2221 @!@!@
@!@!@STARTMSG 2772:0 @!@!@
<Count line 198, col 1 to line 198, col 11 of module cliVerification>: 44:82
@!@!@ENDMSG 2772 @!@!@
@!@!@STARTMSG 2221:0 @!@!@
  line 198, col 19 to line 198, col 36 of module cliVerification: 1482
@!@!@ENDMSG 2221 @!@!@
@!@!@STARTMSG 2221:0 @!@!@
  |line 198, col 19 to line 198, col 26 of module cliVerification: 1400
@!@!@ENDMSG 2221 @!@!@
@!@!@STARTMSG 2221:0 @!@!@
  line 199, col 19 to line 199, col 39 of module cliVerification: 210
@!@!@ENDMSG 2221 @!@!@
@!@!@STARTMSG 2221:0 @!@!@
  |line 199, col 19 to line 199, col 31 of module cliVerification: 128
@!@!@ENDMSG 2221 @!@!@
@!@!@STARTMSG 2221:0 @!@!@
  |line 199, col 36 to line 199, col 39 of module cliVerification: 128
@!@!@ENDMSG 2221 @!@!@
@!@!@STARTMSG 2221:0 @!@!@
  line 200, col 19 to line 200, col 65 of module cliVerification: 82
@!@!@ENDMSG 2221 @!@!@
@!@!@STARTMSG 2221:0 @!@!@
  line 201, col 19 to line 201, col 52 of module cliVerification: 82
@!@!@ENDMSG 2221 @!@!@
@!@!@STARTMSG 2221:0 @!@!@
  line 202, col 19 to line 203, col 67 of module cliVerification: 82
@!@!@ENDMSG 2221 @!@!@
@!@!@STARTMSG 2772:0 @!@!@
<loop line 205, col 1 to line 205, col 10 of module cliVerification>: 136:209
@!@!@ENDMSG 2772 @!@!@
@!@!@STARTMSG 2221:0 @!@!@
  line 205, col 18 to line 205, col 34 of module cliVerification: 1607
@!@!@ENDMSG 2221 @!@!@
@!@!@STARTMSG 2221:0 @!@!@
  |line 205, col 18 to line 205, col 25 of module cliVerification: 1398
@!@!@ENDMSG 2221 @!@!@
@!@!@STARTMSG 2221:0 @!@!@
  line 206, col 21 to line 206, col 39 of module cliVerification: 576
@!@!@ENDMSG 2221 @!@!@
@!@!@STARTMSG 2221:0 @!@!@
  line 207, col 29 to line 207, col 93 of module cliVerification: 128
@!@!@ENDMSG 2221 @!@!@
@!@!@STARTMSG 2221:0 @!@!@
  |line 207, col 45 to line 207, col 93 of module cliVerification: 495
@!@!@ENDMSG 2221 @!@!@
@!@!@STARTMSG 2221:0 @!@!@
  line 208, col 29 to line 208, col 79 of module cliVerification: 128
@!@!@ENDMSG 2221 @!@!@
@!@!@STARTMSG 2221:0 @!@!@
  |line 208, col 38 to line 208, col 79 of module cliVerification: 495
@!@!@ENDMSG 2221 @!@!@
@!@!@STARTMSG 2221:0 @!@!@
  line 209, col 29 to line 209, col 37 of module cliVerification: 128
@!@!@ENDMSG 2221 @!@!@
@!@!@STARTMSG 2221:0 @!@!@
  |line 209, col 29 to line 209, col 33 of module cliVerification: 495
@!@!@ENDMSG 2221 @!@!@
@!@!@STARTMSG 2221:0 @!@!@
  line 210, col 29 to line 210, col 46 of module cliVerification: 128
@!@!@ENDMSG 2221 @!@!@
@!@!@STARTMSG 2221:0 @!@!@
  line 211, col 29 to line 211, col 60 of module cliVerification: 128
@!@!@ENDMSG 2221 @!@!@
@!@!@STARTMSG 2221:0 @!@!@
  line 212, col 29 to line 212, col 55 of module cliVerification: 128
@!@!@ENDMSG 2221 @!@!@
@!@!@STARTMSG 2221:0 @!@!@
  line 213, col 29 to line 213, col 70 of module cliVerification: 81
@!@!@ENDMSG 2221 @!@!@
@!@!@STARTMSG 2221:0 @!@!@
  line 214, col 29 to line 214, col 62 of module cliVerification: 81
@!@!@ENDMSG 2221 @!@!@
@!@!@STARTMSG 2221:0 @!@!@
  line 215, col 29 to line 215, col 70 of module cliVerification: 81
@!@!@ENDMSG 2221 @!@!@
@!@!@STARTMSG 2221:0 @!@!@
  line 216, col 18 to line 216, col 70 of module cliVerification: 209
@!@!@ENDMSG 2221 @!@!@
@!@!@STARTMSG 2772:0 @!@!@
<CS line 218, col 1 to line 218, col 8 of module cliVerification>: 103:126
@!@!@ENDMSG 2772 @!@!@
@!@!@STARTMSG 2221:0 @!@!@
  line 218, col 16 to line 218, col 30 of module cliVerification: 1510
@!@!@ENDMSG 2221 @!@!@
@!@!@STARTMSG 2221:0 @!@!@
  |line 218, col 16 to line 218, col 23 of module cliVerification: 1384
@!@!@ENDMSG 2221 @!@!@
@!@!@STARTMSG 2221:0 @!@!@
  line 219, col 16 to line 224, col 67 of module cliVerification: 126
@!@!@ENDMSG 2221 @!@!@
@!@!@STARTMSG 2221:0 @!@!@
  line 225, col 16 to line 225, col 48 of module cliVerification: 126
@!@!@ENDMSG 2221 @!@!@
@!@!@STARTMSG 2221:0 @!@!@
  line 226, col 16 to line 226, col 51 of module cliVerification: 126
@!@!@ENDMSG 2221 @!@!@
@!@!@STARTMSG 2221:0 @!@!@
  line 227, col 16 to line 228, col 43 of module cliVerification: 126
@!@!@ENDMSG 2221 @!@!@
@!@!@STARTMSG 2772:0 @!@!@
<end_cs line 230, col 1 to line 230, col 12 of module cliVerification>: 68:126
@!@!@ENDMSG 2772 @!@!@
@!@!@STARTMSG 2221:0 @!@!@
  line 230, col 20 to line 230, col 38 of module cliVerification: 1498
@!@!@ENDMSG 2221 @!@!@
@!@!@STARTMSG 2221:0 @!@!@
  |line 230, col 20 to line 230, col 27 of module cliVerification: 1372
@!@!@ENDMSG 2221 @!@!@
@!@!@STARTMSG 2221:0 @!@!@
  line 231, col 20 to line 231, col 37 of module cliVerification: 126
@!@!@ENDMSG 2221 @!@!@
@!@!@STARTMSG 2221:0 @!@!@
  line 232, col 20 to line 232, col 53 of module cliVerification: 126
@!@!@ENDMSG 2221 @!@!@
@!@!@STARTMSG 2221:0 @!@!@
  line 233, col 20 to line 234, col 68 of module cliVerification: 126
@!@!@ENDMSG 2221 @!@!@
@!@!@STARTMSG 2772:0 @!@!@
<Terminating line 239, col 1 to line 239, col 11 of module cliVerification>: 0:0
@!@!@ENDMSG 2772 @!@!@
@!@!@STARTMSG 2221:0 @!@!@
  line 239, col 19 to line 239, col 56 of module cliVerification: 670
@!@!@ENDMSG 2221 @!@!@
@!@!@STARTMSG 2221:0 @!@!@
  line 240, col 19 to line 240, col 32 of module cliVerification: 0
@!@!@ENDMSG 2221 @!@!@
@!@!@STARTMSG 2774:0 @!@!@
<Action line 94, col 22 to line 94, col 52 of module cliVerification>
@!@!@ENDMSG 2774 @!@!@
@!@!@STARTMSG 2221:0 @!@!@
  line 94, col 22 to line 94, col 52 of module cliVerification: 662
@!@!@ENDMSG 2221 @!@!@
@!@!@STARTMSG 2221:0 @!@!@
  |line 94, col 24 to line 94, col 51 of module cliVerification: 662
@!@!@ENDMSG 2221 @!@!@
@!@!@STARTMSG 2221:0 @!@!@
  ||line 94, col 24 to line 94, col 35 of module cliVerification: 662
@!@!@ENDMSG 2221 @!@!@
@!@!@STARTMSG 2221:0 @!@!@
  ||line 94, col 40 to line 94, col 51 of module cliVerification: 60
@!@!@ENDMSG 2221 @!@!@
@!@!@STARTMSG 2202:0 @!@!@
End of statistics.
@!@!@ENDMSG 2202 @!@!@
@!@!@STARTMSG 2200:0 @!@!@
Progress(80) at 2023-04-11 03:05:20: 884 states generated (15,254 s/min), 662 distinct states found (11,423 ds/min), 0 states left on queue.
@!@!@ENDMSG 2200 @!@!@
@!@!@STARTMSG 2199:0 @!@!@
884 states generated, 662 distinct states found, 0 states left on queue.
@!@!@ENDMSG 2199 @!@!@
@!@!@STARTMSG 2186:0 @!@!@
Finished in 3487ms at (2023-04-11 03:05:20)
@!@!@ENDMSG 2186 @!@!@
