@!@!@STARTMSG 2262:0 @!@!@
TLC2 Version 2.16 of 31 December 2020 (rev: cdddf55)
@!@!@ENDMSG 2262 @!@!@
@!@!@STARTMSG 2187:0 @!@!@
Running breadth-first search Model-Checking with fp 3 and seed 3415658612338472424 with 4 workers on 8 cores with 1774MB heap and 3986MB offheap memory [pid: 241126] (Linux 5.19.0-38-generic amd64, AdoptOpenJDK 14.0.1 x86_64, OffHeapDiskFPSet, DiskStateQueue).
@!@!@ENDMSG 2187 @!@!@
@!@!@STARTMSG 2220:0 @!@!@
Starting SANY...
@!@!@ENDMSG 2220 @!@!@
Parsing file /home/kelvin/University/pcd/assignment-01/src/main/tla/gui.toolbox/Model_1/MC.tla
Parsing file /home/kelvin/University/pcd/assignment-01/src/main/tla/gui.toolbox/Model_1/gui.tla
Parsing file /opt/toolbox/plugins/org.lamport.tlatools_1.0.0.202012311918/tla2sany/StandardModules/TLC.tla
Parsing file /opt/toolbox/plugins/org.lamport.tlatools_1.0.0.202012311918/tla2sany/StandardModules/Integers.tla
Parsing file /opt/toolbox/plugins/org.lamport.tlatools_1.0.0.202012311918/tla2sany/StandardModules/Sequences.tla
Parsing file /opt/toolbox/plugins/org.lamport.tlatools_1.0.0.202012311918/tla2sany/StandardModules/Naturals.tla
Parsing file /opt/toolbox/plugins/org.lamport.tlatools_1.0.0.202012311918/tla2sany/StandardModules/FiniteSets.tla
Semantic processing of module Naturals
Semantic processing of module Sequences
Semantic processing of module FiniteSets
Semantic processing of module TLC
Semantic processing of module Integers
Semantic processing of module gui
Semantic processing of module MC
@!@!@STARTMSG 2219:0 @!@!@
SANY finished.
@!@!@ENDMSG 2219 @!@!@
@!@!@STARTMSG 2185:0 @!@!@
Starting... (2023-04-11 12:22:47)
@!@!@ENDMSG 2185 @!@!@
@!@!@STARTMSG 2212:0 @!@!@
Implied-temporal checking--satisfiability problem has 4 branches.
@!@!@ENDMSG 2212 @!@!@
@!@!@STARTMSG 2189:0 @!@!@
Computing initial states...
@!@!@ENDMSG 2189 @!@!@
@!@!@STARTMSG 2190:0 @!@!@
Finished computing initial states: 1 distinct state generated at 2023-04-11 12:22:48.
@!@!@ENDMSG 2190 @!@!@
@!@!@STARTMSG 2114:1 @!@!@
Deadlock reached.
@!@!@ENDMSG 2114 @!@!@
@!@!@STARTMSG 2121:1 @!@!@
The behavior up to this point is:
@!@!@ENDMSG 2121 @!@!@
@!@!@STARTMSG 2217:4 @!@!@
1: <Initial predicate>
/\ counter = <<0, 0, 0>>
/\ pc = (0 :> "set_latch" @@ 1 :> "Count" @@ 2 :> "Count")
/\ temp = (0 :> 0 @@ 1 :> 0 @@ 2 :> 0)
/\ current_file = <<0, 0>>
/\ view_notifications = 0
/\ termination_latch = 0
/\ batches = <<<<>>, <<>>>>
/\ length = (0 :> -1 @@ 1 :> -1 @@ 2 :> -1)
/\ mutex = 1
/\ batch = <<<<>>, <<>>>>
/\ stack = (0 :> <<>> @@ 1 :> <<>> @@ 2 :> <<>>)

@!@!@ENDMSG 2217 @!@!@
@!@!@STARTMSG 2217:4 @!@!@
2: <set_latch line 221, col 14 to line 228, col 65 of module gui>
/\ counter = <<0, 0, 0>>
/\ pc = (0 :> "batch_1" @@ 1 :> "Count" @@ 2 :> "Count")
/\ temp = (0 :> 0 @@ 1 :> 0 @@ 2 :> 0)
/\ current_file = <<0, 0>>
/\ view_notifications = 0
/\ termination_latch = 2
/\ batches = <<<<>>, <<>>>>
/\ length = (0 :> -1 @@ 1 :> -1 @@ 2 :> -1)
/\ mutex = 1
/\ batch = <<<<>>, <<>>>>
/\ stack = ( 0 :> <<[pc |-> "waiting", procedure |-> "distribute"]>> @@
  1 :> <<>> @@
  2 :> <<>> )

@!@!@ENDMSG 2217 @!@!@
@!@!@STARTMSG 2217:4 @!@!@
3: <batch_1 line 131, col 18 to line 136, col 55 of module gui>
/\ counter = <<0, 0, 0>>
/\ pc = (0 :> "batch_2" @@ 1 :> "Count" @@ 2 :> "Count")
/\ temp = (0 :> 0 @@ 1 :> 0 @@ 2 :> 0)
/\ current_file = <<0, 0>>
/\ view_notifications = 0
/\ termination_latch = 2
/\ batches = <<<<2, 4, 5, 10, 3, 14>>, <<>>>>
/\ length = (0 :> -1 @@ 1 :> -1 @@ 2 :> -1)
/\ mutex = 1
/\ batch = <<<<>>, <<>>>>
/\ stack = ( 0 :> <<[pc |-> "waiting", procedure |-> "distribute"]>> @@
  1 :> <<>> @@
  2 :> <<>> )

@!@!@ENDMSG 2217 @!@!@
@!@!@STARTMSG 2217:4 @!@!@
4: <batch_2 line 138, col 18 to line 143, col 55 of module gui>
/\ counter = <<0, 0, 0>>
/\ pc = (0 :> "distributed" @@ 1 :> "Count" @@ 2 :> "Count")
/\ temp = (0 :> 0 @@ 1 :> 0 @@ 2 :> 0)
/\ current_file = <<0, 0>>
/\ view_notifications = 0
/\ termination_latch = 2
/\ batches = <<<<2, 4, 5, 10, 3, 14>>, <<3, 5, 1, 7, 9, 4>>>>
/\ length = (0 :> -1 @@ 1 :> -1 @@ 2 :> -1)
/\ mutex = 1
/\ batch = <<<<>>, <<>>>>
/\ stack = ( 0 :> <<[pc |-> "waiting", procedure |-> "distribute"]>> @@
  1 :> <<>> @@
  2 :> <<>> )

@!@!@ENDMSG 2217 @!@!@
@!@!@STARTMSG 2217:4 @!@!@
5: <distributed line 145, col 22 to line 150, col 73 of module gui>
/\ counter = <<0, 0, 0>>
/\ pc = (0 :> "waiting" @@ 1 :> "Count" @@ 2 :> "Count")
/\ temp = (0 :> 0 @@ 1 :> 0 @@ 2 :> 0)
/\ current_file = <<0, 0>>
/\ view_notifications = 0
/\ termination_latch = 2
/\ batches = <<<<2, 4, 5, 10, 3, 14>>, <<3, 5, 1, 7, 9, 4>>>>
/\ length = (0 :> -1 @@ 1 :> -1 @@ 2 :> -1)
/\ mutex = 1
/\ batch = <<<<>>, <<>>>>
/\ stack = (0 :> <<>> @@ 1 :> <<>> @@ 2 :> <<>>)

@!@!@ENDMSG 2217 @!@!@
@!@!@STARTMSG 2217:4 @!@!@
6: <Count line 246, col 16 to line 252, col 46 of module gui>
/\ counter = <<0, 0, 0>>
/\ pc = (0 :> "waiting" @@ 1 :> "loop" @@ 2 :> "Count")
/\ temp = (0 :> 0 @@ 1 :> 0 @@ 2 :> 0)
/\ current_file = <<0, 0>>
/\ view_notifications = 0
/\ termination_latch = 2
/\ batches = <<<<2, 4, 5, 10, 3, 14>>, <<3, 5, 1, 7, 9, 4>>>>
/\ length = (0 :> -1 @@ 1 :> -1 @@ 2 :> -1)
/\ mutex = 1
/\ batch = <<<<2, 4, 5, 10, 3, 14>>, <<>>>>
/\ stack = (0 :> <<>> @@ 1 :> <<>> @@ 2 :> <<>>)

@!@!@ENDMSG 2217 @!@!@
@!@!@STARTMSG 2217:4 @!@!@
7: <loop line 254, col 15 to line 266, col 45 of module gui>
/\ counter = <<0, 0, 0>>
/\ pc = (0 :> "waiting" @@ 1 :> "CS" @@ 2 :> "Count")
/\ temp = (0 :> 0 @@ 1 :> 0 @@ 2 :> 0)
/\ current_file = <<2, 0>>
/\ view_notifications = 0
/\ termination_latch = 2
/\ batches = <<<<2, 4, 5, 10, 3, 14>>, <<3, 5, 1, 7, 9, 4>>>>
/\ length = (0 :> -1 @@ 1 :> -1 @@ 2 :> -1)
/\ mutex = 0
/\ batch = <<<<4, 5, 10, 3, 14>>, <<>>>>
/\ stack = (0 :> <<>> @@ 1 :> <<>> @@ 2 :> <<>>)

@!@!@ENDMSG 2217 @!@!@
@!@!@STARTMSG 2217:4 @!@!@
8: <CS line 268, col 13 to line 278, col 70 of module gui>
/\ counter = <<0, 0, 0>>
/\ pc = (0 :> "waiting" @@ 1 :> "Update" @@ 2 :> "Count")
/\ temp = (0 :> 0 @@ 1 :> 0 @@ 2 :> 0)
/\ current_file = <<2, 0>>
/\ view_notifications = 0
/\ termination_latch = 2
/\ batches = <<<<2, 4, 5, 10, 3, 14>>, <<3, 5, 1, 7, 9, 4>>>>
/\ length = (0 :> -1 @@ 1 :> 2 @@ 2 :> -1)
/\ mutex = 0
/\ batch = <<<<4, 5, 10, 3, 14>>, <<>>>>
/\ stack = ( 0 :> <<>> @@
  1 :>
      << [ pc |-> "end_cs",
           length |-> -1,
           temp |-> 0,
           procedure |-> "submit_file" ] >> @@
  2 :> <<>> )

@!@!@ENDMSG 2217 @!@!@
@!@!@STARTMSG 2217:4 @!@!@
9: <Update line 163, col 17 to line 174, col 47 of module gui>
/\ counter = <<0, 0, 0>>
/\ pc = (0 :> "waiting" @@ 1 :> "update1" @@ 2 :> "Count")
/\ temp = (0 :> 0 @@ 1 :> 0 @@ 2 :> 0)
/\ current_file = <<2, 0>>
/\ view_notifications = 0
/\ termination_latch = 2
/\ batches = <<<<2, 4, 5, 10, 3, 14>>, <<3, 5, 1, 7, 9, 4>>>>
/\ length = (0 :> -1 @@ 1 :> 2 @@ 2 :> -1)
/\ mutex = 0
/\ batch = <<<<4, 5, 10, 3, 14>>, <<>>>>
/\ stack = ( 0 :> <<>> @@
  1 :>
      << [ pc |-> "end_cs",
           length |-> -1,
           temp |-> 0,
           procedure |-> "submit_file" ] >> @@
  2 :> <<>> )

@!@!@ENDMSG 2217 @!@!@
@!@!@STARTMSG 2217:4 @!@!@
10: <update1 line 176, col 18 to line 181, col 55 of module gui>
/\ counter = <<1, 0, 0>>
/\ pc = (0 :> "waiting" @@ 1 :> "submitted" @@ 2 :> "Count")
/\ temp = (0 :> 0 @@ 1 :> 0 @@ 2 :> 0)
/\ current_file = <<2, 0>>
/\ view_notifications = 0
/\ termination_latch = 2
/\ batches = <<<<2, 4, 5, 10, 3, 14>>, <<3, 5, 1, 7, 9, 4>>>>
/\ length = (0 :> -1 @@ 1 :> 2 @@ 2 :> -1)
/\ mutex = 0
/\ batch = <<<<4, 5, 10, 3, 14>>, <<>>>>
/\ stack = ( 0 :> <<>> @@
  1 :>
      << [ pc |-> "end_cs",
           length |-> -1,
           temp |-> 0,
           procedure |-> "submit_file" ] >> @@
  2 :> <<>> )

@!@!@ENDMSG 2217 @!@!@
@!@!@STARTMSG 2217:4 @!@!@
11: <submitted line 197, col 20 to line 205, col 50 of module gui>
/\ counter = <<1, 0, 0>>
/\ pc = (0 :> "waiting" @@ 1 :> "notification" @@ 2 :> "Count")
/\ temp = (0 :> 0 @@ 1 :> 0 @@ 2 :> 0)
/\ current_file = <<2, 0>>
/\ view_notifications = 0
/\ termination_latch = 2
/\ batches = <<<<2, 4, 5, 10, 3, 14>>, <<3, 5, 1, 7, 9, 4>>>>
/\ length = (0 :> -1 @@ 1 :> 2 @@ 2 :> -1)
/\ mutex = 0
/\ batch = <<<<4, 5, 10, 3, 14>>, <<>>>>
/\ stack = ( 0 :> <<>> @@
  1 :>
      << [pc |-> "view_notified", procedure |-> "notify_view"],
         [ pc |-> "end_cs",
           length |-> -1,
           temp |-> 0,
           procedure |-> "submit_file" ] >> @@
  2 :> <<>> )

@!@!@ENDMSG 2217 @!@!@
@!@!@STARTMSG 2217:4 @!@!@
12: <notification line 154, col 23 to line 159, col 60 of module gui>
/\ counter = <<1, 0, 0>>
/\ pc = (0 :> "waiting" @@ 1 :> "Error" @@ 2 :> "Count")
/\ temp = (0 :> 0 @@ 1 :> 0 @@ 2 :> 0)
/\ current_file = <<2, 0>>
/\ view_notifications = 1
/\ termination_latch = 2
/\ batches = <<<<2, 4, 5, 10, 3, 14>>, <<3, 5, 1, 7, 9, 4>>>>
/\ length = (0 :> -1 @@ 1 :> 2 @@ 2 :> -1)
/\ mutex = 0
/\ batch = <<<<4, 5, 10, 3, 14>>, <<>>>>
/\ stack = ( 0 :> <<>> @@
  1 :>
      << [pc |-> "view_notified", procedure |-> "notify_view"],
         [ pc |-> "end_cs",
           length |-> -1,
           temp |-> 0,
           procedure |-> "submit_file" ] >> @@
  2 :> <<>> )

@!@!@ENDMSG 2217 @!@!@
@!@!@STARTMSG 2217:4 @!@!@
13: <Count line 246, col 16 to line 252, col 46 of module gui>
/\ counter = <<1, 0, 0>>
/\ pc = (0 :> "waiting" @@ 1 :> "Error" @@ 2 :> "loop")
/\ temp = (0 :> 0 @@ 1 :> 0 @@ 2 :> 0)
/\ current_file = <<2, 0>>
/\ view_notifications = 1
/\ termination_latch = 2
/\ batches = <<<<2, 4, 5, 10, 3, 14>>, <<3, 5, 1, 7, 9, 4>>>>
/\ length = (0 :> -1 @@ 1 :> 2 @@ 2 :> -1)
/\ mutex = 0
/\ batch = <<<<4, 5, 10, 3, 14>>, <<3, 5, 1, 7, 9, 4>>>>
/\ stack = ( 0 :> <<>> @@
  1 :>
      << [pc |-> "view_notified", procedure |-> "notify_view"],
         [ pc |-> "end_cs",
           length |-> -1,
           temp |-> 0,
           procedure |-> "submit_file" ] >> @@
  2 :> <<>> )

@!@!@ENDMSG 2217 @!@!@
@!@!@STARTMSG 2201:0 @!@!@
The coverage statistics at 2023-04-11 12:22:48
@!@!@ENDMSG 2201 @!@!@
@!@!@STARTMSG 2773:0 @!@!@
<Init line 115, col 1 to line 115, col 4 of module gui>: 2:2
@!@!@ENDMSG 2773 @!@!@
@!@!@STARTMSG 2221:0 @!@!@
  line 116, col 9 to line 129, col 72 of module gui: 2
@!@!@ENDMSG 2221 @!@!@
@!@!@STARTMSG 2772:0 @!@!@
<batch_1 line 131, col 1 to line 131, col 13 of module gui>: 1:8
@!@!@ENDMSG 2772 @!@!@
@!@!@STARTMSG 2221:0 @!@!@
  line 131, col 21 to line 131, col 40 of module gui: 250
@!@!@ENDMSG 2221 @!@!@
@!@!@STARTMSG 2221:0 @!@!@
  |line 131, col 21 to line 131, col 28 of module gui: 242
@!@!@ENDMSG 2221 @!@!@
@!@!@STARTMSG 2221:0 @!@!@
  line 132, col 21 to line 132, col 77 of module gui: 8
@!@!@ENDMSG 2221 @!@!@
@!@!@STARTMSG 2221:0 @!@!@
  line 133, col 21 to line 133, col 57 of module gui: 8
@!@!@ENDMSG 2221 @!@!@
@!@!@STARTMSG 2221:0 @!@!@
  line 134, col 21 to line 136, col 55 of module gui: 8
@!@!@ENDMSG 2221 @!@!@
@!@!@STARTMSG 2772:0 @!@!@
<batch_2 line 138, col 1 to line 138, col 13 of module gui>: 1:9
@!@!@ENDMSG 2772 @!@!@
@!@!@STARTMSG 2221:0 @!@!@
  line 138, col 21 to line 138, col 40 of module gui: 250
@!@!@ENDMSG 2221 @!@!@
@!@!@STARTMSG 2221:0 @!@!@
  |line 138, col 21 to line 138, col 28 of module gui: 241
@!@!@ENDMSG 2221 @!@!@
@!@!@STARTMSG 2221:0 @!@!@
  line 139, col 21 to line 139, col 75 of module gui: 9
@!@!@ENDMSG 2221 @!@!@
@!@!@STARTMSG 2221:0 @!@!@
  line 140, col 21 to line 140, col 61 of module gui: 9
@!@!@ENDMSG 2221 @!@!@
@!@!@STARTMSG 2221:0 @!@!@
  line 141, col 21 to line 143, col 55 of module gui: 9
@!@!@ENDMSG 2221 @!@!@
@!@!@STARTMSG 2772:0 @!@!@
<distributed line 145, col 1 to line 145, col 17 of module gui>: 1:30
@!@!@ENDMSG 2772 @!@!@
@!@!@STARTMSG 2221:0 @!@!@
  line 145, col 25 to line 145, col 48 of module gui: 270
@!@!@ENDMSG 2221 @!@!@
@!@!@STARTMSG 2221:0 @!@!@
  |line 145, col 25 to line 145, col 32 of module gui: 240
@!@!@ENDMSG 2221 @!@!@
@!@!@STARTMSG 2221:0 @!@!@
  line 146, col 25 to line 146, col 72 of module gui: 30
@!@!@ENDMSG 2221 @!@!@
@!@!@STARTMSG 2221:0 @!@!@
  line 147, col 25 to line 147, col 75 of module gui: 30
@!@!@ENDMSG 2221 @!@!@
@!@!@STARTMSG 2221:0 @!@!@
  line 148, col 25 to line 150, col 73 of module gui: 30
@!@!@ENDMSG 2221 @!@!@
@!@!@STARTMSG 2772:0 @!@!@
<notification line 154, col 1 to line 154, col 18 of module gui>: 6:10
@!@!@ENDMSG 2772 @!@!@
@!@!@STARTMSG 2221:0 @!@!@
  line 154, col 26 to line 154, col 50 of module gui: 249
@!@!@ENDMSG 2221 @!@!@
@!@!@STARTMSG 2221:0 @!@!@
  |line 154, col 26 to line 154, col 33 of module gui: 239
@!@!@ENDMSG 2221 @!@!@
@!@!@STARTMSG 2221:0 @!@!@
  line 155, col 26 to line 155, col 69 of module gui: 10
@!@!@ENDMSG 2221 @!@!@
@!@!@STARTMSG 2221:0 @!@!@
  line 156, col 26 to line 156, col 60 of module gui: 10
@!@!@ENDMSG 2221 @!@!@
@!@!@STARTMSG 2221:0 @!@!@
  line 157, col 26 to line 159, col 60 of module gui: 10
@!@!@ENDMSG 2221 @!@!@
@!@!@STARTMSG 2772:0 @!@!@
<Update line 163, col 1 to line 163, col 12 of module gui>: 7:10
@!@!@ENDMSG 2772 @!@!@
@!@!@STARTMSG 2221:0 @!@!@
  line 163, col 20 to line 163, col 38 of module gui: 248
@!@!@ENDMSG 2221 @!@!@
@!@!@STARTMSG 2221:0 @!@!@
  |line 163, col 20 to line 163, col 27 of module gui: 238
@!@!@ENDMSG 2221 @!@!@
@!@!@STARTMSG 2221:0 @!@!@
  line 164, col 23 to line 164, col 38 of module gui: 10
@!@!@ENDMSG 2221 @!@!@
@!@!@STARTMSG 2221:0 @!@!@
  line 165, col 28 to line 166, col 67 of module gui: 10
@!@!@ENDMSG 2221 @!@!@
@!@!@STARTMSG 2221:0 @!@!@
  line 168, col 42 to line 168, col 83 of module gui: 0
@!@!@ENDMSG 2221 @!@!@
@!@!@STARTMSG 2221:0 @!@!@
  line 169, col 42 to line 169, col 78 of module gui: 0
@!@!@ENDMSG 2221 @!@!@
@!@!@STARTMSG 2221:0 @!@!@
  line 170, col 42 to line 170, col 83 of module gui: 0
@!@!@ENDMSG 2221 @!@!@
@!@!@STARTMSG 2221:0 @!@!@
  line 171, col 42 to line 171, col 78 of module gui: 0
@!@!@ENDMSG 2221 @!@!@
@!@!@STARTMSG 2221:0 @!@!@
  line 172, col 20 to line 174, col 47 of module gui: 10
@!@!@ENDMSG 2221 @!@!@
@!@!@STARTMSG 2772:0 @!@!@
<update1 line 176, col 1 to line 176, col 13 of module gui>: 7:10
@!@!@ENDMSG 2772 @!@!@
@!@!@STARTMSG 2221:0 @!@!@
  line 176, col 21 to line 176, col 40 of module gui: 247
@!@!@ENDMSG 2221 @!@!@
@!@!@STARTMSG 2221:0 @!@!@
  |line 176, col 21 to line 176, col 28 of module gui: 237
@!@!@ENDMSG 2221 @!@!@
@!@!@STARTMSG 2221:0 @!@!@
  line 177, col 21 to line 177, col 69 of module gui: 10
@!@!@ENDMSG 2221 @!@!@
@!@!@STARTMSG 2221:0 @!@!@
  line 178, col 21 to line 178, col 59 of module gui: 10
@!@!@ENDMSG 2221 @!@!@
@!@!@STARTMSG 2221:0 @!@!@
  line 179, col 21 to line 181, col 55 of module gui: 10
@!@!@ENDMSG 2221 @!@!@
@!@!@STARTMSG 2772:0 @!@!@
<update2 line 183, col 1 to line 183, col 13 of module gui>: 0:0
@!@!@ENDMSG 2772 @!@!@
@!@!@STARTMSG 2221:0 @!@!@
  line 183, col 21 to line 183, col 40 of module gui: 236
@!@!@ENDMSG 2221 @!@!@
@!@!@STARTMSG 2221:0 @!@!@
  line 184, col 21 to line 184, col 69 of module gui: 0
@!@!@ENDMSG 2221 @!@!@
@!@!@STARTMSG 2221:0 @!@!@
  line 185, col 21 to line 185, col 59 of module gui: 0
@!@!@ENDMSG 2221 @!@!@
@!@!@STARTMSG 2221:0 @!@!@
  line 186, col 21 to line 188, col 55 of module gui: 0
@!@!@ENDMSG 2221 @!@!@
@!@!@STARTMSG 2772:0 @!@!@
<update3 line 190, col 1 to line 190, col 13 of module gui>: 0:0
@!@!@ENDMSG 2772 @!@!@
@!@!@STARTMSG 2221:0 @!@!@
  line 190, col 21 to line 190, col 40 of module gui: 236
@!@!@ENDMSG 2221 @!@!@
@!@!@STARTMSG 2221:0 @!@!@
  line 191, col 21 to line 191, col 69 of module gui: 0
@!@!@ENDMSG 2221 @!@!@
@!@!@STARTMSG 2221:0 @!@!@
  line 192, col 21 to line 192, col 59 of module gui: 0
@!@!@ENDMSG 2221 @!@!@
@!@!@STARTMSG 2221:0 @!@!@
  line 193, col 21 to line 195, col 55 of module gui: 0
@!@!@ENDMSG 2221 @!@!@
@!@!@STARTMSG 2772:0 @!@!@
<submitted line 197, col 1 to line 197, col 15 of module gui>: 8:10
@!@!@ENDMSG 2772 @!@!@
@!@!@STARTMSG 2221:0 @!@!@
  line 197, col 23 to line 197, col 44 of module gui: 246
@!@!@ENDMSG 2221 @!@!@
@!@!@STARTMSG 2221:0 @!@!@
  |line 197, col 23 to line 197, col 30 of module gui: 236
@!@!@ENDMSG 2221 @!@!@
@!@!@STARTMSG 2221:0 @!@!@
  line 198, col 23 to line 198, col 26 of module gui: 10
@!@!@ENDMSG 2221 @!@!@
@!@!@STARTMSG 2221:0 @!@!@
  line 199, col 23 to line 201, col 71 of module gui: 10
@!@!@ENDMSG 2221 @!@!@
@!@!@STARTMSG 2221:0 @!@!@
  line 202, col 23 to line 202, col 64 of module gui: 10
@!@!@ENDMSG 2221 @!@!@
@!@!@STARTMSG 2221:0 @!@!@
  line 203, col 23 to line 205, col 50 of module gui: 10
@!@!@ENDMSG 2221 @!@!@
@!@!@STARTMSG 2772:0 @!@!@
<view_notified line 207, col 1 to line 207, col 19 of module gui>: 0:0
@!@!@ENDMSG 2772 @!@!@
@!@!@STARTMSG 2221:0 @!@!@
  line 207, col 27 to line 207, col 52 of module gui: 235
@!@!@ENDMSG 2221 @!@!@
@!@!@STARTMSG 2221:0 @!@!@
  line 209, col 27 to line 209, col 74 of module gui: 0
@!@!@ENDMSG 2221 @!@!@
@!@!@STARTMSG 2221:0 @!@!@
  line 210, col 27 to line 210, col 80 of module gui: 0
@!@!@ENDMSG 2221 @!@!@
@!@!@STARTMSG 2221:0 @!@!@
  line 211, col 27 to line 211, col 86 of module gui: 0
@!@!@ENDMSG 2221 @!@!@
@!@!@STARTMSG 2221:0 @!@!@
  line 212, col 27 to line 212, col 77 of module gui: 0
@!@!@ENDMSG 2221 @!@!@
@!@!@STARTMSG 2221:0 @!@!@
  line 213, col 27 to line 215, col 61 of module gui: 0
@!@!@ENDMSG 2221 @!@!@
@!@!@STARTMSG 2772:0 @!@!@
<set_latch line 221, col 1 to line 221, col 9 of module gui>: 1:2
@!@!@ENDMSG 2772 @!@!@
@!@!@STARTMSG 2221:0 @!@!@
  line 221, col 17 to line 221, col 35 of module gui: 87
@!@!@ENDMSG 2221 @!@!@
@!@!@STARTMSG 2221:0 @!@!@
  |line 221, col 17 to line 221, col 21 of module gui: 85
@!@!@ENDMSG 2221 @!@!@
@!@!@STARTMSG 2221:0 @!@!@
  line 222, col 17 to line 222, col 38 of module gui: 2
@!@!@ENDMSG 2221 @!@!@
@!@!@STARTMSG 2221:0 @!@!@
  line 223, col 17 to line 225, col 59 of module gui: 2
@!@!@ENDMSG 2221 @!@!@
@!@!@STARTMSG 2221:0 @!@!@
  line 226, col 17 to line 226, col 50 of module gui: 2
@!@!@ENDMSG 2221 @!@!@
@!@!@STARTMSG 2221:0 @!@!@
  line 227, col 17 to line 228, col 65 of module gui: 2
@!@!@ENDMSG 2221 @!@!@
@!@!@STARTMSG 2772:0 @!@!@
<waiting line 230, col 1 to line 230, col 7 of module gui>: 0:0
@!@!@ENDMSG 2772 @!@!@
@!@!@STARTMSG 2221:0 @!@!@
  line 230, col 15 to line 230, col 31 of module gui: 84
@!@!@ENDMSG 2221 @!@!@
@!@!@STARTMSG 2221:0 @!@!@
  line 231, col 15 to line 231, col 35 of module gui: 36
@!@!@ENDMSG 2221 @!@!@
@!@!@STARTMSG 2221:0 @!@!@
  line 232, col 15 to line 232, col 49 of module gui: 0
@!@!@ENDMSG 2221 @!@!@
@!@!@STARTMSG 2221:0 @!@!@
  line 233, col 15 to line 235, col 42 of module gui: 0
@!@!@ENDMSG 2221 @!@!@
@!@!@STARTMSG 2772:0 @!@!@
<finished line 237, col 1 to line 237, col 8 of module gui>: 0:0
@!@!@ENDMSG 2772 @!@!@
@!@!@STARTMSG 2221:0 @!@!@
  line 237, col 16 to line 237, col 33 of module gui: 84
@!@!@ENDMSG 2221 @!@!@
@!@!@STARTMSG 2221:0 @!@!@
  line 239, col 16 to line 239, col 46 of module gui: 0
@!@!@ENDMSG 2221 @!@!@
@!@!@STARTMSG 2221:0 @!@!@
  line 240, col 16 to line 242, col 43 of module gui: 0
@!@!@ENDMSG 2221 @!@!@
@!@!@STARTMSG 2772:0 @!@!@
<Count line 246, col 1 to line 246, col 11 of module gui>: 19:37
@!@!@ENDMSG 2772 @!@!@
@!@!@STARTMSG 2221:0 @!@!@
  line 246, col 19 to line 246, col 36 of module gui: 188
@!@!@ENDMSG 2221 @!@!@
@!@!@STARTMSG 2221:0 @!@!@
  |line 246, col 19 to line 246, col 26 of module gui: 151
@!@!@ENDMSG 2221 @!@!@
@!@!@STARTMSG 2221:0 @!@!@
  line 247, col 19 to line 247, col 39 of module gui: 98
@!@!@ENDMSG 2221 @!@!@
@!@!@STARTMSG 2221:0 @!@!@
  |line 247, col 19 to line 247, col 31 of module gui: 61
@!@!@ENDMSG 2221 @!@!@
@!@!@STARTMSG 2221:0 @!@!@
  |line 247, col 36 to line 247, col 39 of module gui: 61
@!@!@ENDMSG 2221 @!@!@
@!@!@STARTMSG 2221:0 @!@!@
  line 248, col 19 to line 248, col 65 of module gui: 37
@!@!@ENDMSG 2221 @!@!@
@!@!@STARTMSG 2221:0 @!@!@
  line 249, col 19 to line 249, col 52 of module gui: 37
@!@!@ENDMSG 2221 @!@!@
@!@!@STARTMSG 2221:0 @!@!@
  line 250, col 19 to line 252, col 46 of module gui: 37
@!@!@ENDMSG 2221 @!@!@
@!@!@STARTMSG 2772:0 @!@!@
<loop line 254, col 1 to line 254, col 10 of module gui>: 7:10
@!@!@ENDMSG 2772 @!@!@
@!@!@STARTMSG 2221:0 @!@!@
  line 254, col 18 to line 254, col 34 of module gui: 159
@!@!@ENDMSG 2221 @!@!@
@!@!@STARTMSG 2221:0 @!@!@
  |line 254, col 18 to line 254, col 25 of module gui: 149
@!@!@ENDMSG 2221 @!@!@
@!@!@STARTMSG 2221:0 @!@!@
  line 255, col 21 to line 255, col 39 of module gui: 34
@!@!@ENDMSG 2221 @!@!@
@!@!@STARTMSG 2221:0 @!@!@
  line 256, col 29 to line 256, col 93 of module gui: 10
@!@!@ENDMSG 2221 @!@!@
@!@!@STARTMSG 2221:0 @!@!@
  |line 256, col 45 to line 256, col 93 of module gui: 34
@!@!@ENDMSG 2221 @!@!@
@!@!@STARTMSG 2221:0 @!@!@
  line 257, col 29 to line 257, col 79 of module gui: 10
@!@!@ENDMSG 2221 @!@!@
@!@!@STARTMSG 2221:0 @!@!@
  |line 257, col 38 to line 257, col 79 of module gui: 34
@!@!@ENDMSG 2221 @!@!@
@!@!@STARTMSG 2221:0 @!@!@
  line 258, col 29 to line 258, col 37 of module gui: 10
@!@!@ENDMSG 2221 @!@!@
@!@!@STARTMSG 2221:0 @!@!@
  |line 258, col 29 to line 258, col 33 of module gui: 34
@!@!@ENDMSG 2221 @!@!@
@!@!@STARTMSG 2221:0 @!@!@
  line 259, col 29 to line 259, col 46 of module gui: 10
@!@!@ENDMSG 2221 @!@!@
@!@!@STARTMSG 2221:0 @!@!@
  line 260, col 29 to line 260, col 60 of module gui: 10
@!@!@ENDMSG 2221 @!@!@
@!@!@STARTMSG 2221:0 @!@!@
  line 261, col 29 to line 261, col 55 of module gui: 10
@!@!@ENDMSG 2221 @!@!@
@!@!@STARTMSG 2221:0 @!@!@
  line 262, col 29 to line 262, col 70 of module gui: 0
@!@!@ENDMSG 2221 @!@!@
@!@!@STARTMSG 2221:0 @!@!@
  line 263, col 29 to line 263, col 62 of module gui: 0
@!@!@ENDMSG 2221 @!@!@
@!@!@STARTMSG 2221:0 @!@!@
  line 264, col 29 to line 264, col 70 of module gui: 0
@!@!@ENDMSG 2221 @!@!@
@!@!@STARTMSG 2221:0 @!@!@
  line 265, col 18 to line 266, col 45 of module gui: 10
@!@!@ENDMSG 2221 @!@!@
@!@!@STARTMSG 2772:0 @!@!@
<CS line 268, col 1 to line 268, col 8 of module gui>: 7:10
@!@!@ENDMSG 2772 @!@!@
@!@!@STARTMSG 2221:0 @!@!@
  line 268, col 16 to line 268, col 30 of module gui: 158
@!@!@ENDMSG 2221 @!@!@
@!@!@STARTMSG 2221:0 @!@!@
  |line 268, col 16 to line 268, col 23 of module gui: 148
@!@!@ENDMSG 2221 @!@!@
@!@!@STARTMSG 2221:0 @!@!@
  line 269, col 16 to line 274, col 67 of module gui: 10
@!@!@ENDMSG 2221 @!@!@
@!@!@STARTMSG 2221:0 @!@!@
  line 275, col 16 to line 275, col 48 of module gui: 10
@!@!@ENDMSG 2221 @!@!@
@!@!@STARTMSG 2221:0 @!@!@
  line 276, col 16 to line 276, col 51 of module gui: 10
@!@!@ENDMSG 2221 @!@!@
@!@!@STARTMSG 2221:0 @!@!@
  line 277, col 16 to line 278, col 70 of module gui: 10
@!@!@ENDMSG 2221 @!@!@
@!@!@STARTMSG 2772:0 @!@!@
<end_cs line 280, col 1 to line 280, col 12 of module gui>: 0:0
@!@!@ENDMSG 2772 @!@!@
@!@!@STARTMSG 2221:0 @!@!@
  line 280, col 20 to line 280, col 38 of module gui: 147
@!@!@ENDMSG 2221 @!@!@
@!@!@STARTMSG 2221:0 @!@!@
  line 281, col 20 to line 281, col 37 of module gui: 0
@!@!@ENDMSG 2221 @!@!@
@!@!@STARTMSG 2221:0 @!@!@
  line 282, col 20 to line 282, col 53 of module gui: 0
@!@!@ENDMSG 2221 @!@!@
@!@!@STARTMSG 2221:0 @!@!@
  line 283, col 20 to line 285, col 47 of module gui: 0
@!@!@ENDMSG 2221 @!@!@
@!@!@STARTMSG 2772:0 @!@!@
<Terminating line 290, col 1 to line 290, col 11 of module gui>: 0:0
@!@!@ENDMSG 2772 @!@!@
@!@!@STARTMSG 2221:0 @!@!@
  line 290, col 19 to line 290, col 56 of module gui: 73
@!@!@ENDMSG 2221 @!@!@
@!@!@STARTMSG 2221:0 @!@!@
  line 291, col 19 to line 291, col 32 of module gui: 0
@!@!@ENDMSG 2221 @!@!@
@!@!@STARTMSG 2774:0 @!@!@
<Action line 103, col 22 to line 103, col 52 of module gui>
@!@!@ENDMSG 2774 @!@!@
@!@!@STARTMSG 2221:0 @!@!@
  line 103, col 22 to line 103, col 52 of module gui: 66
@!@!@ENDMSG 2221 @!@!@
@!@!@STARTMSG 2221:0 @!@!@
  |line 103, col 24 to line 103, col 51 of module gui: 66
@!@!@ENDMSG 2221 @!@!@
@!@!@STARTMSG 2221:0 @!@!@
  ||line 103, col 24 to line 103, col 35 of module gui: 66
@!@!@ENDMSG 2221 @!@!@
@!@!@STARTMSG 2221:0 @!@!@
  ||line 103, col 40 to line 103, col 51 of module gui: 5
@!@!@ENDMSG 2221 @!@!@
@!@!@STARTMSG 2202:0 @!@!@
End of statistics.
@!@!@ENDMSG 2202 @!@!@
@!@!@STARTMSG 2200:0 @!@!@
Progress(13) at 2023-04-11 12:22:48: 126 states generated (3,276 s/min), 66 distinct states found (1,716 ds/min), 0 states left on queue.
@!@!@ENDMSG 2200 @!@!@
@!@!@STARTMSG 2199:0 @!@!@
126 states generated, 66 distinct states found, 0 states left on queue.
@!@!@ENDMSG 2199 @!@!@
@!@!@STARTMSG 2194:0 @!@!@
The depth of the complete state graph search is 13.
@!@!@ENDMSG 2194 @!@!@
@!@!@STARTMSG 2268:0 @!@!@
The average outdegree of the complete state graph is 1 (minimum is 0, the maximum 3 and the 95th percentile is 2).
@!@!@ENDMSG 2268 @!@!@
@!@!@STARTMSG 2186:0 @!@!@
Finished in 2316ms at (2023-04-11 12:22:48)
@!@!@ENDMSG 2186 @!@!@
