@!@!@STARTMSG 2262:0 @!@!@
TLC2 Version 2.16 of 31 December 2020 (rev: cdddf55)
@!@!@ENDMSG 2262 @!@!@
@!@!@STARTMSG 2187:0 @!@!@
Running breadth-first search Model-Checking with fp 14 and seed -2996259589348922264 with 4 workers on 8 cores with 1774MB heap and 3986MB offheap memory [pid: 234324] (Linux 5.19.0-38-generic amd64, AdoptOpenJDK 14.0.1 x86_64, OffHeapDiskFPSet, DiskStateQueue).
@!@!@ENDMSG 2187 @!@!@
@!@!@STARTMSG 2220:0 @!@!@
Starting SANY...
@!@!@ENDMSG 2220 @!@!@
Parsing file /home/kelvin/University/pcd/assignment-01/src/main/tla/cliVerification.toolbox/Model_2/MC.tla
Parsing file /home/kelvin/University/pcd/assignment-01/src/main/tla/cliVerification.toolbox/Model_2/cliVerification.tla
Parsing file /opt/toolbox/plugins/org.lamport.tlatools_1.0.0.202012311918/tla2sany/StandardModules/TLC.tla
Parsing file /opt/toolbox/plugins/org.lamport.tlatools_1.0.0.202012311918/tla2sany/StandardModules/Integers.tla
Parsing file /opt/toolbox/plugins/org.lamport.tlatools_1.0.0.202012311918/tla2sany/StandardModules/Sequences.tla
Parsing file /opt/toolbox/plugins/org.lamport.tlatools_1.0.0.202012311918/tla2sany/StandardModules/Naturals.tla
Parsing file /opt/toolbox/plugins/org.lamport.tlatools_1.0.0.202012311918/tla2sany/StandardModules/FiniteSets.tla
Semantic processing of module Naturals
Semantic processing of module Sequences
Semantic processing of module FiniteSets
Semantic processing of module TLC
Semantic processing of module Integers
Semantic processing of module cliVerification
Semantic processing of module MC
@!@!@STARTMSG 2219:0 @!@!@
SANY finished.
@!@!@ENDMSG 2219 @!@!@
@!@!@STARTMSG 2185:0 @!@!@
Starting... (2023-04-11 02:44:53)
@!@!@ENDMSG 2185 @!@!@
@!@!@STARTMSG 2212:0 @!@!@
Implied-temporal checking--satisfiability problem has 3 branches.
@!@!@ENDMSG 2212 @!@!@
@!@!@STARTMSG 2189:0 @!@!@
Computing initial states...
@!@!@ENDMSG 2189 @!@!@
@!@!@STARTMSG 2190:0 @!@!@
Finished computing initial states: 1 distinct state generated at 2023-04-11 02:44:54.
@!@!@ENDMSG 2190 @!@!@
@!@!@STARTMSG 2200:0 @!@!@
Progress(79) at 2023-04-11 02:44:54: 883 states generated, 661 distinct states found, 0 states left on queue.
@!@!@ENDMSG 2200 @!@!@
@!@!@STARTMSG 2192:0 @!@!@
Checking 3 branches of temporal properties for the complete state space with 1983 total distinct states at (2023-04-11 02:44:54)
@!@!@ENDMSG 2192 @!@!@
@!@!@STARTMSG 2116:1 @!@!@
Temporal properties were violated.

@!@!@ENDMSG 2116 @!@!@
@!@!@STARTMSG 2264:1 @!@!@
The following behavior constitutes a counter-example:

@!@!@ENDMSG 2264 @!@!@
@!@!@STARTMSG 2217:4 @!@!@
1: <Initial predicate>
/\ counter = <<0, 0, 0>>
/\ pc = (0 :> "distr_w1" @@ 1 :> "Count" @@ 2 :> "Count")
/\ temp = (0 :> 0 @@ 1 :> 0 @@ 2 :> 0)
/\ files = <<<<2, 4, 5, 10, 3, 14>>, <<3, 5, 1, 7, 9, 4>>>>
/\ current_file = <<0, 0>>
/\ termination_latch = 0
/\ batches = <<<<>>, <<>>>>
/\ length = (0 :> -1 @@ 1 :> -1 @@ 2 :> -1)
/\ mutex = 1
/\ batch = <<<<>>, <<>>>>
/\ stack = (0 :> <<>> @@ 1 :> <<>> @@ 2 :> <<>>)

@!@!@ENDMSG 2217 @!@!@
@!@!@STARTMSG 2217:4 @!@!@
2: <distr_w1 line 160, col 13 to line 164, col 63 of module cliVerification>
/\ counter = <<0, 0, 0>>
/\ pc = (0 :> "distr_w2" @@ 1 :> "Count" @@ 2 :> "Count")
/\ temp = (0 :> 0 @@ 1 :> 0 @@ 2 :> 0)
/\ files = <<<<2, 4, 5, 10, 3, 14>>, <<3, 5, 1, 7, 9, 4>>>>
/\ current_file = <<0, 0>>
/\ termination_latch = 0
/\ batches = <<<<2, 4, 5, 10, 3, 14>>, <<>>>>
/\ length = (0 :> -1 @@ 1 :> -1 @@ 2 :> -1)
/\ mutex = 1
/\ batch = <<<<>>, <<>>>>
/\ stack = (0 :> <<>> @@ 1 :> <<>> @@ 2 :> <<>>)

@!@!@ENDMSG 2217 @!@!@
@!@!@STARTMSG 2217:4 @!@!@
3: <Count line 187, col 16 to line 192, col 74 of module cliVerification>
/\ counter = <<0, 0, 0>>
/\ pc = (0 :> "distr_w2" @@ 1 :> "loop" @@ 2 :> "Count")
/\ temp = (0 :> 0 @@ 1 :> 0 @@ 2 :> 0)
/\ files = <<<<2, 4, 5, 10, 3, 14>>, <<3, 5, 1, 7, 9, 4>>>>
/\ current_file = <<0, 0>>
/\ termination_latch = 0
/\ batches = <<<<2, 4, 5, 10, 3, 14>>, <<>>>>
/\ length = (0 :> -1 @@ 1 :> -1 @@ 2 :> -1)
/\ mutex = 1
/\ batch = <<<<2, 4, 5, 10, 3, 14>>, <<>>>>
/\ stack = (0 :> <<>> @@ 1 :> <<>> @@ 2 :> <<>>)

@!@!@ENDMSG 2217 @!@!@
@!@!@STARTMSG 2217:4 @!@!@
4: <loop line 194, col 15 to line 205, col 77 of module cliVerification>
/\ counter = <<0, 0, 0>>
/\ pc = (0 :> "distr_w2" @@ 1 :> "CS" @@ 2 :> "Count")
/\ temp = (0 :> 0 @@ 1 :> 0 @@ 2 :> 0)
/\ files = <<<<2, 4, 5, 10, 3, 14>>, <<3, 5, 1, 7, 9, 4>>>>
/\ current_file = <<2, 0>>
/\ termination_latch = 0
/\ batches = <<<<2, 4, 5, 10, 3, 14>>, <<>>>>
/\ length = (0 :> -1 @@ 1 :> -1 @@ 2 :> -1)
/\ mutex = 0
/\ batch = <<<<4, 5, 10, 3, 14>>, <<>>>>
/\ stack = (0 :> <<>> @@ 1 :> <<>> @@ 2 :> <<>>)

@!@!@ENDMSG 2217 @!@!@
@!@!@STARTMSG 2217:4 @!@!@
5: <distr_w2 line 166, col 13 to line 170, col 63 of module cliVerification>
/\ counter = <<0, 0, 0>>
/\ pc = (0 :> "set_latch" @@ 1 :> "CS" @@ 2 :> "Count")
/\ temp = (0 :> 0 @@ 1 :> 0 @@ 2 :> 0)
/\ files = <<<<2, 4, 5, 10, 3, 14>>, <<3, 5, 1, 7, 9, 4>>>>
/\ current_file = <<2, 0>>
/\ termination_latch = 0
/\ batches = <<<<2, 4, 5, 10, 3, 14>>, <<3, 5, 1, 7, 9, 4>>>>
/\ length = (0 :> -1 @@ 1 :> -1 @@ 2 :> -1)
/\ mutex = 0
/\ batch = <<<<4, 5, 10, 3, 14>>, <<>>>>
/\ stack = (0 :> <<>> @@ 1 :> <<>> @@ 2 :> <<>>)

@!@!@ENDMSG 2217 @!@!@
@!@!@STARTMSG 2217:4 @!@!@
6: <Count line 187, col 16 to line 192, col 74 of module cliVerification>
/\ counter = <<0, 0, 0>>
/\ pc = (0 :> "set_latch" @@ 1 :> "CS" @@ 2 :> "loop")
/\ temp = (0 :> 0 @@ 1 :> 0 @@ 2 :> 0)
/\ files = <<<<2, 4, 5, 10, 3, 14>>, <<3, 5, 1, 7, 9, 4>>>>
/\ current_file = <<2, 0>>
/\ termination_latch = 0
/\ batches = <<<<2, 4, 5, 10, 3, 14>>, <<3, 5, 1, 7, 9, 4>>>>
/\ length = (0 :> -1 @@ 1 :> -1 @@ 2 :> -1)
/\ mutex = 0
/\ batch = <<<<4, 5, 10, 3, 14>>, <<3, 5, 1, 7, 9, 4>>>>
/\ stack = (0 :> <<>> @@ 1 :> <<>> @@ 2 :> <<>>)

@!@!@ENDMSG 2217 @!@!@
@!@!@STARTMSG 2217:4 @!@!@
7: <CS line 207, col 13 to line 217, col 50 of module cliVerification>
/\ counter = <<0, 0, 0>>
/\ pc = (0 :> "set_latch" @@ 1 :> "Update" @@ 2 :> "loop")
/\ temp = (0 :> 0 @@ 1 :> 0 @@ 2 :> 0)
/\ files = <<<<2, 4, 5, 10, 3, 14>>, <<3, 5, 1, 7, 9, 4>>>>
/\ current_file = <<2, 0>>
/\ termination_latch = 0
/\ batches = <<<<2, 4, 5, 10, 3, 14>>, <<3, 5, 1, 7, 9, 4>>>>
/\ length = (0 :> -1 @@ 1 :> 2 @@ 2 :> -1)
/\ mutex = 0
/\ batch = <<<<4, 5, 10, 3, 14>>, <<3, 5, 1, 7, 9, 4>>>>
/\ stack = ( 0 :> <<>> @@
  1 :>
      << [ pc |-> "end_cs",
           length |-> -1,
           temp |-> 0,
           procedure |-> "submit_file" ] >> @@
  2 :> <<>> )

@!@!@ENDMSG 2217 @!@!@
@!@!@STARTMSG 2217:4 @!@!@
8: <Update line 119, col 17 to line 129, col 76 of module cliVerification>
/\ counter = <<0, 0, 0>>
/\ pc = (0 :> "set_latch" @@ 1 :> "update1" @@ 2 :> "loop")
/\ temp = (0 :> 0 @@ 1 :> 0 @@ 2 :> 0)
/\ files = <<<<2, 4, 5, 10, 3, 14>>, <<3, 5, 1, 7, 9, 4>>>>
/\ current_file = <<2, 0>>
/\ termination_latch = 0
/\ batches = <<<<2, 4, 5, 10, 3, 14>>, <<3, 5, 1, 7, 9, 4>>>>
/\ length = (0 :> -1 @@ 1 :> 2 @@ 2 :> -1)
/\ mutex = 0
/\ batch = <<<<4, 5, 10, 3, 14>>, <<3, 5, 1, 7, 9, 4>>>>
/\ stack = ( 0 :> <<>> @@
  1 :>
      << [ pc |-> "end_cs",
           length |-> -1,
           temp |-> 0,
           procedure |-> "submit_file" ] >> @@
  2 :> <<>> )

@!@!@ENDMSG 2217 @!@!@
@!@!@STARTMSG 2217:4 @!@!@
9: <update1 line 131, col 18 to line 135, col 76 of module cliVerification>
/\ counter = <<1, 0, 0>>
/\ pc = (0 :> "set_latch" @@ 1 :> "submitted" @@ 2 :> "loop")
/\ temp = (0 :> 0 @@ 1 :> 0 @@ 2 :> 0)
/\ files = <<<<2, 4, 5, 10, 3, 14>>, <<3, 5, 1, 7, 9, 4>>>>
/\ current_file = <<2, 0>>
/\ termination_latch = 0
/\ batches = <<<<2, 4, 5, 10, 3, 14>>, <<3, 5, 1, 7, 9, 4>>>>
/\ length = (0 :> -1 @@ 1 :> 2 @@ 2 :> -1)
/\ mutex = 0
/\ batch = <<<<4, 5, 10, 3, 14>>, <<3, 5, 1, 7, 9, 4>>>>
/\ stack = ( 0 :> <<>> @@
  1 :>
      << [ pc |-> "end_cs",
           length |-> -1,
           temp |-> 0,
           procedure |-> "submit_file" ] >> @@
  2 :> <<>> )

@!@!@ENDMSG 2217 @!@!@
@!@!@STARTMSG 2217:4 @!@!@
10: <submitted line 149, col 20 to line 155, col 64 of module cliVerification>
/\ counter = <<1, 0, 0>>
/\ pc = (0 :> "set_latch" @@ 1 :> "end_cs" @@ 2 :> "loop")
/\ temp = (0 :> 0 @@ 1 :> 0 @@ 2 :> 0)
/\ files = <<<<2, 4, 5, 10, 3, 14>>, <<3, 5, 1, 7, 9, 4>>>>
/\ current_file = <<2, 0>>
/\ termination_latch = 0
/\ batches = <<<<2, 4, 5, 10, 3, 14>>, <<3, 5, 1, 7, 9, 4>>>>
/\ length = (0 :> -1 @@ 1 :> -1 @@ 2 :> -1)
/\ mutex = 0
/\ batch = <<<<4, 5, 10, 3, 14>>, <<3, 5, 1, 7, 9, 4>>>>
/\ stack = (0 :> <<>> @@ 1 :> <<>> @@ 2 :> <<>>)

@!@!@ENDMSG 2217 @!@!@
@!@!@STARTMSG 2217:4 @!@!@
11: <end_cs line 219, col 17 to line 223, col 75 of module cliVerification>
/\ counter = <<1, 0, 0>>
/\ pc = (0 :> "set_latch" @@ 1 :> "loop" @@ 2 :> "loop")
/\ temp = (0 :> 0 @@ 1 :> 0 @@ 2 :> 0)
/\ files = <<<<2, 4, 5, 10, 3, 14>>, <<3, 5, 1, 7, 9, 4>>>>
/\ current_file = <<2, 0>>
/\ termination_latch = 0
/\ batches = <<<<2, 4, 5, 10, 3, 14>>, <<3, 5, 1, 7, 9, 4>>>>
/\ length = (0 :> -1 @@ 1 :> -1 @@ 2 :> -1)
/\ mutex = 1
/\ batch = <<<<4, 5, 10, 3, 14>>, <<3, 5, 1, 7, 9, 4>>>>
/\ stack = (0 :> <<>> @@ 1 :> <<>> @@ 2 :> <<>>)

@!@!@ENDMSG 2217 @!@!@
@!@!@STARTMSG 2217:4 @!@!@
12: <loop line 194, col 15 to line 205, col 77 of module cliVerification>
/\ counter = <<1, 0, 0>>
/\ pc = (0 :> "set_latch" @@ 1 :> "loop" @@ 2 :> "CS")
/\ temp = (0 :> 0 @@ 1 :> 0 @@ 2 :> 0)
/\ files = <<<<2, 4, 5, 10, 3, 14>>, <<3, 5, 1, 7, 9, 4>>>>
/\ current_file = <<2, 3>>
/\ termination_latch = 0
/\ batches = <<<<2, 4, 5, 10, 3, 14>>, <<3, 5, 1, 7, 9, 4>>>>
/\ length = (0 :> -1 @@ 1 :> -1 @@ 2 :> -1)
/\ mutex = 0
/\ batch = <<<<4, 5, 10, 3, 14>>, <<5, 1, 7, 9, 4>>>>
/\ stack = (0 :> <<>> @@ 1 :> <<>> @@ 2 :> <<>>)

@!@!@ENDMSG 2217 @!@!@
@!@!@STARTMSG 2217:4 @!@!@
13: <CS line 207, col 13 to line 217, col 50 of module cliVerification>
/\ counter = <<1, 0, 0>>
/\ pc = (0 :> "set_latch" @@ 1 :> "loop" @@ 2 :> "Update")
/\ temp = (0 :> 0 @@ 1 :> 0 @@ 2 :> 0)
/\ files = <<<<2, 4, 5, 10, 3, 14>>, <<3, 5, 1, 7, 9, 4>>>>
/\ current_file = <<2, 3>>
/\ termination_latch = 0
/\ batches = <<<<2, 4, 5, 10, 3, 14>>, <<3, 5, 1, 7, 9, 4>>>>
/\ length = (0 :> -1 @@ 1 :> -1 @@ 2 :> 3)
/\ mutex = 0
/\ batch = <<<<4, 5, 10, 3, 14>>, <<5, 1, 7, 9, 4>>>>
/\ stack = ( 0 :> <<>> @@
  1 :> <<>> @@
  2 :>
      << [ pc |-> "end_cs",
           length |-> -1,
           temp |-> 0,
           procedure |-> "submit_file" ] >> )

@!@!@ENDMSG 2217 @!@!@
@!@!@STARTMSG 2217:4 @!@!@
14: <Update line 119, col 17 to line 129, col 76 of module cliVerification>
/\ counter = <<1, 0, 0>>
/\ pc = (0 :> "set_latch" @@ 1 :> "loop" @@ 2 :> "update1")
/\ temp = (0 :> 0 @@ 1 :> 0 @@ 2 :> 1)
/\ files = <<<<2, 4, 5, 10, 3, 14>>, <<3, 5, 1, 7, 9, 4>>>>
/\ current_file = <<2, 3>>
/\ termination_latch = 0
/\ batches = <<<<2, 4, 5, 10, 3, 14>>, <<3, 5, 1, 7, 9, 4>>>>
/\ length = (0 :> -1 @@ 1 :> -1 @@ 2 :> 3)
/\ mutex = 0
/\ batch = <<<<4, 5, 10, 3, 14>>, <<5, 1, 7, 9, 4>>>>
/\ stack = ( 0 :> <<>> @@
  1 :> <<>> @@
  2 :>
      << [ pc |-> "end_cs",
           length |-> -1,
           temp |-> 0,
           procedure |-> "submit_file" ] >> )

@!@!@ENDMSG 2217 @!@!@
@!@!@STARTMSG 2217:4 @!@!@
15: <update1 line 131, col 18 to line 135, col 76 of module cliVerification>
/\ counter = <<2, 0, 0>>
/\ pc = (0 :> "set_latch" @@ 1 :> "loop" @@ 2 :> "submitted")
/\ temp = (0 :> 0 @@ 1 :> 0 @@ 2 :> 1)
/\ files = <<<<2, 4, 5, 10, 3, 14>>, <<3, 5, 1, 7, 9, 4>>>>
/\ current_file = <<2, 3>>
/\ termination_latch = 0
/\ batches = <<<<2, 4, 5, 10, 3, 14>>, <<3, 5, 1, 7, 9, 4>>>>
/\ length = (0 :> -1 @@ 1 :> -1 @@ 2 :> 3)
/\ mutex = 0
/\ batch = <<<<4, 5, 10, 3, 14>>, <<5, 1, 7, 9, 4>>>>
/\ stack = ( 0 :> <<>> @@
  1 :> <<>> @@
  2 :>
      << [ pc |-> "end_cs",
           length |-> -1,
           temp |-> 0,
           procedure |-> "submit_file" ] >> )

@!@!@ENDMSG 2217 @!@!@
@!@!@STARTMSG 2217:4 @!@!@
16: <submitted line 149, col 20 to line 155, col 64 of module cliVerification>
/\ counter = <<2, 0, 0>>
/\ pc = (0 :> "set_latch" @@ 1 :> "loop" @@ 2 :> "end_cs")
/\ temp = (0 :> 0 @@ 1 :> 0 @@ 2 :> 0)
/\ files = <<<<2, 4, 5, 10, 3, 14>>, <<3, 5, 1, 7, 9, 4>>>>
/\ current_file = <<2, 3>>
/\ termination_latch = 0
/\ batches = <<<<2, 4, 5, 10, 3, 14>>, <<3, 5, 1, 7, 9, 4>>>>
/\ length = (0 :> -1 @@ 1 :> -1 @@ 2 :> -1)
/\ mutex = 0
/\ batch = <<<<4, 5, 10, 3, 14>>, <<5, 1, 7, 9, 4>>>>
/\ stack = (0 :> <<>> @@ 1 :> <<>> @@ 2 :> <<>>)

@!@!@ENDMSG 2217 @!@!@
@!@!@STARTMSG 2217:4 @!@!@
17: <end_cs line 219, col 17 to line 223, col 75 of module cliVerification>
/\ counter = <<2, 0, 0>>
/\ pc = (0 :> "set_latch" @@ 1 :> "loop" @@ 2 :> "loop")
/\ temp = (0 :> 0 @@ 1 :> 0 @@ 2 :> 0)
/\ files = <<<<2, 4, 5, 10, 3, 14>>, <<3, 5, 1, 7, 9, 4>>>>
/\ current_file = <<2, 3>>
/\ termination_latch = 0
/\ batches = <<<<2, 4, 5, 10, 3, 14>>, <<3, 5, 1, 7, 9, 4>>>>
/\ length = (0 :> -1 @@ 1 :> -1 @@ 2 :> -1)
/\ mutex = 1
/\ batch = <<<<4, 5, 10, 3, 14>>, <<5, 1, 7, 9, 4>>>>
/\ stack = (0 :> <<>> @@ 1 :> <<>> @@ 2 :> <<>>)

@!@!@ENDMSG 2217 @!@!@
@!@!@STARTMSG 2217:4 @!@!@
18: <loop line 194, col 15 to line 205, col 77 of module cliVerification>
/\ counter = <<2, 0, 0>>
/\ pc = (0 :> "set_latch" @@ 1 :> "loop" @@ 2 :> "CS")
/\ temp = (0 :> 0 @@ 1 :> 0 @@ 2 :> 0)
/\ files = <<<<2, 4, 5, 10, 3, 14>>, <<3, 5, 1, 7, 9, 4>>>>
/\ current_file = <<2, 5>>
/\ termination_latch = 0
/\ batches = <<<<2, 4, 5, 10, 3, 14>>, <<3, 5, 1, 7, 9, 4>>>>
/\ length = (0 :> -1 @@ 1 :> -1 @@ 2 :> -1)
/\ mutex = 0
/\ batch = <<<<4, 5, 10, 3, 14>>, <<1, 7, 9, 4>>>>
/\ stack = (0 :> <<>> @@ 1 :> <<>> @@ 2 :> <<>>)

@!@!@ENDMSG 2217 @!@!@
@!@!@STARTMSG 2217:4 @!@!@
19: <CS line 207, col 13 to line 217, col 50 of module cliVerification>
/\ counter = <<2, 0, 0>>
/\ pc = (0 :> "set_latch" @@ 1 :> "loop" @@ 2 :> "Update")
/\ temp = (0 :> 0 @@ 1 :> 0 @@ 2 :> 0)
/\ files = <<<<2, 4, 5, 10, 3, 14>>, <<3, 5, 1, 7, 9, 4>>>>
/\ current_file = <<2, 5>>
/\ termination_latch = 0
/\ batches = <<<<2, 4, 5, 10, 3, 14>>, <<3, 5, 1, 7, 9, 4>>>>
/\ length = (0 :> -1 @@ 1 :> -1 @@ 2 :> 5)
/\ mutex = 0
/\ batch = <<<<4, 5, 10, 3, 14>>, <<1, 7, 9, 4>>>>
/\ stack = ( 0 :> <<>> @@
  1 :> <<>> @@
  2 :>
      << [ pc |-> "end_cs",
           length |-> -1,
           temp |-> 0,
           procedure |-> "submit_file" ] >> )

@!@!@ENDMSG 2217 @!@!@
@!@!@STARTMSG 2217:4 @!@!@
20: <Update line 119, col 17 to line 129, col 76 of module cliVerification>
/\ counter = <<2, 0, 0>>
/\ pc = (0 :> "set_latch" @@ 1 :> "loop" @@ 2 :> "update2")
/\ temp = (0 :> 0 @@ 1 :> 0 @@ 2 :> 0)
/\ files = <<<<2, 4, 5, 10, 3, 14>>, <<3, 5, 1, 7, 9, 4>>>>
/\ current_file = <<2, 5>>
/\ termination_latch = 0
/\ batches = <<<<2, 4, 5, 10, 3, 14>>, <<3, 5, 1, 7, 9, 4>>>>
/\ length = (0 :> -1 @@ 1 :> -1 @@ 2 :> 5)
/\ mutex = 0
/\ batch = <<<<4, 5, 10, 3, 14>>, <<1, 7, 9, 4>>>>
/\ stack = ( 0 :> <<>> @@
  1 :> <<>> @@
  2 :>
      << [ pc |-> "end_cs",
           length |-> -1,
           temp |-> 0,
           procedure |-> "submit_file" ] >> )

@!@!@ENDMSG 2217 @!@!@
@!@!@STARTMSG 2217:4 @!@!@
21: <update2 line 137, col 18 to line 141, col 76 of module cliVerification>
/\ counter = <<2, 1, 0>>
/\ pc = (0 :> "set_latch" @@ 1 :> "loop" @@ 2 :> "submitted")
/\ temp = (0 :> 0 @@ 1 :> 0 @@ 2 :> 0)
/\ files = <<<<2, 4, 5, 10, 3, 14>>, <<3, 5, 1, 7, 9, 4>>>>
/\ current_file = <<2, 5>>
/\ termination_latch = 0
/\ batches = <<<<2, 4, 5, 10, 3, 14>>, <<3, 5, 1, 7, 9, 4>>>>
/\ length = (0 :> -1 @@ 1 :> -1 @@ 2 :> 5)
/\ mutex = 0
/\ batch = <<<<4, 5, 10, 3, 14>>, <<1, 7, 9, 4>>>>
/\ stack = ( 0 :> <<>> @@
  1 :> <<>> @@
  2 :>
      << [ pc |-> "end_cs",
           length |-> -1,
           temp |-> 0,
           procedure |-> "submit_file" ] >> )

@!@!@ENDMSG 2217 @!@!@
@!@!@STARTMSG 2217:4 @!@!@
22: <submitted line 149, col 20 to line 155, col 64 of module cliVerification>
/\ counter = <<2, 1, 0>>
/\ pc = (0 :> "set_latch" @@ 1 :> "loop" @@ 2 :> "end_cs")
/\ temp = (0 :> 0 @@ 1 :> 0 @@ 2 :> 0)
/\ files = <<<<2, 4, 5, 10, 3, 14>>, <<3, 5, 1, 7, 9, 4>>>>
/\ current_file = <<2, 5>>
/\ termination_latch = 0
/\ batches = <<<<2, 4, 5, 10, 3, 14>>, <<3, 5, 1, 7, 9, 4>>>>
/\ length = (0 :> -1 @@ 1 :> -1 @@ 2 :> -1)
/\ mutex = 0
/\ batch = <<<<4, 5, 10, 3, 14>>, <<1, 7, 9, 4>>>>
/\ stack = (0 :> <<>> @@ 1 :> <<>> @@ 2 :> <<>>)

@!@!@ENDMSG 2217 @!@!@
@!@!@STARTMSG 2217:4 @!@!@
23: <end_cs line 219, col 17 to line 223, col 75 of module cliVerification>
/\ counter = <<2, 1, 0>>
/\ pc = (0 :> "set_latch" @@ 1 :> "loop" @@ 2 :> "loop")
/\ temp = (0 :> 0 @@ 1 :> 0 @@ 2 :> 0)
/\ files = <<<<2, 4, 5, 10, 3, 14>>, <<3, 5, 1, 7, 9, 4>>>>
/\ current_file = <<2, 5>>
/\ termination_latch = 0
/\ batches = <<<<2, 4, 5, 10, 3, 14>>, <<3, 5, 1, 7, 9, 4>>>>
/\ length = (0 :> -1 @@ 1 :> -1 @@ 2 :> -1)
/\ mutex = 1
/\ batch = <<<<4, 5, 10, 3, 14>>, <<1, 7, 9, 4>>>>
/\ stack = (0 :> <<>> @@ 1 :> <<>> @@ 2 :> <<>>)

@!@!@ENDMSG 2217 @!@!@
@!@!@STARTMSG 2217:4 @!@!@
24: <loop line 194, col 15 to line 205, col 77 of module cliVerification>
/\ counter = <<2, 1, 0>>
/\ pc = (0 :> "set_latch" @@ 1 :> "CS" @@ 2 :> "loop")
/\ temp = (0 :> 0 @@ 1 :> 0 @@ 2 :> 0)
/\ files = <<<<2, 4, 5, 10, 3, 14>>, <<3, 5, 1, 7, 9, 4>>>>
/\ current_file = <<4, 5>>
/\ termination_latch = 0
/\ batches = <<<<2, 4, 5, 10, 3, 14>>, <<3, 5, 1, 7, 9, 4>>>>
/\ length = (0 :> -1 @@ 1 :> -1 @@ 2 :> -1)
/\ mutex = 0
/\ batch = <<<<5, 10, 3, 14>>, <<1, 7, 9, 4>>>>
/\ stack = (0 :> <<>> @@ 1 :> <<>> @@ 2 :> <<>>)

@!@!@ENDMSG 2217 @!@!@
@!@!@STARTMSG 2217:4 @!@!@
25: <CS line 207, col 13 to line 217, col 50 of module cliVerification>
/\ counter = <<2, 1, 0>>
/\ pc = (0 :> "set_latch" @@ 1 :> "Update" @@ 2 :> "loop")
/\ temp = (0 :> 0 @@ 1 :> 0 @@ 2 :> 0)
/\ files = <<<<2, 4, 5, 10, 3, 14>>, <<3, 5, 1, 7, 9, 4>>>>
/\ current_file = <<4, 5>>
/\ termination_latch = 0
/\ batches = <<<<2, 4, 5, 10, 3, 14>>, <<3, 5, 1, 7, 9, 4>>>>
/\ length = (0 :> -1 @@ 1 :> 4 @@ 2 :> -1)
/\ mutex = 0
/\ batch = <<<<5, 10, 3, 14>>, <<1, 7, 9, 4>>>>
/\ stack = ( 0 :> <<>> @@
  1 :>
      << [ pc |-> "end_cs",
           length |-> -1,
           temp |-> 0,
           procedure |-> "submit_file" ] >> @@
  2 :> <<>> )

@!@!@ENDMSG 2217 @!@!@
@!@!@STARTMSG 2217:4 @!@!@
26: <Update line 119, col 17 to line 129, col 76 of module cliVerification>
/\ counter = <<2, 1, 0>>
/\ pc = (0 :> "set_latch" @@ 1 :> "update1" @@ 2 :> "loop")
/\ temp = (0 :> 0 @@ 1 :> 2 @@ 2 :> 0)
/\ files = <<<<2, 4, 5, 10, 3, 14>>, <<3, 5, 1, 7, 9, 4>>>>
/\ current_file = <<4, 5>>
/\ termination_latch = 0
/\ batches = <<<<2, 4, 5, 10, 3, 14>>, <<3, 5, 1, 7, 9, 4>>>>
/\ length = (0 :> -1 @@ 1 :> 4 @@ 2 :> -1)
/\ mutex = 0
/\ batch = <<<<5, 10, 3, 14>>, <<1, 7, 9, 4>>>>
/\ stack = ( 0 :> <<>> @@
  1 :>
      << [ pc |-> "end_cs",
           length |-> -1,
           temp |-> 0,
           procedure |-> "submit_file" ] >> @@
  2 :> <<>> )

@!@!@ENDMSG 2217 @!@!@
@!@!@STARTMSG 2217:4 @!@!@
27: <update1 line 131, col 18 to line 135, col 76 of module cliVerification>
/\ counter = <<3, 1, 0>>
/\ pc = (0 :> "set_latch" @@ 1 :> "submitted" @@ 2 :> "loop")
/\ temp = (0 :> 0 @@ 1 :> 2 @@ 2 :> 0)
/\ files = <<<<2, 4, 5, 10, 3, 14>>, <<3, 5, 1, 7, 9, 4>>>>
/\ current_file = <<4, 5>>
/\ termination_latch = 0
/\ batches = <<<<2, 4, 5, 10, 3, 14>>, <<3, 5, 1, 7, 9, 4>>>>
/\ length = (0 :> -1 @@ 1 :> 4 @@ 2 :> -1)
/\ mutex = 0
/\ batch = <<<<5, 10, 3, 14>>, <<1, 7, 9, 4>>>>
/\ stack = ( 0 :> <<>> @@
  1 :>
      << [ pc |-> "end_cs",
           length |-> -1,
           temp |-> 0,
           procedure |-> "submit_file" ] >> @@
  2 :> <<>> )

@!@!@ENDMSG 2217 @!@!@
@!@!@STARTMSG 2217:4 @!@!@
28: <submitted line 149, col 20 to line 155, col 64 of module cliVerification>
/\ counter = <<3, 1, 0>>
/\ pc = (0 :> "set_latch" @@ 1 :> "end_cs" @@ 2 :> "loop")
/\ temp = (0 :> 0 @@ 1 :> 0 @@ 2 :> 0)
/\ files = <<<<2, 4, 5, 10, 3, 14>>, <<3, 5, 1, 7, 9, 4>>>>
/\ current_file = <<4, 5>>
/\ termination_latch = 0
/\ batches = <<<<2, 4, 5, 10, 3, 14>>, <<3, 5, 1, 7, 9, 4>>>>
/\ length = (0 :> -1 @@ 1 :> -1 @@ 2 :> -1)
/\ mutex = 0
/\ batch = <<<<5, 10, 3, 14>>, <<1, 7, 9, 4>>>>
/\ stack = (0 :> <<>> @@ 1 :> <<>> @@ 2 :> <<>>)

@!@!@ENDMSG 2217 @!@!@
@!@!@STARTMSG 2217:4 @!@!@
29: <end_cs line 219, col 17 to line 223, col 75 of module cliVerification>
/\ counter = <<3, 1, 0>>
/\ pc = (0 :> "set_latch" @@ 1 :> "loop" @@ 2 :> "loop")
/\ temp = (0 :> 0 @@ 1 :> 0 @@ 2 :> 0)
/\ files = <<<<2, 4, 5, 10, 3, 14>>, <<3, 5, 1, 7, 9, 4>>>>
/\ current_file = <<4, 5>>
/\ termination_latch = 0
/\ batches = <<<<2, 4, 5, 10, 3, 14>>, <<3, 5, 1, 7, 9, 4>>>>
/\ length = (0 :> -1 @@ 1 :> -1 @@ 2 :> -1)
/\ mutex = 1
/\ batch = <<<<5, 10, 3, 14>>, <<1, 7, 9, 4>>>>
/\ stack = (0 :> <<>> @@ 1 :> <<>> @@ 2 :> <<>>)

@!@!@ENDMSG 2217 @!@!@
@!@!@STARTMSG 2217:4 @!@!@
30: <loop line 194, col 15 to line 205, col 77 of module cliVerification>
/\ counter = <<3, 1, 0>>
/\ pc = (0 :> "set_latch" @@ 1 :> "loop" @@ 2 :> "CS")
/\ temp = (0 :> 0 @@ 1 :> 0 @@ 2 :> 0)
/\ files = <<<<2, 4, 5, 10, 3, 14>>, <<3, 5, 1, 7, 9, 4>>>>
/\ current_file = <<4, 1>>
/\ termination_latch = 0
/\ batches = <<<<2, 4, 5, 10, 3, 14>>, <<3, 5, 1, 7, 9, 4>>>>
/\ length = (0 :> -1 @@ 1 :> -1 @@ 2 :> -1)
/\ mutex = 0
/\ batch = <<<<5, 10, 3, 14>>, <<7, 9, 4>>>>
/\ stack = (0 :> <<>> @@ 1 :> <<>> @@ 2 :> <<>>)

@!@!@ENDMSG 2217 @!@!@
@!@!@STARTMSG 2217:4 @!@!@
31: <CS line 207, col 13 to line 217, col 50 of module cliVerification>
/\ counter = <<3, 1, 0>>
/\ pc = (0 :> "set_latch" @@ 1 :> "loop" @@ 2 :> "Update")
/\ temp = (0 :> 0 @@ 1 :> 0 @@ 2 :> 0)
/\ files = <<<<2, 4, 5, 10, 3, 14>>, <<3, 5, 1, 7, 9, 4>>>>
/\ current_file = <<4, 1>>
/\ termination_latch = 0
/\ batches = <<<<2, 4, 5, 10, 3, 14>>, <<3, 5, 1, 7, 9, 4>>>>
/\ length = (0 :> -1 @@ 1 :> -1 @@ 2 :> 1)
/\ mutex = 0
/\ batch = <<<<5, 10, 3, 14>>, <<7, 9, 4>>>>
/\ stack = ( 0 :> <<>> @@
  1 :> <<>> @@
  2 :>
      << [ pc |-> "end_cs",
           length |-> -1,
           temp |-> 0,
           procedure |-> "submit_file" ] >> )

@!@!@ENDMSG 2217 @!@!@
@!@!@STARTMSG 2217:4 @!@!@
32: <Update line 119, col 17 to line 129, col 76 of module cliVerification>
/\ counter = <<3, 1, 0>>
/\ pc = (0 :> "set_latch" @@ 1 :> "loop" @@ 2 :> "update1")
/\ temp = (0 :> 0 @@ 1 :> 0 @@ 2 :> 3)
/\ files = <<<<2, 4, 5, 10, 3, 14>>, <<3, 5, 1, 7, 9, 4>>>>
/\ current_file = <<4, 1>>
/\ termination_latch = 0
/\ batches = <<<<2, 4, 5, 10, 3, 14>>, <<3, 5, 1, 7, 9, 4>>>>
/\ length = (0 :> -1 @@ 1 :> -1 @@ 2 :> 1)
/\ mutex = 0
/\ batch = <<<<5, 10, 3, 14>>, <<7, 9, 4>>>>
/\ stack = ( 0 :> <<>> @@
  1 :> <<>> @@
  2 :>
      << [ pc |-> "end_cs",
           length |-> -1,
           temp |-> 0,
           procedure |-> "submit_file" ] >> )

@!@!@ENDMSG 2217 @!@!@
@!@!@STARTMSG 2217:4 @!@!@
33: <update1 line 131, col 18 to line 135, col 76 of module cliVerification>
/\ counter = <<4, 1, 0>>
/\ pc = (0 :> "set_latch" @@ 1 :> "loop" @@ 2 :> "submitted")
/\ temp = (0 :> 0 @@ 1 :> 0 @@ 2 :> 3)
/\ files = <<<<2, 4, 5, 10, 3, 14>>, <<3, 5, 1, 7, 9, 4>>>>
/\ current_file = <<4, 1>>
/\ termination_latch = 0
/\ batches = <<<<2, 4, 5, 10, 3, 14>>, <<3, 5, 1, 7, 9, 4>>>>
/\ length = (0 :> -1 @@ 1 :> -1 @@ 2 :> 1)
/\ mutex = 0
/\ batch = <<<<5, 10, 3, 14>>, <<7, 9, 4>>>>
/\ stack = ( 0 :> <<>> @@
  1 :> <<>> @@
  2 :>
      << [ pc |-> "end_cs",
           length |-> -1,
           temp |-> 0,
           procedure |-> "submit_file" ] >> )

@!@!@ENDMSG 2217 @!@!@
@!@!@STARTMSG 2217:4 @!@!@
34: <submitted line 149, col 20 to line 155, col 64 of module cliVerification>
/\ counter = <<4, 1, 0>>
/\ pc = (0 :> "set_latch" @@ 1 :> "loop" @@ 2 :> "end_cs")
/\ temp = (0 :> 0 @@ 1 :> 0 @@ 2 :> 0)
/\ files = <<<<2, 4, 5, 10, 3, 14>>, <<3, 5, 1, 7, 9, 4>>>>
/\ current_file = <<4, 1>>
/\ termination_latch = 0
/\ batches = <<<<2, 4, 5, 10, 3, 14>>, <<3, 5, 1, 7, 9, 4>>>>
/\ length = (0 :> -1 @@ 1 :> -1 @@ 2 :> -1)
/\ mutex = 0
/\ batch = <<<<5, 10, 3, 14>>, <<7, 9, 4>>>>
/\ stack = (0 :> <<>> @@ 1 :> <<>> @@ 2 :> <<>>)

@!@!@ENDMSG 2217 @!@!@
@!@!@STARTMSG 2217:4 @!@!@
35: <end_cs line 219, col 17 to line 223, col 75 of module cliVerification>
/\ counter = <<4, 1, 0>>
/\ pc = (0 :> "set_latch" @@ 1 :> "loop" @@ 2 :> "loop")
/\ temp = (0 :> 0 @@ 1 :> 0 @@ 2 :> 0)
/\ files = <<<<2, 4, 5, 10, 3, 14>>, <<3, 5, 1, 7, 9, 4>>>>
/\ current_file = <<4, 1>>
/\ termination_latch = 0
/\ batches = <<<<2, 4, 5, 10, 3, 14>>, <<3, 5, 1, 7, 9, 4>>>>
/\ length = (0 :> -1 @@ 1 :> -1 @@ 2 :> -1)
/\ mutex = 1
/\ batch = <<<<5, 10, 3, 14>>, <<7, 9, 4>>>>
/\ stack = (0 :> <<>> @@ 1 :> <<>> @@ 2 :> <<>>)

@!@!@ENDMSG 2217 @!@!@
@!@!@STARTMSG 2217:4 @!@!@
36: <loop line 194, col 15 to line 205, col 77 of module cliVerification>
/\ counter = <<4, 1, 0>>
/\ pc = (0 :> "set_latch" @@ 1 :> "loop" @@ 2 :> "CS")
/\ temp = (0 :> 0 @@ 1 :> 0 @@ 2 :> 0)
/\ files = <<<<2, 4, 5, 10, 3, 14>>, <<3, 5, 1, 7, 9, 4>>>>
/\ current_file = <<4, 7>>
/\ termination_latch = 0
/\ batches = <<<<2, 4, 5, 10, 3, 14>>, <<3, 5, 1, 7, 9, 4>>>>
/\ length = (0 :> -1 @@ 1 :> -1 @@ 2 :> -1)
/\ mutex = 0
/\ batch = <<<<5, 10, 3, 14>>, <<9, 4>>>>
/\ stack = (0 :> <<>> @@ 1 :> <<>> @@ 2 :> <<>>)

@!@!@ENDMSG 2217 @!@!@
@!@!@STARTMSG 2217:4 @!@!@
37: <CS line 207, col 13 to line 217, col 50 of module cliVerification>
/\ counter = <<4, 1, 0>>
/\ pc = (0 :> "set_latch" @@ 1 :> "loop" @@ 2 :> "Update")
/\ temp = (0 :> 0 @@ 1 :> 0 @@ 2 :> 0)
/\ files = <<<<2, 4, 5, 10, 3, 14>>, <<3, 5, 1, 7, 9, 4>>>>
/\ current_file = <<4, 7>>
/\ termination_latch = 0
/\ batches = <<<<2, 4, 5, 10, 3, 14>>, <<3, 5, 1, 7, 9, 4>>>>
/\ length = (0 :> -1 @@ 1 :> -1 @@ 2 :> 7)
/\ mutex = 0
/\ batch = <<<<5, 10, 3, 14>>, <<9, 4>>>>
/\ stack = ( 0 :> <<>> @@
  1 :> <<>> @@
  2 :>
      << [ pc |-> "end_cs",
           length |-> -1,
           temp |-> 0,
           procedure |-> "submit_file" ] >> )

@!@!@ENDMSG 2217 @!@!@
@!@!@STARTMSG 2217:4 @!@!@
38: <Update line 119, col 17 to line 129, col 76 of module cliVerification>
/\ counter = <<4, 1, 0>>
/\ pc = (0 :> "set_latch" @@ 1 :> "loop" @@ 2 :> "update2")
/\ temp = (0 :> 0 @@ 1 :> 0 @@ 2 :> 1)
/\ files = <<<<2, 4, 5, 10, 3, 14>>, <<3, 5, 1, 7, 9, 4>>>>
/\ current_file = <<4, 7>>
/\ termination_latch = 0
/\ batches = <<<<2, 4, 5, 10, 3, 14>>, <<3, 5, 1, 7, 9, 4>>>>
/\ length = (0 :> -1 @@ 1 :> -1 @@ 2 :> 7)
/\ mutex = 0
/\ batch = <<<<5, 10, 3, 14>>, <<9, 4>>>>
/\ stack = ( 0 :> <<>> @@
  1 :> <<>> @@
  2 :>
      << [ pc |-> "end_cs",
           length |-> -1,
           temp |-> 0,
           procedure |-> "submit_file" ] >> )

@!@!@ENDMSG 2217 @!@!@
@!@!@STARTMSG 2217:4 @!@!@
39: <update2 line 137, col 18 to line 141, col 76 of module cliVerification>
/\ counter = <<4, 2, 0>>
/\ pc = (0 :> "set_latch" @@ 1 :> "loop" @@ 2 :> "submitted")
/\ temp = (0 :> 0 @@ 1 :> 0 @@ 2 :> 1)
/\ files = <<<<2, 4, 5, 10, 3, 14>>, <<3, 5, 1, 7, 9, 4>>>>
/\ current_file = <<4, 7>>
/\ termination_latch = 0
/\ batches = <<<<2, 4, 5, 10, 3, 14>>, <<3, 5, 1, 7, 9, 4>>>>
/\ length = (0 :> -1 @@ 1 :> -1 @@ 2 :> 7)
/\ mutex = 0
/\ batch = <<<<5, 10, 3, 14>>, <<9, 4>>>>
/\ stack = ( 0 :> <<>> @@
  1 :> <<>> @@
  2 :>
      << [ pc |-> "end_cs",
           length |-> -1,
           temp |-> 0,
           procedure |-> "submit_file" ] >> )

@!@!@ENDMSG 2217 @!@!@
@!@!@STARTMSG 2217:4 @!@!@
40: <submitted line 149, col 20 to line 155, col 64 of module cliVerification>
/\ counter = <<4, 2, 0>>
/\ pc = (0 :> "set_latch" @@ 1 :> "loop" @@ 2 :> "end_cs")
/\ temp = (0 :> 0 @@ 1 :> 0 @@ 2 :> 0)
/\ files = <<<<2, 4, 5, 10, 3, 14>>, <<3, 5, 1, 7, 9, 4>>>>
/\ current_file = <<4, 7>>
/\ termination_latch = 0
/\ batches = <<<<2, 4, 5, 10, 3, 14>>, <<3, 5, 1, 7, 9, 4>>>>
/\ length = (0 :> -1 @@ 1 :> -1 @@ 2 :> -1)
/\ mutex = 0
/\ batch = <<<<5, 10, 3, 14>>, <<9, 4>>>>
/\ stack = (0 :> <<>> @@ 1 :> <<>> @@ 2 :> <<>>)

@!@!@ENDMSG 2217 @!@!@
@!@!@STARTMSG 2217:4 @!@!@
41: <end_cs line 219, col 17 to line 223, col 75 of module cliVerification>
/\ counter = <<4, 2, 0>>
/\ pc = (0 :> "set_latch" @@ 1 :> "loop" @@ 2 :> "loop")
/\ temp = (0 :> 0 @@ 1 :> 0 @@ 2 :> 0)
/\ files = <<<<2, 4, 5, 10, 3, 14>>, <<3, 5, 1, 7, 9, 4>>>>
/\ current_file = <<4, 7>>
/\ termination_latch = 0
/\ batches = <<<<2, 4, 5, 10, 3, 14>>, <<3, 5, 1, 7, 9, 4>>>>
/\ length = (0 :> -1 @@ 1 :> -1 @@ 2 :> -1)
/\ mutex = 1
/\ batch = <<<<5, 10, 3, 14>>, <<9, 4>>>>
/\ stack = (0 :> <<>> @@ 1 :> <<>> @@ 2 :> <<>>)

@!@!@ENDMSG 2217 @!@!@
@!@!@STARTMSG 2217:4 @!@!@
42: <loop line 194, col 15 to line 205, col 77 of module cliVerification>
/\ counter = <<4, 2, 0>>
/\ pc = (0 :> "set_latch" @@ 1 :> "CS" @@ 2 :> "loop")
/\ temp = (0 :> 0 @@ 1 :> 0 @@ 2 :> 0)
/\ files = <<<<2, 4, 5, 10, 3, 14>>, <<3, 5, 1, 7, 9, 4>>>>
/\ current_file = <<5, 7>>
/\ termination_latch = 0
/\ batches = <<<<2, 4, 5, 10, 3, 14>>, <<3, 5, 1, 7, 9, 4>>>>
/\ length = (0 :> -1 @@ 1 :> -1 @@ 2 :> -1)
/\ mutex = 0
/\ batch = <<<<10, 3, 14>>, <<9, 4>>>>
/\ stack = (0 :> <<>> @@ 1 :> <<>> @@ 2 :> <<>>)

@!@!@ENDMSG 2217 @!@!@
@!@!@STARTMSG 2217:4 @!@!@
43: <CS line 207, col 13 to line 217, col 50 of module cliVerification>
/\ counter = <<4, 2, 0>>
/\ pc = (0 :> "set_latch" @@ 1 :> "Update" @@ 2 :> "loop")
/\ temp = (0 :> 0 @@ 1 :> 0 @@ 2 :> 0)
/\ files = <<<<2, 4, 5, 10, 3, 14>>, <<3, 5, 1, 7, 9, 4>>>>
/\ current_file = <<5, 7>>
/\ termination_latch = 0
/\ batches = <<<<2, 4, 5, 10, 3, 14>>, <<3, 5, 1, 7, 9, 4>>>>
/\ length = (0 :> -1 @@ 1 :> 5 @@ 2 :> -1)
/\ mutex = 0
/\ batch = <<<<10, 3, 14>>, <<9, 4>>>>
/\ stack = ( 0 :> <<>> @@
  1 :>
      << [ pc |-> "end_cs",
           length |-> -1,
           temp |-> 0,
           procedure |-> "submit_file" ] >> @@
  2 :> <<>> )

@!@!@ENDMSG 2217 @!@!@
@!@!@STARTMSG 2217:4 @!@!@
44: <Update line 119, col 17 to line 129, col 76 of module cliVerification>
/\ counter = <<4, 2, 0>>
/\ pc = (0 :> "set_latch" @@ 1 :> "update2" @@ 2 :> "loop")
/\ temp = (0 :> 0 @@ 1 :> 2 @@ 2 :> 0)
/\ files = <<<<2, 4, 5, 10, 3, 14>>, <<3, 5, 1, 7, 9, 4>>>>
/\ current_file = <<5, 7>>
/\ termination_latch = 0
/\ batches = <<<<2, 4, 5, 10, 3, 14>>, <<3, 5, 1, 7, 9, 4>>>>
/\ length = (0 :> -1 @@ 1 :> 5 @@ 2 :> -1)
/\ mutex = 0
/\ batch = <<<<10, 3, 14>>, <<9, 4>>>>
/\ stack = ( 0 :> <<>> @@
  1 :>
      << [ pc |-> "end_cs",
           length |-> -1,
           temp |-> 0,
           procedure |-> "submit_file" ] >> @@
  2 :> <<>> )

@!@!@ENDMSG 2217 @!@!@
@!@!@STARTMSG 2217:4 @!@!@
45: <update2 line 137, col 18 to line 141, col 76 of module cliVerification>
/\ counter = <<4, 3, 0>>
/\ pc = (0 :> "set_latch" @@ 1 :> "submitted" @@ 2 :> "loop")
/\ temp = (0 :> 0 @@ 1 :> 2 @@ 2 :> 0)
/\ files = <<<<2, 4, 5, 10, 3, 14>>, <<3, 5, 1, 7, 9, 4>>>>
/\ current_file = <<5, 7>>
/\ termination_latch = 0
/\ batches = <<<<2, 4, 5, 10, 3, 14>>, <<3, 5, 1, 7, 9, 4>>>>
/\ length = (0 :> -1 @@ 1 :> 5 @@ 2 :> -1)
/\ mutex = 0
/\ batch = <<<<10, 3, 14>>, <<9, 4>>>>
/\ stack = ( 0 :> <<>> @@
  1 :>
      << [ pc |-> "end_cs",
           length |-> -1,
           temp |-> 0,
           procedure |-> "submit_file" ] >> @@
  2 :> <<>> )

@!@!@ENDMSG 2217 @!@!@
@!@!@STARTMSG 2217:4 @!@!@
46: <submitted line 149, col 20 to line 155, col 64 of module cliVerification>
/\ counter = <<4, 3, 0>>
/\ pc = (0 :> "set_latch" @@ 1 :> "end_cs" @@ 2 :> "loop")
/\ temp = (0 :> 0 @@ 1 :> 0 @@ 2 :> 0)
/\ files = <<<<2, 4, 5, 10, 3, 14>>, <<3, 5, 1, 7, 9, 4>>>>
/\ current_file = <<5, 7>>
/\ termination_latch = 0
/\ batches = <<<<2, 4, 5, 10, 3, 14>>, <<3, 5, 1, 7, 9, 4>>>>
/\ length = (0 :> -1 @@ 1 :> -1 @@ 2 :> -1)
/\ mutex = 0
/\ batch = <<<<10, 3, 14>>, <<9, 4>>>>
/\ stack = (0 :> <<>> @@ 1 :> <<>> @@ 2 :> <<>>)

@!@!@ENDMSG 2217 @!@!@
@!@!@STARTMSG 2217:4 @!@!@
47: <end_cs line 219, col 17 to line 223, col 75 of module cliVerification>
/\ counter = <<4, 3, 0>>
/\ pc = (0 :> "set_latch" @@ 1 :> "loop" @@ 2 :> "loop")
/\ temp = (0 :> 0 @@ 1 :> 0 @@ 2 :> 0)
/\ files = <<<<2, 4, 5, 10, 3, 14>>, <<3, 5, 1, 7, 9, 4>>>>
/\ current_file = <<5, 7>>
/\ termination_latch = 0
/\ batches = <<<<2, 4, 5, 10, 3, 14>>, <<3, 5, 1, 7, 9, 4>>>>
/\ length = (0 :> -1 @@ 1 :> -1 @@ 2 :> -1)
/\ mutex = 1
/\ batch = <<<<10, 3, 14>>, <<9, 4>>>>
/\ stack = (0 :> <<>> @@ 1 :> <<>> @@ 2 :> <<>>)

@!@!@ENDMSG 2217 @!@!@
@!@!@STARTMSG 2217:4 @!@!@
48: <loop line 194, col 15 to line 205, col 77 of module cliVerification>
/\ counter = <<4, 3, 0>>
/\ pc = (0 :> "set_latch" @@ 1 :> "CS" @@ 2 :> "loop")
/\ temp = (0 :> 0 @@ 1 :> 0 @@ 2 :> 0)
/\ files = <<<<2, 4, 5, 10, 3, 14>>, <<3, 5, 1, 7, 9, 4>>>>
/\ current_file = <<10, 7>>
/\ termination_latch = 0
/\ batches = <<<<2, 4, 5, 10, 3, 14>>, <<3, 5, 1, 7, 9, 4>>>>
/\ length = (0 :> -1 @@ 1 :> -1 @@ 2 :> -1)
/\ mutex = 0
/\ batch = <<<<3, 14>>, <<9, 4>>>>
/\ stack = (0 :> <<>> @@ 1 :> <<>> @@ 2 :> <<>>)

@!@!@ENDMSG 2217 @!@!@
@!@!@STARTMSG 2217:4 @!@!@
49: <CS line 207, col 13 to line 217, col 50 of module cliVerification>
/\ counter = <<4, 3, 0>>
/\ pc = (0 :> "set_latch" @@ 1 :> "Update" @@ 2 :> "loop")
/\ temp = (0 :> 0 @@ 1 :> 0 @@ 2 :> 0)
/\ files = <<<<2, 4, 5, 10, 3, 14>>, <<3, 5, 1, 7, 9, 4>>>>
/\ current_file = <<10, 7>>
/\ termination_latch = 0
/\ batches = <<<<2, 4, 5, 10, 3, 14>>, <<3, 5, 1, 7, 9, 4>>>>
/\ length = (0 :> -1 @@ 1 :> 10 @@ 2 :> -1)
/\ mutex = 0
/\ batch = <<<<3, 14>>, <<9, 4>>>>
/\ stack = ( 0 :> <<>> @@
  1 :>
      << [ pc |-> "end_cs",
           length |-> -1,
           temp |-> 0,
           procedure |-> "submit_file" ] >> @@
  2 :> <<>> )

@!@!@ENDMSG 2217 @!@!@
@!@!@STARTMSG 2217:4 @!@!@
50: <Update line 119, col 17 to line 129, col 76 of module cliVerification>
/\ counter = <<4, 3, 0>>
/\ pc = (0 :> "set_latch" @@ 1 :> "update3" @@ 2 :> "loop")
/\ temp = (0 :> 0 @@ 1 :> 0 @@ 2 :> 0)
/\ files = <<<<2, 4, 5, 10, 3, 14>>, <<3, 5, 1, 7, 9, 4>>>>
/\ current_file = <<10, 7>>
/\ termination_latch = 0
/\ batches = <<<<2, 4, 5, 10, 3, 14>>, <<3, 5, 1, 7, 9, 4>>>>
/\ length = (0 :> -1 @@ 1 :> 10 @@ 2 :> -1)
/\ mutex = 0
/\ batch = <<<<3, 14>>, <<9, 4>>>>
/\ stack = ( 0 :> <<>> @@
  1 :>
      << [ pc |-> "end_cs",
           length |-> -1,
           temp |-> 0,
           procedure |-> "submit_file" ] >> @@
  2 :> <<>> )

@!@!@ENDMSG 2217 @!@!@
@!@!@STARTMSG 2217:4 @!@!@
51: <update3 line 143, col 18 to line 147, col 76 of module cliVerification>
/\ counter = <<4, 3, 1>>
/\ pc = (0 :> "set_latch" @@ 1 :> "submitted" @@ 2 :> "loop")
/\ temp = (0 :> 0 @@ 1 :> 0 @@ 2 :> 0)
/\ files = <<<<2, 4, 5, 10, 3, 14>>, <<3, 5, 1, 7, 9, 4>>>>
/\ current_file = <<10, 7>>
/\ termination_latch = 0
/\ batches = <<<<2, 4, 5, 10, 3, 14>>, <<3, 5, 1, 7, 9, 4>>>>
/\ length = (0 :> -1 @@ 1 :> 10 @@ 2 :> -1)
/\ mutex = 0
/\ batch = <<<<3, 14>>, <<9, 4>>>>
/\ stack = ( 0 :> <<>> @@
  1 :>
      << [ pc |-> "end_cs",
           length |-> -1,
           temp |-> 0,
           procedure |-> "submit_file" ] >> @@
  2 :> <<>> )

@!@!@ENDMSG 2217 @!@!@
@!@!@STARTMSG 2217:4 @!@!@
52: <submitted line 149, col 20 to line 155, col 64 of module cliVerification>
/\ counter = <<4, 3, 1>>
/\ pc = (0 :> "set_latch" @@ 1 :> "end_cs" @@ 2 :> "loop")
/\ temp = (0 :> 0 @@ 1 :> 0 @@ 2 :> 0)
/\ files = <<<<2, 4, 5, 10, 3, 14>>, <<3, 5, 1, 7, 9, 4>>>>
/\ current_file = <<10, 7>>
/\ termination_latch = 0
/\ batches = <<<<2, 4, 5, 10, 3, 14>>, <<3, 5, 1, 7, 9, 4>>>>
/\ length = (0 :> -1 @@ 1 :> -1 @@ 2 :> -1)
/\ mutex = 0
/\ batch = <<<<3, 14>>, <<9, 4>>>>
/\ stack = (0 :> <<>> @@ 1 :> <<>> @@ 2 :> <<>>)

@!@!@ENDMSG 2217 @!@!@
@!@!@STARTMSG 2217:4 @!@!@
53: <end_cs line 219, col 17 to line 223, col 75 of module cliVerification>
/\ counter = <<4, 3, 1>>
/\ pc = (0 :> "set_latch" @@ 1 :> "loop" @@ 2 :> "loop")
/\ temp = (0 :> 0 @@ 1 :> 0 @@ 2 :> 0)
/\ files = <<<<2, 4, 5, 10, 3, 14>>, <<3, 5, 1, 7, 9, 4>>>>
/\ current_file = <<10, 7>>
/\ termination_latch = 0
/\ batches = <<<<2, 4, 5, 10, 3, 14>>, <<3, 5, 1, 7, 9, 4>>>>
/\ length = (0 :> -1 @@ 1 :> -1 @@ 2 :> -1)
/\ mutex = 1
/\ batch = <<<<3, 14>>, <<9, 4>>>>
/\ stack = (0 :> <<>> @@ 1 :> <<>> @@ 2 :> <<>>)

@!@!@ENDMSG 2217 @!@!@
@!@!@STARTMSG 2217:4 @!@!@
54: <loop line 194, col 15 to line 205, col 77 of module cliVerification>
/\ counter = <<4, 3, 1>>
/\ pc = (0 :> "set_latch" @@ 1 :> "CS" @@ 2 :> "loop")
/\ temp = (0 :> 0 @@ 1 :> 0 @@ 2 :> 0)
/\ files = <<<<2, 4, 5, 10, 3, 14>>, <<3, 5, 1, 7, 9, 4>>>>
/\ current_file = <<3, 7>>
/\ termination_latch = 0
/\ batches = <<<<2, 4, 5, 10, 3, 14>>, <<3, 5, 1, 7, 9, 4>>>>
/\ length = (0 :> -1 @@ 1 :> -1 @@ 2 :> -1)
/\ mutex = 0
/\ batch = <<<<14>>, <<9, 4>>>>
/\ stack = (0 :> <<>> @@ 1 :> <<>> @@ 2 :> <<>>)

@!@!@ENDMSG 2217 @!@!@
@!@!@STARTMSG 2217:4 @!@!@
55: <CS line 207, col 13 to line 217, col 50 of module cliVerification>
/\ counter = <<4, 3, 1>>
/\ pc = (0 :> "set_latch" @@ 1 :> "Update" @@ 2 :> "loop")
/\ temp = (0 :> 0 @@ 1 :> 0 @@ 2 :> 0)
/\ files = <<<<2, 4, 5, 10, 3, 14>>, <<3, 5, 1, 7, 9, 4>>>>
/\ current_file = <<3, 7>>
/\ termination_latch = 0
/\ batches = <<<<2, 4, 5, 10, 3, 14>>, <<3, 5, 1, 7, 9, 4>>>>
/\ length = (0 :> -1 @@ 1 :> 3 @@ 2 :> -1)
/\ mutex = 0
/\ batch = <<<<14>>, <<9, 4>>>>
/\ stack = ( 0 :> <<>> @@
  1 :>
      << [ pc |-> "end_cs",
           length |-> -1,
           temp |-> 0,
           procedure |-> "submit_file" ] >> @@
  2 :> <<>> )

@!@!@ENDMSG 2217 @!@!@
@!@!@STARTMSG 2217:4 @!@!@
56: <Update line 119, col 17 to line 129, col 76 of module cliVerification>
/\ counter = <<4, 3, 1>>
/\ pc = (0 :> "set_latch" @@ 1 :> "update1" @@ 2 :> "loop")
/\ temp = (0 :> 0 @@ 1 :> 4 @@ 2 :> 0)
/\ files = <<<<2, 4, 5, 10, 3, 14>>, <<3, 5, 1, 7, 9, 4>>>>
/\ current_file = <<3, 7>>
/\ termination_latch = 0
/\ batches = <<<<2, 4, 5, 10, 3, 14>>, <<3, 5, 1, 7, 9, 4>>>>
/\ length = (0 :> -1 @@ 1 :> 3 @@ 2 :> -1)
/\ mutex = 0
/\ batch = <<<<14>>, <<9, 4>>>>
/\ stack = ( 0 :> <<>> @@
  1 :>
      << [ pc |-> "end_cs",
           length |-> -1,
           temp |-> 0,
           procedure |-> "submit_file" ] >> @@
  2 :> <<>> )

@!@!@ENDMSG 2217 @!@!@
@!@!@STARTMSG 2217:4 @!@!@
57: <update1 line 131, col 18 to line 135, col 76 of module cliVerification>
/\ counter = <<5, 3, 1>>
/\ pc = (0 :> "set_latch" @@ 1 :> "submitted" @@ 2 :> "loop")
/\ temp = (0 :> 0 @@ 1 :> 4 @@ 2 :> 0)
/\ files = <<<<2, 4, 5, 10, 3, 14>>, <<3, 5, 1, 7, 9, 4>>>>
/\ current_file = <<3, 7>>
/\ termination_latch = 0
/\ batches = <<<<2, 4, 5, 10, 3, 14>>, <<3, 5, 1, 7, 9, 4>>>>
/\ length = (0 :> -1 @@ 1 :> 3 @@ 2 :> -1)
/\ mutex = 0
/\ batch = <<<<14>>, <<9, 4>>>>
/\ stack = ( 0 :> <<>> @@
  1 :>
      << [ pc |-> "end_cs",
           length |-> -1,
           temp |-> 0,
           procedure |-> "submit_file" ] >> @@
  2 :> <<>> )

@!@!@ENDMSG 2217 @!@!@
@!@!@STARTMSG 2217:4 @!@!@
58: <submitted line 149, col 20 to line 155, col 64 of module cliVerification>
/\ counter = <<5, 3, 1>>
/\ pc = (0 :> "set_latch" @@ 1 :> "end_cs" @@ 2 :> "loop")
/\ temp = (0 :> 0 @@ 1 :> 0 @@ 2 :> 0)
/\ files = <<<<2, 4, 5, 10, 3, 14>>, <<3, 5, 1, 7, 9, 4>>>>
/\ current_file = <<3, 7>>
/\ termination_latch = 0
/\ batches = <<<<2, 4, 5, 10, 3, 14>>, <<3, 5, 1, 7, 9, 4>>>>
/\ length = (0 :> -1 @@ 1 :> -1 @@ 2 :> -1)
/\ mutex = 0
/\ batch = <<<<14>>, <<9, 4>>>>
/\ stack = (0 :> <<>> @@ 1 :> <<>> @@ 2 :> <<>>)

@!@!@ENDMSG 2217 @!@!@
@!@!@STARTMSG 2217:4 @!@!@
59: <end_cs line 219, col 17 to line 223, col 75 of module cliVerification>
/\ counter = <<5, 3, 1>>
/\ pc = (0 :> "set_latch" @@ 1 :> "loop" @@ 2 :> "loop")
/\ temp = (0 :> 0 @@ 1 :> 0 @@ 2 :> 0)
/\ files = <<<<2, 4, 5, 10, 3, 14>>, <<3, 5, 1, 7, 9, 4>>>>
/\ current_file = <<3, 7>>
/\ termination_latch = 0
/\ batches = <<<<2, 4, 5, 10, 3, 14>>, <<3, 5, 1, 7, 9, 4>>>>
/\ length = (0 :> -1 @@ 1 :> -1 @@ 2 :> -1)
/\ mutex = 1
/\ batch = <<<<14>>, <<9, 4>>>>
/\ stack = (0 :> <<>> @@ 1 :> <<>> @@ 2 :> <<>>)

@!@!@ENDMSG 2217 @!@!@
@!@!@STARTMSG 2217:4 @!@!@
60: <loop line 194, col 15 to line 205, col 77 of module cliVerification>
/\ counter = <<5, 3, 1>>
/\ pc = (0 :> "set_latch" @@ 1 :> "loop" @@ 2 :> "CS")
/\ temp = (0 :> 0 @@ 1 :> 0 @@ 2 :> 0)
/\ files = <<<<2, 4, 5, 10, 3, 14>>, <<3, 5, 1, 7, 9, 4>>>>
/\ current_file = <<3, 9>>
/\ termination_latch = 0
/\ batches = <<<<2, 4, 5, 10, 3, 14>>, <<3, 5, 1, 7, 9, 4>>>>
/\ length = (0 :> -1 @@ 1 :> -1 @@ 2 :> -1)
/\ mutex = 0
/\ batch = <<<<14>>, <<4>>>>
/\ stack = (0 :> <<>> @@ 1 :> <<>> @@ 2 :> <<>>)

@!@!@ENDMSG 2217 @!@!@
@!@!@STARTMSG 2217:4 @!@!@
61: <CS line 207, col 13 to line 217, col 50 of module cliVerification>
/\ counter = <<5, 3, 1>>
/\ pc = (0 :> "set_latch" @@ 1 :> "loop" @@ 2 :> "Update")
/\ temp = (0 :> 0 @@ 1 :> 0 @@ 2 :> 0)
/\ files = <<<<2, 4, 5, 10, 3, 14>>, <<3, 5, 1, 7, 9, 4>>>>
/\ current_file = <<3, 9>>
/\ termination_latch = 0
/\ batches = <<<<2, 4, 5, 10, 3, 14>>, <<3, 5, 1, 7, 9, 4>>>>
/\ length = (0 :> -1 @@ 1 :> -1 @@ 2 :> 9)
/\ mutex = 0
/\ batch = <<<<14>>, <<4>>>>
/\ stack = ( 0 :> <<>> @@
  1 :> <<>> @@
  2 :>
      << [ pc |-> "end_cs",
           length |-> -1,
           temp |-> 0,
           procedure |-> "submit_file" ] >> )

@!@!@ENDMSG 2217 @!@!@
@!@!@STARTMSG 2217:4 @!@!@
62: <Update line 119, col 17 to line 129, col 76 of module cliVerification>
/\ counter = <<5, 3, 1>>
/\ pc = (0 :> "set_latch" @@ 1 :> "loop" @@ 2 :> "update2")
/\ temp = (0 :> 0 @@ 1 :> 0 @@ 2 :> 3)
/\ files = <<<<2, 4, 5, 10, 3, 14>>, <<3, 5, 1, 7, 9, 4>>>>
/\ current_file = <<3, 9>>
/\ termination_latch = 0
/\ batches = <<<<2, 4, 5, 10, 3, 14>>, <<3, 5, 1, 7, 9, 4>>>>
/\ length = (0 :> -1 @@ 1 :> -1 @@ 2 :> 9)
/\ mutex = 0
/\ batch = <<<<14>>, <<4>>>>
/\ stack = ( 0 :> <<>> @@
  1 :> <<>> @@
  2 :>
      << [ pc |-> "end_cs",
           length |-> -1,
           temp |-> 0,
           procedure |-> "submit_file" ] >> )

@!@!@ENDMSG 2217 @!@!@
@!@!@STARTMSG 2217:4 @!@!@
63: <update2 line 137, col 18 to line 141, col 76 of module cliVerification>
/\ counter = <<5, 4, 1>>
/\ pc = (0 :> "set_latch" @@ 1 :> "loop" @@ 2 :> "submitted")
/\ temp = (0 :> 0 @@ 1 :> 0 @@ 2 :> 3)
/\ files = <<<<2, 4, 5, 10, 3, 14>>, <<3, 5, 1, 7, 9, 4>>>>
/\ current_file = <<3, 9>>
/\ termination_latch = 0
/\ batches = <<<<2, 4, 5, 10, 3, 14>>, <<3, 5, 1, 7, 9, 4>>>>
/\ length = (0 :> -1 @@ 1 :> -1 @@ 2 :> 9)
/\ mutex = 0
/\ batch = <<<<14>>, <<4>>>>
/\ stack = ( 0 :> <<>> @@
  1 :> <<>> @@
  2 :>
      << [ pc |-> "end_cs",
           length |-> -1,
           temp |-> 0,
           procedure |-> "submit_file" ] >> )

@!@!@ENDMSG 2217 @!@!@
@!@!@STARTMSG 2217:4 @!@!@
64: <submitted line 149, col 20 to line 155, col 64 of module cliVerification>
/\ counter = <<5, 4, 1>>
/\ pc = (0 :> "set_latch" @@ 1 :> "loop" @@ 2 :> "end_cs")
/\ temp = (0 :> 0 @@ 1 :> 0 @@ 2 :> 0)
/\ files = <<<<2, 4, 5, 10, 3, 14>>, <<3, 5, 1, 7, 9, 4>>>>
/\ current_file = <<3, 9>>
/\ termination_latch = 0
/\ batches = <<<<2, 4, 5, 10, 3, 14>>, <<3, 5, 1, 7, 9, 4>>>>
/\ length = (0 :> -1 @@ 1 :> -1 @@ 2 :> -1)
/\ mutex = 0
/\ batch = <<<<14>>, <<4>>>>
/\ stack = (0 :> <<>> @@ 1 :> <<>> @@ 2 :> <<>>)

@!@!@ENDMSG 2217 @!@!@
@!@!@STARTMSG 2217:4 @!@!@
65: <end_cs line 219, col 17 to line 223, col 75 of module cliVerification>
/\ counter = <<5, 4, 1>>
/\ pc = (0 :> "set_latch" @@ 1 :> "loop" @@ 2 :> "loop")
/\ temp = (0 :> 0 @@ 1 :> 0 @@ 2 :> 0)
/\ files = <<<<2, 4, 5, 10, 3, 14>>, <<3, 5, 1, 7, 9, 4>>>>
/\ current_file = <<3, 9>>
/\ termination_latch = 0
/\ batches = <<<<2, 4, 5, 10, 3, 14>>, <<3, 5, 1, 7, 9, 4>>>>
/\ length = (0 :> -1 @@ 1 :> -1 @@ 2 :> -1)
/\ mutex = 1
/\ batch = <<<<14>>, <<4>>>>
/\ stack = (0 :> <<>> @@ 1 :> <<>> @@ 2 :> <<>>)

@!@!@ENDMSG 2217 @!@!@
@!@!@STARTMSG 2217:4 @!@!@
66: <loop line 194, col 15 to line 205, col 77 of module cliVerification>
/\ counter = <<5, 4, 1>>
/\ pc = (0 :> "set_latch" @@ 1 :> "loop" @@ 2 :> "CS")
/\ temp = (0 :> 0 @@ 1 :> 0 @@ 2 :> 0)
/\ files = <<<<2, 4, 5, 10, 3, 14>>, <<3, 5, 1, 7, 9, 4>>>>
/\ current_file = <<3, 4>>
/\ termination_latch = 0
/\ batches = <<<<2, 4, 5, 10, 3, 14>>, <<3, 5, 1, 7, 9, 4>>>>
/\ length = (0 :> -1 @@ 1 :> -1 @@ 2 :> -1)
/\ mutex = 0
/\ batch = <<<<14>>, <<>>>>
/\ stack = (0 :> <<>> @@ 1 :> <<>> @@ 2 :> <<>>)

@!@!@ENDMSG 2217 @!@!@
@!@!@STARTMSG 2217:4 @!@!@
67: <CS line 207, col 13 to line 217, col 50 of module cliVerification>
/\ counter = <<5, 4, 1>>
/\ pc = (0 :> "set_latch" @@ 1 :> "loop" @@ 2 :> "Update")
/\ temp = (0 :> 0 @@ 1 :> 0 @@ 2 :> 0)
/\ files = <<<<2, 4, 5, 10, 3, 14>>, <<3, 5, 1, 7, 9, 4>>>>
/\ current_file = <<3, 4>>
/\ termination_latch = 0
/\ batches = <<<<2, 4, 5, 10, 3, 14>>, <<3, 5, 1, 7, 9, 4>>>>
/\ length = (0 :> -1 @@ 1 :> -1 @@ 2 :> 4)
/\ mutex = 0
/\ batch = <<<<14>>, <<>>>>
/\ stack = ( 0 :> <<>> @@
  1 :> <<>> @@
  2 :>
      << [ pc |-> "end_cs",
           length |-> -1,
           temp |-> 0,
           procedure |-> "submit_file" ] >> )

@!@!@ENDMSG 2217 @!@!@
@!@!@STARTMSG 2217:4 @!@!@
68: <Update line 119, col 17 to line 129, col 76 of module cliVerification>
/\ counter = <<5, 4, 1>>
/\ pc = (0 :> "set_latch" @@ 1 :> "loop" @@ 2 :> "update1")
/\ temp = (0 :> 0 @@ 1 :> 0 @@ 2 :> 5)
/\ files = <<<<2, 4, 5, 10, 3, 14>>, <<3, 5, 1, 7, 9, 4>>>>
/\ current_file = <<3, 4>>
/\ termination_latch = 0
/\ batches = <<<<2, 4, 5, 10, 3, 14>>, <<3, 5, 1, 7, 9, 4>>>>
/\ length = (0 :> -1 @@ 1 :> -1 @@ 2 :> 4)
/\ mutex = 0
/\ batch = <<<<14>>, <<>>>>
/\ stack = ( 0 :> <<>> @@
  1 :> <<>> @@
  2 :>
      << [ pc |-> "end_cs",
           length |-> -1,
           temp |-> 0,
           procedure |-> "submit_file" ] >> )

@!@!@ENDMSG 2217 @!@!@
@!@!@STARTMSG 2217:4 @!@!@
69: <update1 line 131, col 18 to line 135, col 76 of module cliVerification>
/\ counter = <<6, 4, 1>>
/\ pc = (0 :> "set_latch" @@ 1 :> "loop" @@ 2 :> "submitted")
/\ temp = (0 :> 0 @@ 1 :> 0 @@ 2 :> 5)
/\ files = <<<<2, 4, 5, 10, 3, 14>>, <<3, 5, 1, 7, 9, 4>>>>
/\ current_file = <<3, 4>>
/\ termination_latch = 0
/\ batches = <<<<2, 4, 5, 10, 3, 14>>, <<3, 5, 1, 7, 9, 4>>>>
/\ length = (0 :> -1 @@ 1 :> -1 @@ 2 :> 4)
/\ mutex = 0
/\ batch = <<<<14>>, <<>>>>
/\ stack = ( 0 :> <<>> @@
  1 :> <<>> @@
  2 :>
      << [ pc |-> "end_cs",
           length |-> -1,
           temp |-> 0,
           procedure |-> "submit_file" ] >> )

@!@!@ENDMSG 2217 @!@!@
@!@!@STARTMSG 2217:4 @!@!@
70: <submitted line 149, col 20 to line 155, col 64 of module cliVerification>
/\ counter = <<6, 4, 1>>
/\ pc = (0 :> "set_latch" @@ 1 :> "loop" @@ 2 :> "end_cs")
/\ temp = (0 :> 0 @@ 1 :> 0 @@ 2 :> 0)
/\ files = <<<<2, 4, 5, 10, 3, 14>>, <<3, 5, 1, 7, 9, 4>>>>
/\ current_file = <<3, 4>>
/\ termination_latch = 0
/\ batches = <<<<2, 4, 5, 10, 3, 14>>, <<3, 5, 1, 7, 9, 4>>>>
/\ length = (0 :> -1 @@ 1 :> -1 @@ 2 :> -1)
/\ mutex = 0
/\ batch = <<<<14>>, <<>>>>
/\ stack = (0 :> <<>> @@ 1 :> <<>> @@ 2 :> <<>>)

@!@!@ENDMSG 2217 @!@!@
@!@!@STARTMSG 2217:4 @!@!@
71: <end_cs line 219, col 17 to line 223, col 75 of module cliVerification>
/\ counter = <<6, 4, 1>>
/\ pc = (0 :> "set_latch" @@ 1 :> "loop" @@ 2 :> "loop")
/\ temp = (0 :> 0 @@ 1 :> 0 @@ 2 :> 0)
/\ files = <<<<2, 4, 5, 10, 3, 14>>, <<3, 5, 1, 7, 9, 4>>>>
/\ current_file = <<3, 4>>
/\ termination_latch = 0
/\ batches = <<<<2, 4, 5, 10, 3, 14>>, <<3, 5, 1, 7, 9, 4>>>>
/\ length = (0 :> -1 @@ 1 :> -1 @@ 2 :> -1)
/\ mutex = 1
/\ batch = <<<<14>>, <<>>>>
/\ stack = (0 :> <<>> @@ 1 :> <<>> @@ 2 :> <<>>)

@!@!@ENDMSG 2217 @!@!@
@!@!@STARTMSG 2217:4 @!@!@
72: <loop line 194, col 15 to line 205, col 77 of module cliVerification>
/\ counter = <<6, 4, 1>>
/\ pc = (0 :> "set_latch" @@ 1 :> "CS" @@ 2 :> "loop")
/\ temp = (0 :> 0 @@ 1 :> 0 @@ 2 :> 0)
/\ files = <<<<2, 4, 5, 10, 3, 14>>, <<3, 5, 1, 7, 9, 4>>>>
/\ current_file = <<14, 4>>
/\ termination_latch = 0
/\ batches = <<<<2, 4, 5, 10, 3, 14>>, <<3, 5, 1, 7, 9, 4>>>>
/\ length = (0 :> -1 @@ 1 :> -1 @@ 2 :> -1)
/\ mutex = 0
/\ batch = <<<<>>, <<>>>>
/\ stack = (0 :> <<>> @@ 1 :> <<>> @@ 2 :> <<>>)

@!@!@ENDMSG 2217 @!@!@
@!@!@STARTMSG 2217:4 @!@!@
73: <CS line 207, col 13 to line 217, col 50 of module cliVerification>
/\ counter = <<6, 4, 1>>
/\ pc = (0 :> "set_latch" @@ 1 :> "Update" @@ 2 :> "loop")
/\ temp = (0 :> 0 @@ 1 :> 0 @@ 2 :> 0)
/\ files = <<<<2, 4, 5, 10, 3, 14>>, <<3, 5, 1, 7, 9, 4>>>>
/\ current_file = <<14, 4>>
/\ termination_latch = 0
/\ batches = <<<<2, 4, 5, 10, 3, 14>>, <<3, 5, 1, 7, 9, 4>>>>
/\ length = (0 :> -1 @@ 1 :> 14 @@ 2 :> -1)
/\ mutex = 0
/\ batch = <<<<>>, <<>>>>
/\ stack = ( 0 :> <<>> @@
  1 :>
      << [ pc |-> "end_cs",
           length |-> -1,
           temp |-> 0,
           procedure |-> "submit_file" ] >> @@
  2 :> <<>> )

@!@!@ENDMSG 2217 @!@!@
@!@!@STARTMSG 2217:4 @!@!@
74: <loop line 194, col 15 to line 205, col 77 of module cliVerification>
/\ counter = <<6, 4, 1>>
/\ pc = (0 :> "set_latch" @@ 1 :> "Update" @@ 2 :> "Done")
/\ temp = (0 :> 0 @@ 1 :> 0 @@ 2 :> 0)
/\ files = <<<<2, 4, 5, 10, 3, 14>>, <<3, 5, 1, 7, 9, 4>>>>
/\ current_file = <<14, 4>>
/\ termination_latch = -1
/\ batches = <<<<2, 4, 5, 10, 3, 14>>, <<3, 5, 1, 7, 9, 4>>>>
/\ length = (0 :> -1 @@ 1 :> 14 @@ 2 :> -1)
/\ mutex = 0
/\ batch = <<<<>>, <<>>>>
/\ stack = ( 0 :> <<>> @@
  1 :>
      << [ pc |-> "end_cs",
           length |-> -1,
           temp |-> 0,
           procedure |-> "submit_file" ] >> @@
  2 :> <<>> )

@!@!@ENDMSG 2217 @!@!@
@!@!@STARTMSG 2217:4 @!@!@
75: <Update line 119, col 17 to line 129, col 76 of module cliVerification>
/\ counter = <<6, 4, 1>>
/\ pc = (0 :> "set_latch" @@ 1 :> "update3" @@ 2 :> "Done")
/\ temp = (0 :> 0 @@ 1 :> 1 @@ 2 :> 0)
/\ files = <<<<2, 4, 5, 10, 3, 14>>, <<3, 5, 1, 7, 9, 4>>>>
/\ current_file = <<14, 4>>
/\ termination_latch = -1
/\ batches = <<<<2, 4, 5, 10, 3, 14>>, <<3, 5, 1, 7, 9, 4>>>>
/\ length = (0 :> -1 @@ 1 :> 14 @@ 2 :> -1)
/\ mutex = 0
/\ batch = <<<<>>, <<>>>>
/\ stack = ( 0 :> <<>> @@
  1 :>
      << [ pc |-> "end_cs",
           length |-> -1,
           temp |-> 0,
           procedure |-> "submit_file" ] >> @@
  2 :> <<>> )

@!@!@ENDMSG 2217 @!@!@
@!@!@STARTMSG 2217:4 @!@!@
76: <update3 line 143, col 18 to line 147, col 76 of module cliVerification>
/\ counter = <<6, 4, 2>>
/\ pc = (0 :> "set_latch" @@ 1 :> "submitted" @@ 2 :> "Done")
/\ temp = (0 :> 0 @@ 1 :> 1 @@ 2 :> 0)
/\ files = <<<<2, 4, 5, 10, 3, 14>>, <<3, 5, 1, 7, 9, 4>>>>
/\ current_file = <<14, 4>>
/\ termination_latch = -1
/\ batches = <<<<2, 4, 5, 10, 3, 14>>, <<3, 5, 1, 7, 9, 4>>>>
/\ length = (0 :> -1 @@ 1 :> 14 @@ 2 :> -1)
/\ mutex = 0
/\ batch = <<<<>>, <<>>>>
/\ stack = ( 0 :> <<>> @@
  1 :>
      << [ pc |-> "end_cs",
           length |-> -1,
           temp |-> 0,
           procedure |-> "submit_file" ] >> @@
  2 :> <<>> )

@!@!@ENDMSG 2217 @!@!@
@!@!@STARTMSG 2217:4 @!@!@
77: <submitted line 149, col 20 to line 155, col 64 of module cliVerification>
/\ counter = <<6, 4, 2>>
/\ pc = (0 :> "set_latch" @@ 1 :> "end_cs" @@ 2 :> "Done")
/\ temp = (0 :> 0 @@ 1 :> 0 @@ 2 :> 0)
/\ files = <<<<2, 4, 5, 10, 3, 14>>, <<3, 5, 1, 7, 9, 4>>>>
/\ current_file = <<14, 4>>
/\ termination_latch = -1
/\ batches = <<<<2, 4, 5, 10, 3, 14>>, <<3, 5, 1, 7, 9, 4>>>>
/\ length = (0 :> -1 @@ 1 :> -1 @@ 2 :> -1)
/\ mutex = 0
/\ batch = <<<<>>, <<>>>>
/\ stack = (0 :> <<>> @@ 1 :> <<>> @@ 2 :> <<>>)

@!@!@ENDMSG 2217 @!@!@
@!@!@STARTMSG 2217:4 @!@!@
78: <end_cs line 219, col 17 to line 223, col 75 of module cliVerification>
/\ counter = <<6, 4, 2>>
/\ pc = (0 :> "set_latch" @@ 1 :> "loop" @@ 2 :> "Done")
/\ temp = (0 :> 0 @@ 1 :> 0 @@ 2 :> 0)
/\ files = <<<<2, 4, 5, 10, 3, 14>>, <<3, 5, 1, 7, 9, 4>>>>
/\ current_file = <<14, 4>>
/\ termination_latch = -1
/\ batches = <<<<2, 4, 5, 10, 3, 14>>, <<3, 5, 1, 7, 9, 4>>>>
/\ length = (0 :> -1 @@ 1 :> -1 @@ 2 :> -1)
/\ mutex = 1
/\ batch = <<<<>>, <<>>>>
/\ stack = (0 :> <<>> @@ 1 :> <<>> @@ 2 :> <<>>)

@!@!@ENDMSG 2217 @!@!@
@!@!@STARTMSG 2217:4 @!@!@
79: <loop line 194, col 15 to line 205, col 77 of module cliVerification>
/\ counter = <<6, 4, 2>>
/\ pc = (0 :> "set_latch" @@ 1 :> "Done" @@ 2 :> "Done")
/\ temp = (0 :> 0 @@ 1 :> 0 @@ 2 :> 0)
/\ files = <<<<2, 4, 5, 10, 3, 14>>, <<3, 5, 1, 7, 9, 4>>>>
/\ current_file = <<14, 4>>
/\ termination_latch = -2
/\ batches = <<<<2, 4, 5, 10, 3, 14>>, <<3, 5, 1, 7, 9, 4>>>>
/\ length = (0 :> -1 @@ 1 :> -1 @@ 2 :> -1)
/\ mutex = 1
/\ batch = <<<<>>, <<>>>>
/\ stack = (0 :> <<>> @@ 1 :> <<>> @@ 2 :> <<>>)

@!@!@ENDMSG 2217 @!@!@
@!@!@STARTMSG 2218:4 @!@!@
80: Stuttering
@!@!@ENDMSG 2218 @!@!@
@!@!@STARTMSG 2267:0 @!@!@
Finished checking temporal properties in 00s at 2023-04-11 02:44:54
@!@!@ENDMSG 2267 @!@!@
@!@!@STARTMSG 2201:0 @!@!@
The coverage statistics at 2023-04-11 02:44:54
@!@!@ENDMSG 2201 @!@!@
@!@!@STARTMSG 2773:0 @!@!@
<Init line 102, col 1 to line 102, col 4 of module cliVerification>: 2:2
@!@!@ENDMSG 2773 @!@!@
@!@!@STARTMSG 2221:0 @!@!@
  line 103, col 9 to line 117, col 72 of module cliVerification: 2
@!@!@ENDMSG 2221 @!@!@
@!@!@STARTMSG 2772:0 @!@!@
<Update line 119, col 1 to line 119, col 12 of module cliVerification>: 106:127
@!@!@ENDMSG 2772 @!@!@
@!@!@STARTMSG 2221:0 @!@!@
  line 119, col 20 to line 119, col 38 of module cliVerification: 2341
@!@!@ENDMSG 2221 @!@!@
@!@!@STARTMSG 2221:0 @!@!@
  |line 119, col 20 to line 119, col 27 of module cliVerification: 2214
@!@!@ENDMSG 2221 @!@!@
@!@!@STARTMSG 2221:0 @!@!@
  line 120, col 23 to line 120, col 38 of module cliVerification: 127
@!@!@ENDMSG 2221 @!@!@
@!@!@STARTMSG 2221:0 @!@!@
  line 121, col 28 to line 122, col 67 of module cliVerification: 63
@!@!@ENDMSG 2221 @!@!@
@!@!@STARTMSG 2221:0 @!@!@
  line 123, col 34 to line 123, col 50 of module cliVerification: 64
@!@!@ENDMSG 2221 @!@!@
@!@!@STARTMSG 2221:0 @!@!@
  line 124, col 39 to line 125, col 78 of module cliVerification: 41
@!@!@ENDMSG 2221 @!@!@
@!@!@STARTMSG 2221:0 @!@!@
  line 126, col 39 to line 127, col 78 of module cliVerification: 23
@!@!@ENDMSG 2221 @!@!@
@!@!@STARTMSG 2221:0 @!@!@
  line 128, col 20 to line 129, col 76 of module cliVerification: 127
@!@!@ENDMSG 2221 @!@!@
@!@!@STARTMSG 2772:0 @!@!@
<update1 line 131, col 1 to line 131, col 13 of module cliVerification>: 51:63
@!@!@ENDMSG 2772 @!@!@
@!@!@STARTMSG 2221:0 @!@!@
  line 131, col 21 to line 131, col 40 of module cliVerification: 2265
@!@!@ENDMSG 2221 @!@!@
@!@!@STARTMSG 2221:0 @!@!@
  |line 131, col 21 to line 131, col 28 of module cliVerification: 2202
@!@!@ENDMSG 2221 @!@!@
@!@!@STARTMSG 2221:0 @!@!@
  line 132, col 21 to line 132, col 69 of module cliVerification: 63
@!@!@ENDMSG 2221 @!@!@
@!@!@STARTMSG 2221:0 @!@!@
  line 133, col 21 to line 133, col 59 of module cliVerification: 63
@!@!@ENDMSG 2221 @!@!@
@!@!@STARTMSG 2221:0 @!@!@
  line 134, col 21 to line 135, col 76 of module cliVerification: 63
@!@!@ENDMSG 2221 @!@!@
@!@!@STARTMSG 2772:0 @!@!@
<update2 line 137, col 1 to line 137, col 13 of module cliVerification>: 35:44
@!@!@ENDMSG 2772 @!@!@
@!@!@STARTMSG 2221:0 @!@!@
  line 137, col 21 to line 137, col 40 of module cliVerification: 2240
@!@!@ENDMSG 2221 @!@!@
@!@!@STARTMSG 2221:0 @!@!@
  |line 137, col 21 to line 137, col 28 of module cliVerification: 2196
@!@!@ENDMSG 2221 @!@!@
@!@!@STARTMSG 2221:0 @!@!@
  line 138, col 21 to line 138, col 69 of module cliVerification: 44
@!@!@ENDMSG 2221 @!@!@
@!@!@STARTMSG 2221:0 @!@!@
  line 139, col 21 to line 139, col 59 of module cliVerification: 44
@!@!@ENDMSG 2221 @!@!@
@!@!@STARTMSG 2221:0 @!@!@
  line 140, col 21 to line 141, col 76 of module cliVerification: 44
@!@!@ENDMSG 2221 @!@!@
@!@!@STARTMSG 2772:0 @!@!@
<update3 line 143, col 1 to line 143, col 13 of module cliVerification>: 18:22
@!@!@ENDMSG 2772 @!@!@
@!@!@STARTMSG 2221:0 @!@!@
  line 143, col 21 to line 143, col 40 of module cliVerification: 2214
@!@!@ENDMSG 2221 @!@!@
@!@!@STARTMSG 2221:0 @!@!@
  |line 143, col 21 to line 143, col 28 of module cliVerification: 2192
@!@!@ENDMSG 2221 @!@!@
@!@!@STARTMSG 2221:0 @!@!@
  line 144, col 21 to line 144, col 69 of module cliVerification: 22
@!@!@ENDMSG 2221 @!@!@
@!@!@STARTMSG 2221:0 @!@!@
  line 145, col 21 to line 145, col 59 of module cliVerification: 22
@!@!@ENDMSG 2221 @!@!@
@!@!@STARTMSG 2221:0 @!@!@
  line 146, col 21 to line 147, col 76 of module cliVerification: 22
@!@!@ENDMSG 2221 @!@!@
@!@!@STARTMSG 2772:0 @!@!@
<submitted line 149, col 1 to line 149, col 15 of module cliVerification>: 106:129
@!@!@ENDMSG 2772 @!@!@
@!@!@STARTMSG 2221:0 @!@!@
  line 149, col 23 to line 149, col 44 of module cliVerification: 2319
@!@!@ENDMSG 2221 @!@!@
@!@!@STARTMSG 2221:0 @!@!@
  |line 149, col 23 to line 149, col 30 of module cliVerification: 2190
@!@!@ENDMSG 2221 @!@!@
@!@!@STARTMSG 2221:0 @!@!@
  line 150, col 23 to line 150, col 70 of module cliVerification: 129
@!@!@ENDMSG 2221 @!@!@
@!@!@STARTMSG 2221:0 @!@!@
  line 151, col 23 to line 151, col 76 of module cliVerification: 129
@!@!@ENDMSG 2221 @!@!@
@!@!@STARTMSG 2221:0 @!@!@
  line 152, col 23 to line 152, col 82 of module cliVerification: 129
@!@!@ENDMSG 2221 @!@!@
@!@!@STARTMSG 2221:0 @!@!@
  line 153, col 23 to line 153, col 73 of module cliVerification: 129
@!@!@ENDMSG 2221 @!@!@
@!@!@STARTMSG 2221:0 @!@!@
  line 154, col 23 to line 155, col 64 of module cliVerification: 129
@!@!@ENDMSG 2221 @!@!@
@!@!@STARTMSG 2772:0 @!@!@
<distr_w1 line 160, col 1 to line 160, col 8 of module cliVerification>: 1:2
@!@!@ENDMSG 2772 @!@!@
@!@!@STARTMSG 2221:0 @!@!@
  line 160, col 16 to line 160, col 33 of module cliVerification: 748
@!@!@ENDMSG 2221 @!@!@
@!@!@STARTMSG 2221:0 @!@!@
  |line 160, col 16 to line 160, col 20 of module cliVerification: 746
@!@!@ENDMSG 2221 @!@!@
@!@!@STARTMSG 2221:0 @!@!@
  line 161, col 16 to line 161, col 58 of module cliVerification: 2
@!@!@ENDMSG 2221 @!@!@
@!@!@STARTMSG 2221:0 @!@!@
  line 162, col 16 to line 162, col 50 of module cliVerification: 2
@!@!@ENDMSG 2221 @!@!@
@!@!@STARTMSG 2221:0 @!@!@
  line 163, col 16 to line 164, col 63 of module cliVerification: 2
@!@!@ENDMSG 2221 @!@!@
@!@!@STARTMSG 2772:0 @!@!@
<distr_w2 line 166, col 1 to line 166, col 8 of module cliVerification>: 1:42
@!@!@ENDMSG 2772 @!@!@
@!@!@STARTMSG 2221:0 @!@!@
  line 166, col 16 to line 166, col 33 of module cliVerification: 787
@!@!@ENDMSG 2221 @!@!@
@!@!@STARTMSG 2221:0 @!@!@
  |line 166, col 16 to line 166, col 20 of module cliVerification: 745
@!@!@ENDMSG 2221 @!@!@
@!@!@STARTMSG 2221:0 @!@!@
  line 167, col 16 to line 167, col 58 of module cliVerification: 42
@!@!@ENDMSG 2221 @!@!@
@!@!@STARTMSG 2221:0 @!@!@
  line 168, col 16 to line 168, col 51 of module cliVerification: 42
@!@!@ENDMSG 2221 @!@!@
@!@!@STARTMSG 2221:0 @!@!@
  line 169, col 16 to line 170, col 63 of module cliVerification: 42
@!@!@ENDMSG 2221 @!@!@
@!@!@STARTMSG 2772:0 @!@!@
<set_latch line 172, col 1 to line 172, col 9 of module cliVerification>: 0:0
@!@!@ENDMSG 2772 @!@!@
@!@!@STARTMSG 2221:0 @!@!@
  line 172, col 17 to line 172, col 35 of module cliVerification: 744
@!@!@ENDMSG 2221 @!@!@
@!@!@STARTMSG 2221:0 @!@!@
  line 173, col 17 to line 173, col 38 of module cliVerification: 0
@!@!@ENDMSG 2221 @!@!@
@!@!@STARTMSG 2221:0 @!@!@
  line 174, col 17 to line 174, col 38 of module cliVerification: 0
@!@!@ENDMSG 2221 @!@!@
@!@!@STARTMSG 2221:0 @!@!@
  line 175, col 17 to line 175, col 51 of module cliVerification: 0
@!@!@ENDMSG 2221 @!@!@
@!@!@STARTMSG 2221:0 @!@!@
  line 176, col 17 to line 177, col 58 of module cliVerification: 0
@!@!@ENDMSG 2221 @!@!@
@!@!@STARTMSG 2772:0 @!@!@
<finished line 179, col 1 to line 179, col 8 of module cliVerification>: 0:0
@!@!@ENDMSG 2772 @!@!@
@!@!@STARTMSG 2221:0 @!@!@
  line 179, col 16 to line 179, col 33 of module cliVerification: 744
@!@!@ENDMSG 2221 @!@!@
@!@!@STARTMSG 2221:0 @!@!@
  line 181, col 16 to line 181, col 46 of module cliVerification: 0
@!@!@ENDMSG 2221 @!@!@
@!@!@STARTMSG 2221:0 @!@!@
  line 182, col 16 to line 183, col 71 of module cliVerification: 0
@!@!@ENDMSG 2221 @!@!@
@!@!@STARTMSG 2772:0 @!@!@
<Count line 187, col 1 to line 187, col 11 of module cliVerification>: 23:84
@!@!@ENDMSG 2772 @!@!@
@!@!@STARTMSG 2221:0 @!@!@
  line 187, col 19 to line 187, col 36 of module cliVerification: 1480
@!@!@ENDMSG 2221 @!@!@
@!@!@STARTMSG 2221:0 @!@!@
  |line 187, col 19 to line 187, col 26 of module cliVerification: 1396
@!@!@ENDMSG 2221 @!@!@
@!@!@STARTMSG 2221:0 @!@!@
  line 188, col 19 to line 188, col 39 of module cliVerification: 209
@!@!@ENDMSG 2221 @!@!@
@!@!@STARTMSG 2221:0 @!@!@
  |line 188, col 19 to line 188, col 31 of module cliVerification: 125
@!@!@ENDMSG 2221 @!@!@
@!@!@STARTMSG 2221:0 @!@!@
  |line 188, col 36 to line 188, col 39 of module cliVerification: 125
@!@!@ENDMSG 2221 @!@!@
@!@!@STARTMSG 2221:0 @!@!@
  line 189, col 19 to line 189, col 65 of module cliVerification: 84
@!@!@ENDMSG 2221 @!@!@
@!@!@STARTMSG 2221:0 @!@!@
  line 190, col 19 to line 190, col 52 of module cliVerification: 84
@!@!@ENDMSG 2221 @!@!@
@!@!@STARTMSG 2221:0 @!@!@
  line 191, col 19 to line 192, col 74 of module cliVerification: 84
@!@!@ENDMSG 2221 @!@!@
@!@!@STARTMSG 2772:0 @!@!@
<loop line 194, col 1 to line 194, col 10 of module cliVerification>: 141:213
@!@!@ENDMSG 2772 @!@!@
@!@!@STARTMSG 2221:0 @!@!@
  line 194, col 18 to line 194, col 34 of module cliVerification: 1607
@!@!@ENDMSG 2221 @!@!@
@!@!@STARTMSG 2221:0 @!@!@
  |line 194, col 18 to line 194, col 25 of module cliVerification: 1394
@!@!@ENDMSG 2221 @!@!@
@!@!@STARTMSG 2221:0 @!@!@
  line 195, col 21 to line 195, col 39 of module cliVerification: 588
@!@!@ENDMSG 2221 @!@!@
@!@!@STARTMSG 2221:0 @!@!@
  line 196, col 29 to line 196, col 93 of module cliVerification: 132
@!@!@ENDMSG 2221 @!@!@
@!@!@STARTMSG 2221:0 @!@!@
  |line 196, col 45 to line 196, col 93 of module cliVerification: 507
@!@!@ENDMSG 2221 @!@!@
@!@!@STARTMSG 2221:0 @!@!@
  line 197, col 29 to line 197, col 79 of module cliVerification: 132
@!@!@ENDMSG 2221 @!@!@
@!@!@STARTMSG 2221:0 @!@!@
  |line 197, col 38 to line 197, col 79 of module cliVerification: 507
@!@!@ENDMSG 2221 @!@!@
@!@!@STARTMSG 2221:0 @!@!@
  line 198, col 29 to line 198, col 37 of module cliVerification: 132
@!@!@ENDMSG 2221 @!@!@
@!@!@STARTMSG 2221:0 @!@!@
  |line 198, col 29 to line 198, col 33 of module cliVerification: 507
@!@!@ENDMSG 2221 @!@!@
@!@!@STARTMSG 2221:0 @!@!@
  line 199, col 29 to line 199, col 46 of module cliVerification: 132
@!@!@ENDMSG 2221 @!@!@
@!@!@STARTMSG 2221:0 @!@!@
  line 200, col 29 to line 200, col 60 of module cliVerification: 132
@!@!@ENDMSG 2221 @!@!@
@!@!@STARTMSG 2221:0 @!@!@
  line 201, col 29 to line 201, col 55 of module cliVerification: 132
@!@!@ENDMSG 2221 @!@!@
@!@!@STARTMSG 2221:0 @!@!@
  line 202, col 29 to line 202, col 70 of module cliVerification: 81
@!@!@ENDMSG 2221 @!@!@
@!@!@STARTMSG 2221:0 @!@!@
  line 203, col 29 to line 203, col 62 of module cliVerification: 81
@!@!@ENDMSG 2221 @!@!@
@!@!@STARTMSG 2221:0 @!@!@
  line 204, col 29 to line 204, col 70 of module cliVerification: 81
@!@!@ENDMSG 2221 @!@!@
@!@!@STARTMSG 2221:0 @!@!@
  line 205, col 18 to line 205, col 77 of module cliVerification: 213
@!@!@ENDMSG 2221 @!@!@
@!@!@STARTMSG 2772:0 @!@!@
<CS line 207, col 1 to line 207, col 8 of module cliVerification>: 106:127
@!@!@ENDMSG 2772 @!@!@
@!@!@STARTMSG 2221:0 @!@!@
  line 207, col 16 to line 207, col 30 of module cliVerification: 1507
@!@!@ENDMSG 2221 @!@!@
@!@!@STARTMSG 2221:0 @!@!@
  |line 207, col 16 to line 207, col 23 of module cliVerification: 1380
@!@!@ENDMSG 2221 @!@!@
@!@!@STARTMSG 2221:0 @!@!@
  line 208, col 16 to line 213, col 67 of module cliVerification: 127
@!@!@ENDMSG 2221 @!@!@
@!@!@STARTMSG 2221:0 @!@!@
  line 214, col 16 to line 214, col 48 of module cliVerification: 127
@!@!@ENDMSG 2221 @!@!@
@!@!@STARTMSG 2221:0 @!@!@
  line 215, col 16 to line 215, col 51 of module cliVerification: 127
@!@!@ENDMSG 2221 @!@!@
@!@!@STARTMSG 2221:0 @!@!@
  line 216, col 16 to line 217, col 50 of module cliVerification: 127
@!@!@ENDMSG 2221 @!@!@
@!@!@STARTMSG 2772:0 @!@!@
<end_cs line 219, col 1 to line 219, col 12 of module cliVerification>: 72:126
@!@!@ENDMSG 2772 @!@!@
@!@!@STARTMSG 2221:0 @!@!@
  line 219, col 20 to line 219, col 38 of module cliVerification: 1494
@!@!@ENDMSG 2221 @!@!@
@!@!@STARTMSG 2221:0 @!@!@
  |line 219, col 20 to line 219, col 27 of module cliVerification: 1368
@!@!@ENDMSG 2221 @!@!@
@!@!@STARTMSG 2221:0 @!@!@
  line 220, col 20 to line 220, col 37 of module cliVerification: 126
@!@!@ENDMSG 2221 @!@!@
@!@!@STARTMSG 2221:0 @!@!@
  line 221, col 20 to line 221, col 53 of module cliVerification: 126
@!@!@ENDMSG 2221 @!@!@
@!@!@STARTMSG 2221:0 @!@!@
  line 222, col 20 to line 223, col 75 of module cliVerification: 126
@!@!@ENDMSG 2221 @!@!@
@!@!@STARTMSG 2772:0 @!@!@
<Terminating line 228, col 1 to line 228, col 11 of module cliVerification>: 0:0
@!@!@ENDMSG 2772 @!@!@
@!@!@STARTMSG 2221:0 @!@!@
  line 228, col 19 to line 228, col 56 of module cliVerification: 668
@!@!@ENDMSG 2221 @!@!@
@!@!@STARTMSG 2221:0 @!@!@
  line 229, col 19 to line 229, col 32 of module cliVerification: 0
@!@!@ENDMSG 2221 @!@!@
@!@!@STARTMSG 2774:0 @!@!@
<Action line 91, col 22 to line 91, col 52 of module cliVerification>
@!@!@ENDMSG 2774 @!@!@
@!@!@STARTMSG 2221:0 @!@!@
  line 91, col 22 to line 91, col 52 of module cliVerification: 661
@!@!@ENDMSG 2221 @!@!@
@!@!@STARTMSG 2221:0 @!@!@
  |line 91, col 24 to line 91, col 51 of module cliVerification: 661
@!@!@ENDMSG 2221 @!@!@
@!@!@STARTMSG 2221:0 @!@!@
  ||line 91, col 24 to line 91, col 35 of module cliVerification: 661
@!@!@ENDMSG 2221 @!@!@
@!@!@STARTMSG 2221:0 @!@!@
  ||line 91, col 40 to line 91, col 51 of module cliVerification: 60
@!@!@ENDMSG 2221 @!@!@
@!@!@STARTMSG 2202:0 @!@!@
End of statistics.
@!@!@ENDMSG 2202 @!@!@
@!@!@STARTMSG 2200:0 @!@!@
Progress(79) at 2023-04-11 02:44:54: 883 states generated (29,898 s/min), 661 distinct states found (22,381 ds/min), 0 states left on queue.
@!@!@ENDMSG 2200 @!@!@
@!@!@STARTMSG 2199:0 @!@!@
883 states generated, 661 distinct states found, 0 states left on queue.
@!@!@ENDMSG 2199 @!@!@
@!@!@STARTMSG 2186:0 @!@!@
Finished in 1780ms at (2023-04-11 02:44:54)
@!@!@ENDMSG 2186 @!@!@
